{"meta": {"version": "6.5.0", "timestamp": "2022-11-23T05:18:59.589146", "branch_coverage": true, "show_contexts": false}, "files": {"gef.py": {"executed_lines": [52, 53, 54, 55, 56, 57, 58, 59, 60, 61, 62, 63, 64, 65, 66, 67, 68, 69, 70, 71, 72, 73, 74, 75, 76, 77, 78, 79, 80, 81, 82, 83, 84, 85, 86, 87, 90, 92, 93, 95, 98, 99, 100, 101, 102, 105, 121, 122, 131, 132, 133, 134, 136, 137, 139, 142, 143, 145, 146, 148, 149, 150, 151, 152, 153, 154, 155, 156, 157, 158, 160, 162, 163, 164, 165, 166, 169, 173, 174, 175, 176, 178, 179, 182, 185, 186, 191, 192, 194, 196, 199, 212, 213, 215, 220, 222, 223, 224, 225, 226, 227, 228, 229, 231, 234, 236, 237, 241, 242, 245, 248, 249, 252, 253, 255, 256, 257, 259, 260, 274, 275, 277, 283, 284, 285, 286, 288, 295, 301, 307, 313, 315, 316, 319, 321, 322, 325, 327, 328, 331, 333, 334, 337, 339, 340, 343, 345, 346, 351, 353, 354, 359, 361, 362, 363, 371, 374, 375, 376, 377, 379, 381, 384, 387, 388, 389, 390, 394, 397, 399, 400, 401, 402, 403, 404, 405, 406, 408, 409, 410, 411, 412, 414, 415, 416, 417, 418, 421, 424, 425, 426, 427, 429, 432, 434, 435, 436, 437, 439, 440, 443, 444, 445, 446, 449, 453, 456, 460, 462, 463, 464, 465, 466, 467, 468, 469, 471, 472, 473, 480, 481, 482, 484, 486, 488, 489, 492, 493, 494, 495, 496, 497, 498, 499, 501, 503, 504, 505, 506, 507, 510, 511, 512, 531, 532, 533, 534, 535, 536, 537, 538, 539, 540, 541, 542, 543, 544, 545, 546, 547, 548, 549, 550, 551, 552, 553, 554, 556, 557, 559, 561, 562, 563, 564, 565, 566, 567, 568, 571, 572, 573, 574, 575, 576, 577, 579, 580, 581, 582, 583, 584, 585, 586, 588, 589, 590, 592, 595, 596, 599, 600, 602, 603, 605, 606, 607, 608, 610, 611, 612, 615, 616, 617, 618, 619, 620, 621, 623, 624, 625, 626, 627, 628, 630, 631, 632, 633, 634, 635, 636, 637, 639, 640, 641, 642, 643, 644, 645, 647, 648, 649, 652, 653, 654, 657, 658, 660, 661, 662, 663, 664, 665, 666, 667, 669, 672, 673, 675, 676, 678, 679, 684, 685, 689, 694, 697, 698, 699, 701, 702, 704, 707, 711, 712, 715, 716, 717, 718, 719, 720, 722, 725, 727, 728, 729, 730, 732, 733, 735, 736, 739, 743, 744, 750, 751, 752, 754, 756, 757, 758, 759, 760, 761, 762, 763, 764, 765, 766, 767, 768, 770, 771, 772, 773, 774, 776, 777, 778, 779, 780, 781, 782, 783, 784, 785, 787, 788, 789, 790, 791, 792, 793, 794, 795, 796, 797, 798, 799, 800, 801, 802, 803, 804, 805, 806, 808, 809, 810, 811, 813, 815, 818, 819, 820, 821, 825, 828, 830, 832, 833, 837, 839, 842, 845, 846, 849, 852, 853, 856, 857, 861, 862, 864, 865, 866, 868, 869, 870, 871, 873, 874, 876, 877, 878, 879, 881, 882, 884, 885, 887, 890, 891, 894, 895, 896, 898, 899, 908, 909, 910, 911, 912, 913, 914, 915, 916, 917, 919, 920, 921, 922, 923, 924, 927, 928, 929, 930, 931, 933, 934, 935, 937, 938, 939, 941, 942, 943, 945, 946, 947, 949, 950, 951, 953, 954, 955, 957, 958, 959, 961, 962, 963, 965, 966, 967, 969, 970, 971, 974, 975, 976, 977, 978, 979, 980, 981, 982, 983, 984, 985, 986, 987, 988, 989, 990, 991, 992, 993, 994, 995, 996, 997, 999, 1000, 1003, 1004, 1005, 1006, 1008, 1009, 1010, 1011, 1012, 1013, 1014, 1015, 1017, 1018, 1020, 1021, 1022, 1023, 1024, 1025, 1026, 1032, 1033, 1035, 1041, 1042, 1043, 1044, 1045, 1046, 1047, 1048, 1049, 1050, 1051, 1052, 1053, 1054, 1055, 1056, 1057, 1058, 1059, 1060, 1061, 1062, 1063, 1064, 1065, 1066, 1067, 1068, 1069, 1070, 1071, 1072, 1073, 1074, 1075, 1076, 1077, 1078, 1079, 1080, 1081, 1082, 1084, 1085, 1088, 1089, 1090, 1091, 1092, 1093, 1094, 1095, 1096, 1097, 1098, 1099, 1100, 1101, 1102, 1103, 1104, 1106, 1107, 1108, 1110, 1111, 1112, 1113, 1114, 1115, 1116, 1117, 1118, 1119, 1120, 1122, 1123, 1125, 1126, 1127, 1128, 1129, 1130, 1131, 1138, 1139, 1140, 1142, 1143, 1144, 1148, 1149, 1151, 1152, 1153, 1154, 1155, 1157, 1163, 1164, 1166, 1167, 1169, 1173, 1174, 1177, 1180, 1182, 1183, 1184, 1185, 1188, 1189, 1191, 1192, 1194, 1195, 1198, 1199, 1202, 1203, 1219, 1222, 1223, 1225, 1226, 1239, 1244, 1250, 1255, 1258, 1261, 1262, 1265, 1266, 1269, 1270, 1274, 1275, 1277, 1278, 1279, 1280, 1281, 1282, 1284, 1285, 1286, 1287, 1291, 1293, 1297, 1306, 1308, 1311, 1315, 1316, 1317, 1319, 1320, 1321, 1326, 1327, 1329, 1330, 1331, 1332, 1333, 1335, 1338, 1339, 1341, 1342, 1344, 1345, 1348, 1349, 1351, 1352, 1353, 1355, 1356, 1358, 1359, 1361, 1363, 1366, 1367, 1368, 1370, 1371, 1374, 1375, 1376, 1378, 1379, 1380, 1382, 1383, 1384, 1386, 1387, 1388, 1390, 1391, 1392, 1394, 1395, 1398, 1399, 1400, 1402, 1403, 1406, 1407, 1410, 1411, 1414, 1415, 1418, 1420, 1421, 1422, 1423, 1425, 1426, 1427, 1428, 1429, 1431, 1436, 1437, 1439, 1440, 1441, 1442, 1444, 1450, 1461, 1462, 1473, 1474, 1478, 1479, 1480, 1481, 1483, 1484, 1490, 1491, 1492, 1493, 1494, 1496, 1504, 1506, 1507, 1508, 1509, 1510, 1511, 1512, 1513, 1514, 1515, 1517, 1518, 1519, 1521, 1522, 1524, 1525, 1528, 1529, 1530, 1532, 1533, 1534, 1536, 1537, 1538, 1540, 1541, 1544, 1545, 1548, 1549, 1552, 1554, 1555, 1556, 1557, 1558, 1560, 1561, 1562, 1564, 1565, 1567, 1568, 1569, 1572, 1574, 1577, 1580, 1582, 1585, 1586, 1589, 1592, 1593, 1594, 1596, 1597, 1599, 1600, 1602, 1603, 1605, 1608, 1612, 1615, 1616, 1618, 1619, 1620, 1622, 1623, 1624, 1625, 1629, 1630, 1631, 1635, 1636, 1638, 1640, 1657, 1658, 1661, 1662, 1666, 1668, 1671, 1673, 1674, 1675, 1676, 1677, 1680, 1687, 1694, 1696, 1699, 1700, 1701, 1702, 1703, 1704, 1705, 1706, 1718, 1720, 1721, 1722, 1723, 1725, 1728, 1731, 1732, 1733, 1734, 1737, 1738, 1739, 1742, 1743, 1744, 1747, 1748, 1749, 1752, 1753, 1754, 1757, 1759, 1762, 1763, 1766, 1769, 1775, 1776, 1778, 1779, 1780, 1782, 1783, 1785, 1788, 1789, 1791, 1792, 1793, 1794, 1795, 1796, 1797, 1798, 1800, 1801, 1802, 1806, 1807, 1808, 1811, 1813, 1814, 1815, 1816, 1819, 1821, 1824, 1825, 1827, 1828, 1829, 1830, 1831, 1833, 1836, 1837, 1844, 1845, 1846, 1848, 1849, 1850, 1851, 1853, 1854, 1855, 1856, 1859, 1867, 1868, 1870, 1871, 1872, 1874, 1875, 1876, 1878, 1879, 1880, 1881, 1885, 1886, 1889, 1891, 1894, 1896, 1899, 1901, 1902, 1905, 1907, 1908, 1911, 1912, 1913, 1914, 1916, 1917, 1918, 1921, 1922, 1923, 1924, 1926, 1928, 1929, 1930, 1931, 1932, 1934, 1936, 1937, 1938, 1941, 1950, 1957, 1959, 1960, 1961, 1962, 1965, 1966, 1974, 1975, 1980, 1981, 1982, 1984, 1985, 1986, 1987, 1988, 1989, 1992, 1999, 2000, 2002, 2003, 2004, 2005, 2006, 2007, 2009, 2011, 2012, 2014, 2016, 2019, 2022, 2026, 2030, 2031, 2032, 2038, 2043, 2046, 2050, 2051, 2056, 2067, 2069, 2072, 2074, 2075, 2078, 2080, 2083, 2088, 2091, 2093, 2094, 2095, 2096, 2097, 2098, 2100, 2101, 2106, 2108, 2109, 2112, 2127, 2128, 2132, 2133, 2135, 2136, 2137, 2139, 2140, 2141, 2145, 2146, 2149, 2150, 2152, 2153, 2160, 2161, 2166, 2170, 2171, 2175, 2176, 2180, 2182, 2183, 2184, 2185, 2188, 2189, 2190, 2191, 2194, 2195, 2196, 2197, 2203, 2204, 2207, 2208, 2209, 2211, 2213, 2214, 2215, 2216, 2217, 2220, 2221, 2224, 2225, 2226, 2227, 2228, 2229, 2230, 2231, 2232, 2233, 2234, 2237, 2238, 2239, 2241, 2242, 2243, 2246, 2249, 2252, 2253, 2257, 2259, 2262, 2265, 2268, 2271, 2274, 2277, 2278, 2280, 2281, 2284, 2285, 2286, 2288, 2290, 2291, 2292, 2294, 2295, 2297, 2298, 2299, 2300, 2303, 2304, 2305, 2307, 2308, 2309, 2310, 2312, 2313, 2316, 2317, 2318, 2320, 2321, 2322, 2324, 2325, 2328, 2329, 2330, 2336, 2338, 2339, 2340, 2341, 2342, 2343, 2348, 2350, 2352, 2353, 2354, 2355, 2358, 2359, 2360, 2361, 2362, 2363, 2364, 2365, 2366, 2367, 2368, 2369, 2370, 2373, 2374, 2375, 2376, 2377, 2382, 2383, 2384, 2385, 2386, 2388, 2389, 2391, 2392, 2395, 2398, 2409, 2410, 2413, 2414, 2422, 2425, 2481, 2490, 2491, 2492, 2493, 2498, 2499, 2500, 2501, 2510, 2511, 2512, 2513, 2515, 2519, 2520, 2526, 2527, 2532, 2533, 2536, 2537, 2541, 2542, 2545, 2550, 2562, 2569, 2573, 2606, 2621, 2622, 2639, 2640, 2641, 2642, 2644, 2650, 2651, 2652, 2663, 2664, 2665, 2667, 2672, 2679, 2683, 2687, 2688, 2698, 2699, 2722, 2729, 2760, 2761, 2762, 2763, 2765, 2766, 2767, 2768, 2769, 2770, 2771, 2772, 2773, 2787, 2788, 2789, 2790, 2792, 2793, 2794, 2795, 2796, 2798, 2799, 2800, 2801, 2803, 2804, 2806, 2807, 2808, 2814, 2816, 2861, 2862, 2863, 2864, 2865, 2866, 2868, 2870, 2871, 2886, 2897, 2898, 2899, 2900, 2902, 2905, 2906, 2907, 2908, 2909, 2911, 2912, 2914, 2915, 2940, 2941, 2943, 2944, 2945, 2946, 2948, 2954, 2955, 2956, 2957, 2958, 2969, 2970, 2971, 2972, 2975, 2982, 2985, 2988, 2993, 3006, 3014, 3015, 3040, 3041, 3042, 3043, 3044, 3047, 3048, 3051, 3052, 3053, 3055, 3061, 3062, 3063, 3064, 3065, 3073, 3074, 3075, 3077, 3084, 3087, 3090, 3099, 3123, 3131, 3132, 3151, 3152, 3156, 3157, 3158, 3160, 3167, 3168, 3175, 3177, 3178, 3197, 3198, 3199, 3200, 3203, 3209, 3210, 3211, 3212, 3213, 3214, 3215, 3216, 3217, 3219, 3222, 3225, 3228, 3233, 3255, 3263, 3264, 3280, 3281, 3282, 3283, 3284, 3286, 3287, 3288, 3291, 3309, 3310, 3311, 3315, 3316, 3317, 3321, 3327, 3333, 3335, 3336, 3339, 3346, 3347, 3351, 3352, 3353, 3354, 3355, 3356, 3359, 3360, 3367, 3368, 3369, 3370, 3371, 3372, 3375, 3377, 3378, 3379, 3380, 3384, 3392, 3393, 3395, 3396, 3397, 3398, 3399, 3402, 3403, 3405, 3406, 3407, 3408, 3410, 3411, 3413, 3415, 3416, 3419, 3422, 3426, 3427, 3430, 3431, 3432, 3434, 3437, 3438, 3441, 3445, 3446, 3447, 3452, 3453, 3456, 3457, 3458, 3462, 3463, 3466, 3467, 3468, 3469, 3472, 3473, 3476, 3477, 3478, 3480, 3481, 3484, 3486, 3487, 3490, 3492, 3493, 3494, 3497, 3499, 3502, 3504, 3505, 3506, 3509, 3511, 3512, 3513, 3514, 3518, 3519, 3520, 3521, 3522, 3523, 3524, 3526, 3527, 3531, 3535, 3538, 3541, 3542, 3543, 3544, 3545, 3546, 3547, 3548, 3551, 3553, 3554, 3557, 3559, 3560, 3563, 3565, 3566, 3591, 3592, 3594, 3597, 3598, 3600, 3603, 3604, 3606, 3609, 3610, 3612, 3615, 3616, 3617, 3620, 3621, 3625, 3633, 3636, 3643, 3645, 3646, 3651, 3652, 3653, 3656, 3659, 3660, 3661, 3662, 3663, 3664, 3667, 3668, 3687, 3690, 3691, 3692, 3705, 3707, 3708, 3710, 3713, 3716, 3718, 3719, 3721, 3724, 3727, 3729, 3732, 3735, 3740, 3746, 3748, 3749, 3750, 3753, 3754, 3755, 3756, 3759, 3761, 3764, 3766, 3767, 3769, 3770, 3771, 3772, 3773, 3775, 3776, 3778, 3779, 3780, 3782, 3785, 3787, 3788, 3791, 3794, 3795, 3796, 3797, 3798, 3801, 3802, 3804, 3805, 3809, 3810, 3812, 3813, 3814, 3815, 3816, 3819, 3822, 3823, 3824, 3825, 3826, 3827, 3828, 3831, 3834, 3836, 3837, 3840, 3841, 3855, 3856, 3860, 3861, 3865, 3866, 3870, 3871, 3876, 3877, 3881, 3882, 3886, 3887, 3891, 3892, 3896, 3897, 3901, 3902, 3906, 3907, 3911, 3912, 3919, 3920, 3921, 3924, 3925, 3929, 3930, 3931, 3934, 3935, 3939, 3940, 3941, 3944, 3945, 3946, 3949, 3950, 3951, 3954, 3955, 3956, 3959, 3960, 3964, 3965, 3969, 3970, 3971, 3974, 3975, 3979, 3980, 3981, 3984, 3985, 3993, 3994, 3996, 3999, 4000, 4002, 4003, 4005, 4006, 4009, 4011, 4012, 4015, 4016, 4021, 4024, 4025, 4026, 4027, 4029, 4042, 4043, 4044, 4045, 4046, 4047, 4048, 4050, 4051, 4052, 4053, 4054, 4056, 4059, 4060, 4061, 4062, 4063, 4064, 4066, 4067, 4072, 4073, 4075, 4076, 4077, 4078, 4080, 4081, 4082, 4083, 4084, 4086, 4087, 4088, 4090, 4093, 4094, 4097, 4103, 4111, 4112, 4114, 4115, 4116, 4117, 4118, 4120, 4121, 4122, 4123, 4124, 4127, 4128, 4130, 4131, 4132, 4133, 4134, 4135, 4137, 4138, 4139, 4143, 4144, 4145, 4148, 4158, 4168, 4170, 4172, 4173, 4174, 4175, 4176, 4178, 4192, 4193, 4196, 4197, 4199, 4200, 4201, 4202, 4204, 4205, 4206, 4207, 4208, 4211, 4212, 4214, 4215, 4216, 4217, 4218, 4219, 4221, 4222, 4223, 4227, 4228, 4236, 4238, 4240, 4242, 4248, 4250, 4253, 4254, 4256, 4257, 4258, 4259, 4261, 4262, 4263, 4264, 4265, 4266, 4267, 4268, 4270, 4271, 4280, 4291, 4293, 4294, 4306, 4308, 4309, 4311, 4312, 4315, 4316, 4318, 4319, 4320, 4321, 4322, 4324, 4325, 4326, 4327, 4328, 4331, 4332, 4334, 4335, 4336, 4337, 4338, 4339, 4341, 4361, 4362, 4364, 4365, 4366, 4367, 4369, 4370, 4371, 4374, 4375, 4377, 4378, 4379, 4380, 4381, 4383, 4393, 4418, 4419, 4421, 4423, 4424, 4428, 4429, 4435, 4437, 4438, 4439, 4440, 4441, 4442, 4444, 4445, 4446, 4447, 4448, 4449, 4454, 4455, 4457, 4458, 4459, 4461, 4462, 4463, 4464, 4467, 4468, 4469, 4470, 4471, 4472, 4473, 4474, 4475, 4476, 4477, 4478, 4479, 4480, 4481, 4482, 4483, 4484, 4486, 4487, 4488, 4489, 4490, 4491, 4494, 4495, 4498, 4500, 4501, 4502, 4504, 4507, 4508, 4510, 4511, 4513, 4514, 4515, 4517, 4518, 4519, 4520, 4522, 4523, 4525, 4527, 4528, 4531, 4532, 4533, 4535, 4536, 4539, 4540, 4542, 4543, 4546, 4548, 4549, 4550, 4551, 4552, 4553, 4555, 4557, 4558, 4559, 4561, 4562, 4565, 4569, 4570, 4571, 4572, 4573, 4575, 4576, 4577, 4578, 4579, 4582, 4583, 4584, 4586, 4587, 4588, 4590, 4591, 4592, 4593, 4594, 4596, 4597, 4598, 4599, 4604, 4605, 4606, 4607, 4609, 4610, 4611, 4614, 4615, 4616, 4618, 4619, 4621, 4622, 4623, 4629, 4631, 4632, 4633, 4634, 4636, 4637, 4639, 4646, 4647, 4648, 4650, 4651, 4653, 4654, 4658, 4659, 4660, 4662, 4663, 4664, 4665, 4666, 4668, 4669, 4670, 4671, 4672, 4674, 4675, 4676, 4677, 4678, 4679, 4680, 4683, 4684, 4685, 4688, 4689, 4693, 4699, 4700, 4703, 4704, 4705, 4707, 4708, 4710, 4711, 4712, 4714, 4715, 4716, 4717, 4720, 4721, 4722, 4724, 4725, 4727, 4728, 4729, 4730, 4734, 4735, 4738, 4743, 4745, 4746, 4747, 4748, 4749, 4752, 4753, 4754, 4756, 4757, 4759, 4760, 4761, 4762, 4764, 4766, 4770, 4771, 4774, 4775, 4778, 4779, 4780, 4782, 4783, 4785, 4786, 4788, 4789, 4794, 4797, 4800, 4801, 4803, 4805, 4808, 4809, 4812, 4813, 4814, 4816, 4817, 4819, 4821, 4822, 4826, 4830, 4834, 4835, 4836, 4837, 4838, 4839, 4840, 4841, 4844, 4845, 4847, 4848, 4852, 4855, 4856, 4857, 4859, 4860, 4862, 4879, 4880, 4881, 4883, 4884, 4886, 4903, 4904, 4905, 4907, 4908, 4909, 4912, 4913, 4914, 4915, 4916, 4918, 4919, 4920, 4922, 4923, 4924, 4925, 4926, 4928, 4929, 4930, 4931, 4932, 4933, 4934, 4935, 4938, 4940, 4941, 4942, 4943, 4944, 4945, 4949, 4950, 4951, 4952, 4957, 4959, 4960, 4961, 4962, 4963, 4966, 4969, 4970, 4971, 4973, 4974, 4976, 4977, 4978, 4980, 4981, 4985, 4986, 4990, 4991, 4992, 4995, 4996, 4997, 5000, 5001, 5002, 5004, 5005, 5006, 5008, 5009, 5010, 5011, 5012, 5013, 5014, 5015, 5016, 5018, 5019, 5020, 5021, 5022, 5023, 5024, 5025, 5027, 5028, 5029, 5031, 5032, 5034, 5035, 5036, 5037, 5038, 5039, 5041, 5042, 5043, 5044, 5045, 5048, 5050, 5051, 5052, 5053, 5054, 5055, 5057, 5059, 5060, 5061, 5062, 5063, 5064, 5072, 5073, 5074, 5076, 5077, 5078, 5082, 5083, 5084, 5085, 5086, 5088, 5089, 5090, 5091, 5092, 5093, 5094, 5097, 5099, 5103, 5105, 5120, 5124, 5125, 5126, 5127, 5128, 5129, 5151, 5152, 5153, 5155, 5156, 5158, 5159, 5160, 5161, 5162, 5163, 5164, 5165, 5166, 5167, 5168, 5169, 5170, 5171, 5172, 5173, 5174, 5175, 5176, 5177, 5179, 5180, 5181, 5183, 5184, 5185, 5186, 5187, 5188, 5190, 5191, 5192, 5193, 5195, 5196, 5197, 5198, 5200, 5201, 5202, 5205, 5206, 5207, 5208, 5209, 5210, 5211, 5213, 5215, 5217, 5218, 5220, 5221, 5222, 5223, 5224, 5225, 5226, 5227, 5228, 5229, 5230, 5232, 5234, 5235, 5236, 5237, 5238, 5239, 5240, 5242, 5244, 5249, 5250, 5252, 5253, 5259, 5260, 5263, 5264, 5265, 5266, 5267, 5268, 5270, 5276, 5277, 5278, 5279, 5280, 5282, 5284, 5286, 5288, 5289, 5290, 5291, 5292, 5293, 5294, 5296, 5297, 5311, 5312, 5313, 5314, 5315, 5316, 5318, 5319, 5320, 5321, 5323, 5325, 5326, 5327, 5328, 5329, 5330, 5332, 5335, 5336, 5337, 5338, 5339, 5342, 5343, 5344, 5347, 5350, 5352, 5353, 5354, 5355, 5357, 5358, 5359, 5360, 5361, 5362, 5363, 5365, 5372, 5373, 5374, 5376, 5377, 5378, 5379, 5381, 5382, 5383, 5384, 5385, 5387, 5388, 5389, 5390, 5391, 5393, 5394, 5400, 5401, 5403, 5404, 5405, 5406, 5409, 5410, 5411, 5418, 5419, 5421, 5422, 5423, 5424, 5425, 5426, 5427, 5428, 5430, 5431, 5432, 5433, 5434, 5435, 5437, 5439, 5440, 5441, 5443, 5444, 5445, 5447, 5448, 5449, 5450, 5451, 5452, 5454, 5455, 5456, 5458, 5459, 5460, 5461, 5464, 5465, 5466, 5468, 5469, 5471, 5472, 5473, 5475, 5477, 5478, 5479, 5480, 5481, 5482, 5483, 5484, 5485, 5488, 5489, 5490, 5492, 5493, 5494, 5496, 5497, 5498, 5500, 5501, 5505, 5506, 5507, 5508, 5509, 5510, 5512, 5513, 5516, 5517, 5518, 5520, 5521, 5522, 5524, 5525, 5526, 5528, 5537, 5549, 5562, 5563, 5564, 5566, 5567, 5568, 5570, 5571, 5572, 5627, 5633, 5634, 5635, 5638, 5639, 5640, 5641, 5643, 5644, 5645, 5649, 5650, 5652, 5655, 5656, 5658, 5661, 5662, 5664, 5668, 5672, 5673, 5674, 5675, 5676, 5678, 5679, 5681, 5682, 5683, 5687, 5688, 5689, 5690, 5691, 5692, 5693, 5694, 5698, 5701, 5702, 5703, 5706, 5707, 5708, 5709, 5714, 5715, 5716, 5717, 5718, 5720, 5721, 5722, 5723, 5725, 5726, 5727, 5728, 5730, 5731, 5732, 5734, 5736, 5737, 5738, 5740, 5741, 5742, 5746, 5747, 5751, 5752, 5753, 5754, 5755, 5757, 5758, 5759, 5761, 5763, 5765, 5768, 5769, 5771, 5772, 5773, 5777, 5778, 5781, 5782, 5783, 5784, 5785, 5786, 5787, 5788, 5790, 5792, 5794, 5796, 5798, 5799, 5800, 5801, 5803, 5804, 5805, 5807, 5808, 5809, 5810, 5811, 5812, 5814, 5815, 5817, 5818, 5819, 5820, 5824, 5825, 5826, 5828, 5829, 5831, 5832, 5834, 5836, 5837, 5839, 5843, 5849, 5868, 5869, 5870, 5873, 5874, 5875, 5877, 5878, 5879, 5880, 5883, 5884, 5888, 5889, 5892, 5893, 5895, 5899, 5903, 5904, 5905, 5906, 5907, 5908, 5909, 5911, 5913, 5915, 5916, 5919, 5920, 5921, 5927, 5928, 5929, 5933, 5934, 5935, 5937, 5938, 5939, 5944, 5945, 5950, 5951, 5952, 5953, 5954, 5964, 5965, 5966, 5967, 5968, 5969, 5972, 5973, 5974, 5977, 5978, 5981, 5983, 5984, 5985, 5987, 5988, 5989, 5990, 5991, 5992, 5993, 5994, 5996, 5997, 5999, 6000, 6001, 6002, 6003, 6005, 6006, 6007, 6010, 6011, 6012, 6015, 6016, 6019, 6021, 6022, 6023, 6025, 6026, 6027, 6028, 6029, 6030, 6031, 6034, 6035, 6036, 6038, 6039, 6041, 6042, 6043, 6045, 6046, 6051, 6052, 6053, 6055, 6056, 6057, 6059, 6060, 6061, 6063, 6064, 6067, 6071, 6072, 6074, 6075, 6078, 6080, 6081, 6085, 6086, 6089, 6090, 6091, 6093, 6094, 6096, 6097, 6098, 6099, 6100, 6103, 6104, 6105, 6108, 6109, 6111, 6112, 6113, 6115, 6116, 6117, 6118, 6119, 6124, 6125, 6127, 6128, 6129, 6132, 6133, 6134, 6135, 6137, 6138, 6141, 6143, 6144, 6147, 6148, 6149, 6152, 6153, 6154, 6157, 6158, 6159, 6160, 6162, 6163, 6164, 6165, 6166, 6167, 6168, 6169, 6171, 6172, 6173, 6176, 6178, 6179, 6189, 6191, 6192, 6193, 6194, 6195, 6196, 6198, 6200, 6204, 6205, 6206, 6207, 6208, 6211, 6212, 6213, 6216, 6217, 6218, 6220, 6221, 6222, 6224, 6225, 6239, 6240, 6241, 6243, 6244, 6248, 6250, 6253, 6255, 6256, 6257, 6258, 6260, 6262, 6263, 6264, 6265, 6266, 6267, 6269, 6270, 6271, 6274, 6275, 6276, 6279, 6280, 6282, 6284, 6285, 6286, 6288, 6289, 6291, 6295, 6296, 6301, 6302, 6303, 6304, 6308, 6310, 6311, 6312, 6314, 6316, 6317, 6321, 6322, 6323, 6324, 6325, 6326, 6327, 6331, 6332, 6334, 6335, 6336, 6337, 6339, 6343, 6345, 6346, 6347, 6349, 6354, 6355, 6356, 6357, 6358, 6359, 6360, 6362, 6363, 6365, 6366, 6368, 6369, 6371, 6374, 6385, 6387, 6388, 6405, 6406, 6408, 6412, 6423, 6427, 6431, 6432, 6434, 6435, 6436, 6439, 6440, 6441, 6444, 6445, 6447, 6448, 6449, 6451, 6452, 6453, 6454, 6455, 6457, 6458, 6462, 6463, 6464, 6466, 6467, 6471, 6472, 6473, 6474, 6475, 6478, 6479, 6480, 6482, 6483, 6484, 6488, 6491, 6493, 6494, 6495, 6501, 6502, 6505, 6506, 6507, 6510, 6511, 6513, 6514, 6515, 6517, 6518, 6519, 6520, 6521, 6524, 6525, 6526, 6527, 6528, 6529, 6532, 6533, 6534, 6536, 6537, 6539, 6540, 6541, 6543, 6544, 6545, 6546, 6547, 6551, 6552, 6553, 6554, 6555, 6556, 6558, 6559, 6560, 6561, 6564, 6565, 6566, 6568, 6569, 6571, 6572, 6573, 6575, 6576, 6577, 6578, 6579, 6583, 6584, 6585, 6586, 6587, 6588, 6590, 6591, 6592, 6593, 6596, 6597, 6598, 6600, 6601, 6602, 6604, 6605, 6606, 6607, 6608, 6611, 6612, 6615, 6616, 6617, 6618, 6619, 6620, 6621, 6623, 6624, 6626, 6627, 6628, 6631, 6632, 6633, 6635, 6636, 6637, 6640, 6641, 6642, 6643, 6644, 6645, 6646, 6648, 6649, 6650, 6651, 6652, 6653, 6654, 6655, 6658, 6659, 6660, 6661, 6662, 6664, 6665, 6666, 6669, 6671, 6676, 6677, 6678, 6679, 6681, 6684, 6685, 6686, 6687, 6689, 6691, 6692, 6693, 6694, 6696, 6697, 6698, 6700, 6701, 6703, 6704, 6705, 6706, 6709, 6710, 6711, 6712, 6713, 6714, 6715, 6716, 6718, 6720, 6721, 6722, 6725, 6726, 6727, 6730, 6731, 6733, 6734, 6735, 6737, 6738, 6739, 6740, 6743, 6744, 6745, 6747, 6748, 6749, 6751, 6752, 6754, 6755, 6760, 6761, 6763, 6765, 6767, 6768, 6772, 6775, 6776, 6778, 6779, 6780, 6781, 6782, 6783, 6784, 6785, 6786, 6788, 6789, 6792, 6793, 6794, 6796, 6797, 6798, 6800, 6801, 6803, 6804, 6809, 6814, 6815, 6817, 6818, 6819, 6820, 6821, 6822, 6824, 6825, 6826, 6827, 6828, 6829, 6830, 6833, 6834, 6835, 6838, 6839, 6840, 6841, 6843, 6844, 6845, 6846, 6848, 6849, 6850, 6851, 6852, 6853, 6854, 6856, 6857, 6858, 6860, 6861, 6863, 6864, 6865, 6866, 6867, 6869, 6874, 6875, 6877, 6879, 6880, 6881, 6883, 6884, 6885, 6887, 6888, 6889, 6891, 6893, 6895, 6898, 6899, 6900, 6903, 6904, 6905, 6907, 6908, 6909, 6911, 6912, 6913, 6915, 6919, 6920, 6923, 6924, 6929, 6946, 6947, 6949, 6950, 6952, 6955, 6956, 6957, 6959, 6962, 6963, 6964, 6967, 6968, 6969, 6971, 6973, 6976, 6977, 6978, 6982, 6983, 6984, 6986, 6987, 6988, 6989, 6991, 6992, 6993, 6997, 7001, 7002, 7003, 7005, 7006, 7008, 7009, 7010, 7011, 7012, 7013, 7014, 7039, 7044, 7056, 7057, 7058, 7060, 7061, 7062, 7063, 7065, 7066, 7067, 7069, 7070, 7071, 7072, 7077, 7078, 7081, 7082, 7083, 7088, 7089, 7090, 7092, 7094, 7095, 7096, 7097, 7098, 7099, 7100, 7101, 7102, 7103, 7104, 7105, 7106, 7107, 7108, 7109, 7110, 7111, 7112, 7113, 7114, 7115, 7117, 7130, 7131, 7133, 7134, 7135, 7136, 7138, 7139, 7141, 7142, 7143, 7144, 7145, 7147, 7152, 7154, 7155, 7156, 7157, 7159, 7163, 7166, 7168, 7171, 7173, 7174, 7177, 7178, 7179, 7181, 7182, 7183, 7186, 7188, 7196, 7198, 7199, 7201, 7203, 7205, 7207, 7210, 7211, 7214, 7215, 7216, 7218, 7219, 7220, 7224, 7225, 7227, 7228, 7230, 7231, 7232, 7234, 7235, 7236, 7237, 7238, 7300, 7301, 7303, 7304, 7306, 7307, 7308, 7312, 7317, 7319, 7320, 7322, 7323, 7324, 7325, 7326, 7327, 7328, 7329, 7330, 7332, 7333, 7335, 7337, 7340, 7341, 7342, 7343, 7344, 7346, 7347, 7349, 7350, 7352, 7353, 7355, 7356, 7358, 7367, 7369, 7370, 7373, 7375, 7377, 7378, 7379, 7383, 7388, 7389, 7390, 7392, 7393, 7394, 7395, 7430, 7450, 7512, 7513, 7514, 7516, 7517, 7518, 7519, 7520, 7522, 7523, 7526, 7527, 7528, 7530, 7531, 7533, 7534, 7535, 7536, 7538, 7539, 7540, 7541, 7542, 7543, 7544, 7545, 7547, 7548, 7551, 7553, 7554, 7556, 7557, 7558, 7559, 7560, 7561, 7562, 7563, 7565, 7566, 7567, 7568, 7569, 7570, 7572, 7573, 7574, 7575, 7576, 7577, 7578, 7579, 7580, 7581, 7582, 7590, 7591, 7595, 7596, 7597, 7599, 7600, 7603, 7605, 7606, 7608, 7609, 7613, 7617, 7618, 7619, 7620, 7624, 7625, 7626, 7628, 7629, 7630, 7633, 7634, 7635, 7636, 7637, 7638, 7639, 7642, 7644, 7645, 7646, 7647, 7650, 7651, 7652, 7656, 7658, 7660, 7661, 7662, 7663, 7666, 7667, 7669, 7670, 7671, 7672, 7675, 7676, 7677, 7678, 7679, 7681, 7683, 7684, 7685, 7690, 7692, 7693, 7694, 7697, 7700, 7704, 7705, 7707, 7708, 7709, 7710, 7711, 7713, 7714, 7715, 7716, 7717, 7720, 7721, 7722, 7726, 7731, 7732, 7734, 7735, 7736, 7738, 7739, 7740, 7742, 7743, 7744, 7745, 7748, 7750, 7751, 7752, 7753, 7754, 7757, 7759, 7760, 7761, 7762, 7763, 7764, 7765, 7766, 7768, 7769, 7770, 7773, 7774, 7775, 7776, 7777, 7779, 7780, 7781, 7783, 7784, 7789, 7790, 7791, 7792, 7793, 7794, 7797, 7798, 7799, 7801, 7802, 7803, 7807, 7808, 7809, 7811, 7812, 7813, 7818, 7820, 7821, 7823, 7824, 7825, 7828, 7829, 7830, 7831, 7832, 7833, 7836, 7837, 7838, 7840, 7841, 7842, 7846, 7847, 7848, 7849, 7852, 7855, 7856, 7857, 7858, 7859, 7861, 7862, 7863, 7864, 7865, 7868, 7869, 7870, 7871, 7872, 7874, 7875, 7876, 7877, 7878, 7886, 7887, 7888, 7890, 7891, 7892, 7894, 7895, 7896, 7897, 7898, 7899, 7901, 7902, 7903, 7904, 7905, 7909, 7910, 7911, 7912, 7914, 7915, 7916, 7917, 7918, 7920, 7921, 7923, 7924, 7926, 7927, 7928, 7930, 7931, 7933, 7934, 7936, 7942, 7943, 7944, 7945, 7947, 7948, 7949, 7950, 7951, 7952, 7953, 7954, 7955, 7957, 7959, 7961, 7964, 7965, 7966, 7968, 7969, 7970, 7972, 7973, 7974, 7975, 7978, 7979, 7980, 7982, 7983, 7984, 7986, 7987, 7988, 7989, 7992, 7993, 7994, 7996, 7997, 7998, 8000, 8001, 8002, 8003, 8006, 8007, 8008, 8010, 8011, 8012, 8014, 8015, 8016, 8017, 8020, 8021, 8022, 8024, 8025, 8027, 8034, 8035, 8036, 8037, 8039, 8040, 8041, 8042, 8043, 8047, 8051, 8052, 8053, 8055, 8056, 8057, 8058, 8059, 8064, 8065, 8066, 8067, 8068, 8069, 8070, 8073, 8074, 8075, 8077, 8078, 8079, 8081, 8082, 8083, 8084, 8087, 8088, 8089, 8091, 8092, 8093, 8095, 8096, 8097, 8098, 8101, 8102, 8103, 8105, 8106, 8107, 8109, 8110, 8111, 8112, 8115, 8116, 8117, 8119, 8120, 8121, 8123, 8124, 8125, 8126, 8129, 8130, 8131, 8133, 8134, 8135, 8137, 8138, 8139, 8140, 8144, 8145, 8147, 8148, 8153, 8154, 8157, 8158, 8159, 8162, 8163, 8164, 8165, 8166, 8167, 8169, 8170, 8173, 8175, 8179, 8180, 8182, 8183, 8185, 8186, 8187, 8188, 8189, 8192, 8193, 8194, 8195, 8196, 8197, 8199, 8200, 8201, 8202, 8203, 8204, 8205, 8207, 8209, 8210, 8213, 8214, 8215, 8217, 8220, 8221, 8222, 8225, 8226, 8227, 8228, 8230, 8231, 8232, 8233, 8235, 8236, 8237, 8238, 8240, 8241, 8243, 8244, 8245, 8246, 8247, 8248, 8252, 8254, 8255, 8256, 8257, 8259, 8260, 8261, 8263, 8264, 8266, 8267, 8268, 8269, 8270, 8272, 8273, 8275, 8276, 8278, 8279, 8280, 8282, 8286, 8291, 8292, 8293, 8295, 8296, 8298, 8299, 8301, 8304, 8305, 8306, 8309, 8310, 8312, 8313, 8315, 8316, 8317, 8318, 8321, 8322, 8323, 8325, 8327, 8328, 8330, 8331, 8332, 8333, 8334, 8346, 8347, 8348, 8351, 8352, 8354, 8355, 8356, 8359, 8360, 8361, 8364, 8365, 8366, 8368, 8369, 8370, 8371, 8375, 8376, 8378, 8380, 8381, 8383, 8384, 8385, 8386, 8387, 8388, 8389, 8393, 8395, 8396, 8397, 8398, 8399, 8401, 8402, 8404, 8409, 8412, 8414, 8415, 8417, 8418, 8420, 8421, 8422, 8423, 8425, 8429, 8431, 8432, 8433, 8434, 8435, 8439, 8440, 8441, 8446, 8447, 8448, 8450, 8451, 8452, 8453, 8454, 8456, 8457, 8459, 8460, 8466, 8472, 8473, 8476, 8477, 8478, 8480, 8481, 8482, 8484, 8485, 8486, 8488, 8489, 8490, 8491, 8492, 8493, 8495, 8496, 8497, 8498, 8499, 8503, 8505, 8506, 8507, 8511, 8512, 8514, 8515, 8522, 8527, 8528, 8535, 8538, 8539, 8540, 8543, 8544, 8546, 8547, 8548, 8550, 8555, 8556, 8557, 8560, 8561, 8562, 8564, 8565, 8566, 8570, 8571, 8572, 8573, 8574, 8576, 8577, 8579, 8580, 8581, 8584, 8585, 8586, 8589, 8590, 8591, 8593, 8594, 8595, 8599, 8600, 8601, 8602, 8603, 8604, 8605, 8606, 8609, 8610, 8611, 8615, 8616, 8617, 8619, 8620, 8621, 8622, 8623, 8625, 8626, 8627, 8631, 8634, 8636, 8637, 8638, 8643, 8644, 8646, 8647, 8648, 8649, 8650, 8651, 8652, 8654, 8655, 8656, 8657, 8658, 8659, 8660, 8661, 8662, 8663, 8665, 8666, 8667, 8669, 8677, 8678, 8679, 8681, 8682, 8684, 8686, 8687, 8689, 8690, 8694, 8696, 8699, 8700, 8701, 8705, 8706, 8708, 8709, 8710, 8711, 8713, 8718, 8719, 8720, 8724, 8725, 8726, 8728, 8729, 8730, 8731, 8732, 8733, 8734, 8735, 8736, 8737, 8740, 8741, 8742, 8747, 8748, 8749, 8752, 8754, 8755, 8756, 8757, 8758, 8762, 8763, 8764, 8767, 8768, 8770, 8771, 8774, 8775, 8776, 8777, 8778, 8780, 8781, 8782, 8783, 8786, 8787, 8789, 8790, 8791, 8792, 8793, 8795, 8797, 8798, 8803, 8804, 8807, 8808, 8809, 8817, 8818, 8819, 8821, 8822, 8823, 8825, 8826, 8828, 8829, 8830, 8842, 8843, 8844, 8846, 8847, 8848, 8849, 8850, 8851, 8852, 8856, 8858, 8859, 8860, 8861, 8864, 8867, 8868, 8869, 8871, 8872, 8873, 8875, 8876, 8877, 8879, 8881, 8883, 8884, 8885, 8887, 8891, 8892, 8894, 8895, 8896, 8897, 8900, 8901, 8902, 8903, 8905, 8913, 8914, 8916, 8918, 8919, 8922, 8923, 8924, 8926, 8929, 8930, 8933, 8936, 8939, 8941, 8942, 8943, 8944, 8947, 8948, 8949, 8950, 8951, 8952, 8954, 8955, 8956, 8958, 8962, 8963, 8964, 8965, 8966, 8967, 8969, 8980, 8984, 8985, 8986, 8987, 8988, 8989, 8991, 8995, 8996, 8997, 8998, 8999, 9000, 9001, 9003, 9004, 9007, 9008, 9009, 9012, 9013, 9014, 9015, 9016, 9017, 9024, 9026, 9034, 9035, 9036, 9040, 9041, 9042, 9044, 9045, 9053, 9055, 9056, 9057, 9058, 9059, 9061, 9063, 9066, 9067, 9068, 9075, 9076, 9078, 9079, 9080, 9081, 9082, 9083, 9084, 9086, 9087, 9088, 9089, 9090, 9092, 9093, 9094, 9095, 9096, 9097, 9103, 9104, 9105, 9106, 9107, 9108, 9109, 9110, 9112, 9113, 9115, 9117, 9121, 9122, 9124, 9142, 9145, 9146, 9147, 9148, 9149, 9150, 9153, 9155, 9157, 9158, 9160, 9161, 9162, 9164, 9165, 9167, 9168, 9174, 9175, 9180, 9181, 9183, 9184, 9185, 9187, 9188, 9190, 9191, 9192, 9193, 9195, 9196, 9197, 9198, 9199, 9200, 9202, 9206, 9207, 9208, 9209, 9210, 9212, 9213, 9214, 9217, 9220, 9221, 9222, 9223, 9224, 9226, 9227, 9228, 9232, 9235, 9236, 9237, 9239, 9240, 9241, 9243, 9244, 9245, 9246, 9247, 9248, 9253, 9254, 9255, 9256, 9260, 9263, 9264, 9265, 9266, 9267, 9268, 9270, 9271, 9272, 9274, 9277, 9278, 9279, 9280, 9281, 9282, 9284, 9285, 9286, 9288, 9291, 9292, 9293, 9294, 9295, 9297, 9298, 9299, 9300, 9301, 9303, 9305, 9306, 9308, 9309, 9310, 9311, 9312, 9313, 9314, 9316, 9319, 9320, 9321, 9322, 9324, 9326, 9327, 9329, 9330, 9331, 9332, 9333, 9334, 9336, 9337, 9338, 9339, 9341, 9342, 9348, 9349, 9351, 9352, 9354, 9355, 9356, 9357, 9358, 9359, 9360, 9361, 9362, 9363, 9364, 9366, 9367, 9368, 9369, 9371, 9372, 9376, 9377, 9381, 9382, 9386, 9387, 9389, 9390, 9391, 9392, 9393, 9394, 9395, 9398, 9399, 9401, 9402, 9411, 9412, 9413, 9414, 9415, 9416, 9417, 9418, 9431, 9432, 9445, 9447, 9448, 9449, 9450, 9452, 9453, 9454, 9455, 9457, 9474, 9476, 9477, 9478, 9479, 9480, 9481, 9484, 9485, 9486, 9487, 9488, 9491, 9492, 9493, 9494, 9495, 9498, 9499, 9500, 9501, 9503, 9504, 9509, 9510, 9513, 9514, 9518, 9519, 9524, 9525, 9529, 9532, 9533, 9534, 9535, 9537, 9538, 9539, 9540, 9541, 9542, 9544, 9545, 9546, 9547, 9548, 9550, 9552, 9553, 9555, 9556, 9557, 9558, 9559, 9560, 9562, 9564, 9565, 9567, 9568, 9569, 9570, 9571, 9572, 9574, 9577, 9580, 9581, 9582, 9585, 9586, 9592, 9593, 9595, 9596, 9597, 9599, 9600, 9601, 9602, 9604, 9608, 9609, 9610, 9611, 9613, 9614, 9615, 9616, 9617, 9618, 9619, 9623, 9625, 9626, 9628, 9629, 9630, 9631, 9633, 9636, 9637, 9638, 9639, 9641, 9643, 9645, 9646, 9647, 9648, 9650, 9651, 9652, 9653, 9655, 9657, 9659, 9663, 9664, 9665, 9669, 9673, 9674, 9675, 9676, 9678, 9680, 9685, 9686, 9688, 9703, 9704, 9706, 9707, 9709, 9710, 9711, 9713, 9714, 9715, 9716, 9719, 9720, 9721, 9723, 9724, 9725, 9727, 9730, 9731, 9732, 9734, 9735, 9737, 9738, 9741, 9742, 9744, 9745, 9747, 9748, 9749, 9750, 9752, 9759, 9760, 9761, 9763, 9764, 9766, 9767, 9768, 9771, 9774, 9775, 9776, 9777, 9780, 9781, 9782, 9783, 9785, 9787, 9790, 9791, 9795, 9796, 9798, 9799, 9800, 9802, 9814, 9815, 9816, 9817, 9819, 9820, 9821, 9823, 9824, 9825, 9826, 9827, 9828, 9829, 9830, 9834, 9835, 9838, 9839, 9841, 9842, 9844, 9845, 9846, 9848, 9860, 9861, 9863, 9864, 9865, 9868, 9869, 9871, 9872, 9873, 9874, 9875, 9876, 9877, 9878, 9880, 9883, 9884, 9885, 9887, 9888, 9889, 9891, 9893, 9894, 9895, 9897, 9900, 9901, 9902, 9904, 9905, 9907, 9908, 9909, 9911, 9916, 9917, 9918, 9920, 9921, 9922, 9924, 9925, 9926, 9928, 9929, 9932, 9933, 9936, 9937, 9938, 9940, 9941, 9943, 9944, 9945, 9947, 9949, 9952, 9953, 9954, 9958, 9959, 9962, 9963, 9964, 9966, 9967, 9969, 9970, 9971, 9973, 9974, 9975, 9976, 9977, 9980, 9981, 9983, 9984, 9985, 9986, 9988, 10004, 10021, 10050, 10051, 10053, 10054, 10056, 10057, 10058, 10059, 10061, 10062, 10063, 10067, 10069, 10073, 10074, 10078, 10079, 10080, 10082, 10085, 10086, 10087, 10088, 10089, 10090, 10091, 10095, 10096, 10097, 10099, 10100, 10101, 10102, 10103, 10104, 10111, 10122, 10123, 10125, 10126, 10127, 10128, 10129, 10131, 10132, 10133, 10136, 10137, 10138, 10139, 10140, 10142, 10143, 10144, 10145, 10147, 10149, 10151, 10153, 10155, 10157, 10158, 10159, 10160, 10162, 10167, 10168, 10170, 10171, 10175, 10176, 10178, 10179, 10184, 10185, 10186, 10187, 10188, 10190, 10192, 10193, 10194, 10195, 10197, 10198, 10199, 10200, 10201, 10203, 10205, 10206, 10211, 10212, 10213, 10214, 10216, 10218, 10219, 10220, 10221, 10222, 10223, 10224, 10225, 10226, 10227, 10228, 10229, 10231, 10232, 10234, 10235, 10236, 10237, 10238, 10244, 10246, 10248, 10250, 10251, 10254, 10255, 10256, 10257, 10258, 10259, 10260, 10269, 10271, 10272, 10273, 10275, 10297, 10298, 10299, 10300, 10301, 10303, 10304, 10305, 10306, 10307, 10309, 10310, 10311, 10312, 10313, 10314, 10317, 10321, 10323, 10324, 10325, 10328, 10330, 10331, 10332, 10333, 10335, 10336, 10337, 10339, 10341, 10342, 10343, 10344, 10345, 10346, 10350, 10352, 10353, 10355, 10356, 10361, 10362, 10363, 10365, 10366, 10367, 10368, 10374, 10376, 10377, 10379, 10380, 10382, 10384, 10385, 10386, 10389, 10390, 10391, 10392, 10394, 10395, 10396, 10397, 10398, 10399, 10400, 10401, 10403, 10404, 10407, 10409, 10410, 10412, 10417, 10418, 10422, 10423, 10424, 10425, 10427, 10429, 10431, 10432, 10433, 10436, 10437, 10438, 10439, 10440, 10441, 10442, 10444, 10448, 10449, 10451, 10452, 10453, 10455, 10456, 10457, 10459, 10460, 10462, 10463, 10464, 10465, 10466, 10469, 10470, 10471, 10472, 10473, 10474, 10475, 10476, 10477, 10478, 10479, 10480, 10481, 10482, 10483, 10484, 10485, 10486, 10487, 10489, 10490, 10491, 10492, 10493, 10494, 10495, 10496, 10497, 10498, 10500, 10503, 10504, 10505, 10506, 10507, 10509, 10510, 10511, 10512, 10515, 10516, 10517, 10518, 10520, 10521, 10522, 10523, 10524, 10526, 10527, 10529, 10530, 10531, 10533, 10534, 10536, 10537, 10538, 10539, 10540, 10541, 10543, 10544, 10546, 10547, 10548, 10549, 10550, 10551, 10553, 10554, 10555, 10556, 10557, 10559, 10560, 10562, 10563, 10564, 10565, 10566, 10568, 10569, 10573, 10574, 10575, 10576, 10579, 10580, 10582, 10583, 10586, 10587, 10588, 10589, 10590, 10591, 10592, 10595, 10596, 10598, 10599, 10600, 10601, 10602, 10604, 10605, 10607, 10608, 10610, 10611, 10612, 10613, 10614, 10616, 10617, 10619, 10620, 10621, 10622, 10623, 10624, 10625, 10626, 10627, 10629, 10631, 10633, 10634, 10635, 10636, 10637, 10640, 10642, 10643, 10645, 10646, 10648, 10649, 10650, 10652, 10653, 10654, 10656, 10657, 10659, 10660, 10661, 10663, 10664, 10665, 10667, 10668, 10670, 10672, 10673, 10674, 10675, 10676, 10678, 10681, 10682, 10683, 10684, 10686, 10687, 10688, 10689, 10691, 10694, 10695, 10696, 10699, 10700, 10701, 10702, 10703, 10704, 10705, 10706, 10708, 10715, 10717, 10718, 10719, 10721, 10722, 10725, 10726, 10727, 10728, 10730, 10732, 10733, 10734, 10735, 10736, 10737, 10740, 10741, 10744, 10745, 10746, 10747, 10750, 10751, 10752, 10753, 10756, 10757, 10758, 10759, 10760, 10761, 10762, 10764, 10766, 10767, 10772, 10773, 10774, 10779, 10780, 10785, 10787, 10788, 10789, 10791, 10792, 10793, 10794, 10795, 10796, 10798, 10801, 10802, 10803, 10804, 10805, 10806, 10807, 10808, 10809, 10810, 10813, 10814, 10815, 10816, 10817, 10819, 10822, 10823, 10824, 10826, 10827, 10828, 10831, 10832, 10834, 10835, 10836, 10837, 10838, 10839, 10840, 10841, 10842, 10844, 10845, 10846, 10847, 10848, 10849, 10850, 10852, 10855, 10857, 10858, 10859, 10860, 10862, 10864, 10865, 10866, 10867, 10868, 10869, 10870, 10872, 10875, 10876, 10877, 10880, 10881, 10886, 10892, 10893, 10899, 10900, 10906, 10907, 10908, 10914, 10926, 10927, 10928, 10933, 10934, 10935, 10938, 10941, 10944, 10945, 10946, 10947, 10948, 10949, 10951, 10953, 10955, 10958, 10959, 10960], "summary": {"covered_lines": 5581, "num_statements": 7398, "percent_covered": 71.25407166123779, "percent_covered_display": "71", "missing_lines": 1817, "excluded_lines": 0, "num_branches": 2426, "num_partial_branches": 407, "covered_branches": 1419, "missing_branches": 1007}, "missing_lines": [108, 109, 110, 111, 112, 113, 114, 115, 116, 117, 123, 125, 126, 127, 128, 187, 188, 189, 195, 216, 217, 218, 238, 239, 261, 263, 264, 265, 267, 268, 269, 272, 279, 280, 281, 297, 298, 303, 304, 309, 310, 347, 348, 355, 356, 364, 365, 392, 407, 438, 450, 475, 476, 478, 491, 587, 593, 670, 680, 681, 682, 687, 690, 705, 708, 723, 731, 737, 740, 823, 826, 835, 840, 859, 888, 892, 926, 1001, 1019, 1028, 1029, 1030, 1036, 1086, 1124, 1133, 1134, 1135, 1136, 1146, 1147, 1158, 1175, 1178, 1205, 1206, 1208, 1210, 1211, 1212, 1213, 1214, 1215, 1217, 1227, 1228, 1229, 1230, 1237, 1240, 1241, 1242, 1245, 1246, 1247, 1248, 1251, 1252, 1253, 1256, 1259, 1263, 1267, 1271, 1322, 1323, 1336, 1364, 1372, 1396, 1404, 1408, 1412, 1416, 1432, 1433, 1434, 1443, 1445, 1446, 1447, 1448, 1451, 1452, 1453, 1454, 1455, 1456, 1457, 1458, 1459, 1465, 1466, 1468, 1469, 1470, 1526, 1542, 1546, 1550, 1575, 1578, 1583, 1587, 1590, 1606, 1613, 1626, 1627, 1632, 1633, 1641, 1642, 1644, 1645, 1646, 1647, 1648, 1650, 1651, 1652, 1653, 1655, 1667, 1678, 1682, 1683, 1684, 1685, 1689, 1690, 1691, 1692, 1707, 1708, 1709, 1710, 1711, 1712, 1713, 1714, 1715, 1760, 1761, 1770, 1771, 1772, 1773, 1786, 1803, 1804, 1883, 1943, 1944, 1945, 1946, 1947, 1952, 1953, 1954, 1968, 1969, 1970, 1971, 2023, 2033, 2035, 2039, 2047, 2053, 2059, 2060, 2063, 2064, 2085, 2115, 2116, 2117, 2118, 2120, 2121, 2122, 2123, 2124, 2129, 2142, 2143, 2147, 2154, 2157, 2163, 2167, 2172, 2177, 2205, 2247, 2250, 2260, 2263, 2266, 2269, 2272, 2275, 2282, 2314, 2326, 2331, 2332, 2333, 2335, 2344, 2345, 2347, 2393, 2396, 2399, 2400, 2401, 2402, 2404, 2405, 2406, 2407, 2411, 2415, 2416, 2417, 2418, 2419, 2420, 2423, 2426, 2428, 2429, 2430, 2431, 2432, 2433, 2435, 2436, 2438, 2439, 2441, 2443, 2444, 2445, 2446, 2448, 2449, 2451, 2455, 2456, 2457, 2459, 2461, 2462, 2463, 2464, 2465, 2466, 2467, 2468, 2469, 2470, 2471, 2472, 2473, 2474, 2475, 2477, 2479, 2482, 2483, 2484, 2485, 2486, 2487, 2517, 2521, 2522, 2523, 2524, 2528, 2529, 2530, 2534, 2539, 2543, 2546, 2547, 2548, 2551, 2552, 2553, 2554, 2555, 2556, 2557, 2558, 2559, 2560, 2564, 2565, 2566, 2567, 2570, 2571, 2574, 2576, 2577, 2578, 2580, 2581, 2582, 2583, 2584, 2585, 2587, 2588, 2590, 2591, 2592, 2593, 2594, 2595, 2596, 2597, 2598, 2599, 2600, 2601, 2602, 2603, 2604, 2607, 2608, 2610, 2611, 2612, 2613, 2614, 2616, 2617, 2618, 2619, 2623, 2624, 2636, 2668, 2669, 2670, 2674, 2675, 2676, 2677, 2681, 2685, 2690, 2691, 2692, 2693, 2694, 2695, 2696, 2700, 2701, 2720, 2725, 2726, 2727, 2730, 2731, 2733, 2734, 2735, 2736, 2737, 2738, 2739, 2740, 2741, 2742, 2745, 2746, 2747, 2748, 2751, 2752, 2753, 2755, 2756, 2757, 2817, 2819, 2820, 2822, 2824, 2825, 2826, 2827, 2828, 2829, 2830, 2831, 2832, 2833, 2834, 2835, 2836, 2837, 2838, 2839, 2840, 2841, 2842, 2843, 2844, 2845, 2846, 2847, 2848, 2849, 2850, 2851, 2852, 2853, 2854, 2855, 2856, 2857, 2858, 2859, 2872, 2873, 2884, 2887, 2888, 2889, 2890, 2891, 2892, 2893, 2894, 2916, 2917, 2938, 2977, 2978, 2979, 2980, 2983, 2986, 2989, 2990, 2991, 2994, 2995, 2996, 2997, 2998, 2999, 3000, 3001, 3002, 3003, 3004, 3007, 3008, 3009, 3010, 3011, 3012, 3017, 3018, 3037, 3079, 3080, 3081, 3082, 3085, 3088, 3091, 3093, 3097, 3100, 3101, 3102, 3103, 3105, 3106, 3107, 3108, 3109, 3110, 3111, 3112, 3113, 3114, 3115, 3116, 3117, 3118, 3119, 3120, 3121, 3124, 3125, 3126, 3127, 3128, 3129, 3133, 3134, 3135, 3136, 3148, 3179, 3180, 3181, 3182, 3194, 3220, 3223, 3226, 3229, 3230, 3231, 3234, 3235, 3237, 3238, 3239, 3240, 3241, 3242, 3243, 3244, 3245, 3246, 3247, 3248, 3249, 3250, 3251, 3252, 3253, 3256, 3257, 3258, 3259, 3260, 3261, 3265, 3266, 3277, 3293, 3294, 3295, 3296, 3297, 3298, 3300, 3302, 3303, 3304, 3305, 3306, 3312, 3318, 3322, 3323, 3324, 3328, 3329, 3330, 3340, 3341, 3342, 3343, 3348, 3361, 3362, 3363, 3364, 3381, 3386, 3387, 3388, 3389, 3400, 3423, 3424, 3428, 3442, 3443, 3449, 3459, 3517, 3532, 3533, 3534, 3568, 3569, 3570, 3571, 3572, 3573, 3574, 3575, 3576, 3577, 3578, 3580, 3582, 3583, 3584, 3585, 3586, 3587, 3588, 3622, 3637, 3638, 3639, 3640, 3641, 3647, 3648, 3654, 3655, 3675, 3676, 3677, 3679, 3680, 3681, 3682, 3684, 3696, 3697, 3698, 3699, 3700, 3701, 3702, 3711, 3722, 3730, 3737, 3742, 3743, 3830, 3843, 3844, 3845, 3846, 3847, 3848, 3857, 3862, 3867, 3872, 3873, 3878, 3883, 3888, 3893, 3898, 3903, 3908, 3913, 3926, 3936, 3961, 3966, 3976, 3986, 4008, 4013, 4017, 4018, 4019, 4022, 4023, 4030, 4031, 4032, 4033, 4034, 4035, 4057, 4069, 4098, 4099, 4100, 4101, 4104, 4105, 4106, 4107, 4108, 4141, 4149, 4150, 4151, 4152, 4153, 4154, 4155, 4159, 4160, 4161, 4162, 4163, 4164, 4165, 4166, 4179, 4180, 4182, 4183, 4184, 4185, 4186, 4187, 4188, 4189, 4225, 4232, 4243, 4244, 4245, 4272, 4273, 4274, 4275, 4276, 4277, 4278, 4281, 4282, 4283, 4284, 4285, 4286, 4287, 4296, 4297, 4298, 4299, 4300, 4301, 4302, 4303, 4343, 4344, 4345, 4346, 4350, 4351, 4352, 4353, 4354, 4356, 4357, 4358, 4384, 4385, 4386, 4411, 4412, 4426, 4432, 4451, 4465, 4497, 4505, 4529, 4537, 4544, 4556, 4563, 4566, 4567, 4601, 4602, 4603, 4655, 4656, 4681, 4682, 4686, 4687, 4691, 4694, 4695, 4697, 4731, 4732, 4739, 4740, 4741, 4742, 4791, 4792, 4806, 4823, 4824, 4827, 4828, 4831, 4849, 4850, 4851, 4863, 4864, 4865, 4866, 4867, 4870, 4871, 4873, 4874, 4875, 4876, 4887, 4888, 4889, 4890, 4891, 4894, 4895, 4897, 4898, 4899, 4900, 4936, 4937, 4946, 4947, 4954, 4955, 4956, 4964, 4965, 4982, 4983, 4987, 4988, 5066, 5067, 5068, 5069, 5070, 5079, 5080, 5095, 5096, 5100, 5101, 5131, 5132, 5133, 5134, 5135, 5137, 5138, 5139, 5140, 5141, 5142, 5143, 5144, 5145, 5147, 5148, 5214, 5245, 5246, 5254, 5255, 5256, 5274, 5281, 5285, 5298, 5299, 5300, 5301, 5302, 5303, 5304, 5305, 5306, 5307, 5308, 5309, 5333, 5348, 5349, 5367, 5368, 5369, 5370, 5395, 5396, 5397, 5398, 5502, 5503, 5529, 5530, 5531, 5533, 5534, 5535, 5538, 5539, 5540, 5542, 5543, 5545, 5546, 5547, 5550, 5557, 5558, 5559, 5573, 5574, 5575, 5577, 5578, 5579, 5581, 5582, 5584, 5585, 5586, 5588, 5589, 5590, 5591, 5595, 5596, 5597, 5599, 5600, 5601, 5603, 5604, 5607, 5609, 5610, 5611, 5612, 5614, 5616, 5617, 5619, 5620, 5621, 5622, 5623, 5624, 5625, 5629, 5630, 5646, 5647, 5659, 5665, 5666, 5669, 5670, 5684, 5685, 5696, 5744, 5748, 5749, 5775, 5779, 5780, 5821, 5822, 5840, 5841, 5844, 5845, 5847, 5850, 5852, 5853, 5855, 5856, 5857, 5859, 5860, 5862, 5863, 5864, 5866, 5885, 5886, 5890, 5896, 5897, 5900, 5901, 5940, 5941, 5946, 5947, 5955, 5956, 5957, 5958, 6047, 6048, 6068, 6069, 6076, 6077, 6082, 6083, 6120, 6121, 6122, 6130, 6139, 6174, 6175, 6177, 6181, 6182, 6183, 6184, 6185, 6186, 6187, 6188, 6201, 6202, 6226, 6227, 6228, 6229, 6231, 6232, 6233, 6234, 6236, 6237, 6245, 6246, 6249, 6251, 6292, 6293, 6297, 6298, 6306, 6318, 6319, 6340, 6341, 6350, 6351, 6352, 6375, 6380, 6381, 6382, 6383, 6384, 6390, 6391, 6392, 6393, 6394, 6395, 6396, 6397, 6398, 6399, 6401, 6403, 6409, 6410, 6428, 6429, 6459, 6460, 6468, 6469, 6485, 6486, 6489, 6497, 6498, 6499, 6500, 6522, 6523, 6548, 6549, 6557, 6580, 6581, 6589, 6609, 6610, 6613, 6614, 6625, 6656, 6667, 6672, 6674, 6756, 6757, 6758, 6769, 6770, 6805, 6806, 6807, 6810, 6811, 6812, 6870, 6871, 6872, 6916, 6917, 6921, 6925, 6926, 6927, 6994, 6995, 6998, 6999, 7016, 7017, 7019, 7020, 7021, 7024, 7025, 7028, 7030, 7031, 7032, 7033, 7035, 7036, 7037, 7040, 7041, 7042, 7045, 7046, 7047, 7048, 7049, 7050, 7051, 7052, 7053, 7073, 7074, 7075, 7140, 7160, 7161, 7164, 7169, 7175, 7184, 7185, 7187, 7189, 7191, 7192, 7194, 7202, 7208, 7240, 7241, 7242, 7243, 7244, 7245, 7246, 7247, 7249, 7250, 7251, 7253, 7254, 7255, 7256, 7258, 7259, 7261, 7264, 7265, 7267, 7268, 7269, 7271, 7273, 7274, 7275, 7276, 7277, 7279, 7280, 7281, 7283, 7284, 7285, 7287, 7289, 7290, 7291, 7292, 7294, 7295, 7297, 7298, 7309, 7310, 7314, 7315, 7359, 7360, 7361, 7362, 7363, 7365, 7366, 7368, 7380, 7382, 7384, 7385, 7386, 7397, 7404, 7405, 7406, 7407, 7410, 7411, 7413, 7416, 7418, 7419, 7420, 7421, 7423, 7424, 7425, 7427, 7428, 7432, 7434, 7435, 7436, 7437, 7438, 7439, 7441, 7443, 7444, 7445, 7447, 7448, 7453, 7454, 7455, 7456, 7457, 7458, 7459, 7460, 7462, 7463, 7464, 7465, 7466, 7468, 7469, 7471, 7472, 7473, 7475, 7476, 7477, 7479, 7480, 7481, 7483, 7485, 7490, 7491, 7492, 7494, 7495, 7497, 7499, 7500, 7501, 7502, 7503, 7505, 7506, 7507, 7508, 7509, 7510, 7524, 7549, 7583, 7584, 7585, 7586, 7588, 7589, 7593, 7601, 7602, 7610, 7614, 7615, 7621, 7622, 7631, 7653, 7654, 7664, 7673, 7680, 7682, 7686, 7688, 7695, 7698, 7701, 7702, 7712, 7723, 7724, 7729, 7730, 7746, 7747, 7755, 7785, 7786, 7804, 7805, 7814, 7815, 7816, 7819, 7843, 7844, 7851, 7880, 7881, 7882, 7883, 7906, 7907, 7956, 8044, 8045, 8048, 8049, 8060, 8061, 8062, 8141, 8142, 8149, 8150, 8151, 8160, 8171, 8172, 8283, 8284, 8287, 8288, 8289, 8319, 8335, 8336, 8337, 8338, 8340, 8342, 8343, 8372, 8373, 8390, 8391, 8392, 8400, 8410, 8436, 8461, 8462, 8463, 8464, 8501, 8502, 8508, 8509, 8523, 8529, 8530, 8531, 8532, 8533, 8551, 8552, 8567, 8568, 8596, 8597, 8628, 8629, 8632, 8639, 8640, 8641, 8714, 8715, 8759, 8760, 8765, 8766, 8779, 8799, 8801, 8831, 8832, 8833, 8834, 8835, 8836, 8837, 8839, 8840, 8853, 8854, 8863, 8888, 8889, 8906, 8907, 8909, 8910, 8937, 8959, 8970, 8971, 8972, 8974, 8975, 8976, 8978, 8981, 8992, 9005, 9027, 9028, 9030, 9031, 9099, 9100, 9101, 9127, 9128, 9129, 9130, 9132, 9134, 9135, 9136, 9137, 9139, 9140, 9177, 9203, 9215, 9229, 9230, 9231, 9249, 9250, 9251, 9257, 9258, 9259, 9273, 9287, 9307, 9317, 9373, 9374, 9378, 9379, 9383, 9384, 9403, 9404, 9405, 9406, 9407, 9408, 9409, 9419, 9420, 9421, 9422, 9423, 9424, 9425, 9427, 9428, 9429, 9433, 9434, 9435, 9436, 9437, 9439, 9440, 9443, 9444, 9459, 9460, 9461, 9462, 9464, 9465, 9468, 9469, 9472, 9506, 9507, 9526, 9575, 9605, 9606, 9621, 9622, 9634, 9660, 9661, 9666, 9667, 9670, 9671, 9681, 9682, 9683, 9689, 9691, 9693, 9695, 9697, 9700, 9753, 9754, 9755, 9756, 9757, 9769, 9770, 9778, 9779, 9786, 9803, 9804, 9805, 9806, 9807, 9809, 9810, 9811, 9832, 9849, 9850, 9851, 9852, 9854, 9855, 9856, 9857, 9866, 9881, 9912, 9913, 9930, 9931, 9950, 9951, 9955, 9956, 9957, 9989, 9991, 9992, 9993, 9994, 9996, 9997, 9998, 9999, 10001, 10002, 10007, 10008, 10010, 10011, 10013, 10014, 10016, 10017, 10018, 10019, 10023, 10024, 10025, 10026, 10027, 10028, 10030, 10031, 10032, 10033, 10034, 10035, 10037, 10039, 10040, 10041, 10042, 10043, 10044, 10045, 10046, 10047, 10064, 10065, 10070, 10071, 10075, 10076, 10081, 10092, 10093, 10113, 10114, 10115, 10116, 10117, 10118, 10119, 10130, 10172, 10173, 10174, 10180, 10182, 10207, 10208, 10210, 10252, 10270, 10277, 10278, 10279, 10280, 10281, 10282, 10283, 10284, 10285, 10287, 10288, 10318, 10320, 10327, 10338, 10347, 10349, 10351, 10357, 10358, 10359, 10371, 10402, 10406, 10408, 10413, 10445, 10446, 10461, 10501, 10508, 10513, 10514, 10519, 10628, 10630, 10638, 10639, 10662, 10685, 10707, 10709, 10710, 10713, 10768, 10769, 10775, 10776, 10781, 10782, 10783, 10784, 10790, 10797, 10820, 10825, 10853, 10882, 10883, 10884, 10887, 10890, 10894, 10895, 10896, 10898, 10909, 10911, 10929, 10930], "excluded_lines": [], "executed_branches": [[173, 174], [173, 178], [175, 173], [175, 176], [186, 191], [194, 196], [212, 213], [212, 215], [215, 220], [222, 223], [222, 231], [223, 224], [225, 223], [225, 226], [236, -236], [236, 236], [236, 237], [237, 241], [252, 253], [252, 255], [260, 274], [277, 283], [376, 377], [376, 379], [389, 390], [406, 408], [408, 409], [409, 410], [414, 415], [414, 416], [436, 437], [460, -460], [460, 462], [465, 466], [465, 488], [468, 469], [468, 471], [473, 480], [480, 481], [480, 484], [488, 489], [488, 503], [489, 492], [494, 495], [494, 496], [496, 497], [496, 498], [498, 499], [498, 501], [532, -531], [532, 533], [534, -533], [534, 535], [536, -535], [536, 537], [538, -537], [538, 539], [540, 541], [542, 543], [544, -543], [544, 545], [546, 547], [548, -547], [548, 549], [550, 551], [552, 553], [554, 556], [559, 561], [562, -562], [562, 562], [562, 563], [584, 585], [584, 586], [586, 588], [588, 589], [588, 590], [612, -612], [612, -610], [633, 634], [633, 637], [729, 730], [729, 732], [730, 729], [818, 819], [818, 820], [820, 821], [825, 828], [833, 837], [839, 842], [856, 857], [865, 866], [865, 868], [869, 870], [869, 871], [908, 909], [914, 915], [914, 917], [915, 914], [915, 916], [923, 924], [935, -933], [935, 937], [939, -937], [939, 941], [943, -941], [943, 945], [947, -945], [947, 949], [951, -949], [951, 953], [955, -953], [955, 957], [959, -957], [959, 961], [963, -961], [963, 965], [967, -965], [967, 969], [971, -969], [971, -743], [1018, 1020], [1023, 1024], [1123, 1125], [1127, 1128], [1142, 1143], [1152, 1153], [1152, 1154], [1174, 1177], [1177, 1180], [1182, -1182], [1182, 1182], [1182, 1183], [1183, 1184], [1183, 1185], [1291, 1293], [1306, 1308], [1348, 1349], [1348, 1351], [1421, 1422], [1421, 1423], [1440, 1441], [1442, 1444], [1510, 1511], [1510, 1512], [1556, 1557], [1557, 1558], [1574, 1577], [1577, 1580], [1582, 1585], [1586, 1589], [1612, 1615], [1635, 1636], [1666, 1668], [1676, 1677], [1702, 1703], [1704, 1705], [1704, 1706], [1705, -1705], [1705, -1699], [1705, 1705], [1706, 1702], [1732, 1733], [1759, 1762], [1782, 1783], [1782, 1791], [1785, 1788], [1827, 1828], [1827, 1833], [1830, 1827], [1830, 1831], [1845, 1846], [1845, 1848], [1848, 1849], [1848, 1850], [1850, 1851], [1850, 1853], [1854, 1855], [1870, 1871], [1870, 1886], [1872, -1872], [1872, 1872], [1872, 1874], [1874, 1875], [1874, 1878], [1878, -1878], [1878, 1878], [1878, 1879], [1879, 1880], [1960, 1961], [1960, 1962], [1981, 1982], [1981, 1984], [1987, 1988], [1987, 1989], [2002, -1992], [2002, 2003], [2005, 2006], [2005, 2009], [2022, 2026], [2030, 2031], [2038, 2043], [2046, 2050], [2050, -2050], [2050, 2050], [2050, 2051], [2093, 2094], [2093, 2100], [2095, 2096], [2096, 2097], [2096, 2100], [2097, 2098], [2100, -2088], [2100, 2101], [2109, -2109], [2109, -2106], [2109, 2109], [2135, 2136], [2135, 2139], [2141, 2145], [2146, 2149], [2150, 2152], [2152, 2153], [2183, 2184], [2183, 2185], [2214, 2215], [2214, 2217], [2215, 2216], [2246, -2246], [2246, -2241], [2308, 2309], [2308, 2310], [2330, 2336], [2340, 2341], [2340, 2348], [2342, 2343], [2794, 2795], [2863, 2864], [2865, 2866], [3310, 3311], [3311, -3309], [3316, 3317], [3317, -3315], [3353, 3354], [3353, 3355], [3369, -3367], [3369, 3370], [3369, 3371], [3377, 3378], [3377, 3379], [3379, 3380], [3397, 3398], [3397, 3416], [3399, 3402], [3402, 3403], [3402, 3405], [3405, -3405], [3405, 3405], [3405, 3406], [3410, 3411], [3410, 3413], [3422, 3426], [3426, 3427], [3427, 3430], [3430, 3431], [3430, 3434], [3431, 3430], [3431, 3432], [3441, 3445], [3445, 3446], [3446, 3445], [3446, 3447], [3456, 3457], [3457, 3456], [3457, 3458], [3466, 3467], [3466, 3469], [3467, 3466], [3467, 3468], [3478, 3480], [3478, 3481], [3487, -3487], [3487, -3484], [3487, 3487], [3492, 3493], [3492, 3494], [3494, -3494], [3494, -3490], [3494, 3494], [3514, 3518], [3519, -3519], [3519, 3520], [3519, 3527], [3522, 3523], [3522, 3526], [3527, 3531], [3531, 3535], [3543, 3544], [3543, 3548], [3565, 3566], [3636, 3643], [3645, -3645], [3645, 3645], [3645, 3646], [3646, 3651], [3690, 3691], [3710, 3713], [3721, 3724], [3729, 3732], [3748, 3749], [3748, 3750], [3770, 3771], [3770, 3775], [3771, -3769], [3771, 3772], [3772, -3769], [3772, 3773], [3778, -3769], [3778, 3779], [3824, 3825], [3824, 3826], [3826, 3827], [3827, -3827], [3827, 3827], [3827, 3828], [3837, -3837], [3837, -3834], [4005, 4006], [4012, 4015], [4021, 4024], [4056, 4059], [4059, 4060], [4081, 4082], [4138, 4139], [4148, 4158], [4158, 4168], [4170, 4172], [4174, 4175], [4174, 4192], [4178, 4174], [4222, 4223], [4227, 4228], [4240, -4240], [4240, 4240], [4240, 4242], [4271, 4280], [4280, -4280], [4280, 4291], [4293, -4293], [4293, 4293], [4293, 4294], [4309, 4311], [4437, 4438], [4437, 4444], [4440, -4440], [4440, 4441], [4444, 4445], [4447, -4447], [4447, 4448], [4464, -4464], [4464, -4461], [4471, 4472], [4471, 4473], [4473, 4474], [4494, 4495], [4518, -4517], [4518, 4519], [4519, 4518], [4519, 4520], [4548, -4548], [4548, 4548], [4548, 4549], [4548, 4550], [4551, 4552], [4551, 4555], [4555, 4557], [4557, 4558], [4570, 4571], [4570, 4575], [4582, 4583], [4582, 4584], [4596, 4597], [4609, 4610], [4609, 4611], [4614, 4615], [4614, 4616], [4654, 4658], [4658, 4659], [4658, 4662], [4668, 4669], [4668, 4674], [4669, 4670], [4669, 4672], [4674, 4675], [4674, 4678], [4678, 4679], [4678, 4680], [4680, 4683], [4683, 4684], [4683, 4685], [4685, 4688], [4688, 4689], [4693, 4699], [4703, 4704], [4703, 4705], [4715, 4716], [4720, 4721], [4720, 4722], [4730, 4734], [4735, -4735], [4735, 4738], [4738, 4743], [4752, 4753], [4752, 4754], [4762, 4764], [4762, 4766], [4766, -4766], [4766, 4766], [4766, 4766], [4766, 4766], [4766, 4766], [4766, 4770], [4771, -4771], [4771, 4771], [4771, 4771], [4771, 4774], [4778, 4779], [4778, 4780], [4789, 4794], [4794, -4794], [4794, 4794], [4794, 4794], [4794, 4794], [4794, 4794], [4794, 4794], [4794, 4797], [4803, 4805], [4803, 4809], [4805, 4808], [4812, 4813], [4812, 4814], [4822, 4826], [4826, 4830], [4830, 4834], [4840, -4840], [4840, 4840], [4840, 4841], [4844, 4845], [4844, 4847], [4855, 4856], [4855, 4857], [4879, 4880], [4879, 4881], [4903, 4904], [4903, 4905], [4914, 4915], [4914, 4918], [4918, 4919], [4925, -4925], [4925, 4926], [4926, -4926], [4926, 4928], [4941, 4942], [4941, 4949], [4951, 4952], [4969, 4970], [4969, 4971], [4981, 4985], [4986, 4990], [4995, 4996], [4995, 4997], [5022, 5023], [5022, 5025], [5037, 5038], [5062, 5063], [5078, 5082], [5082, 5083], [5082, 5086], [5084, 5085], [5092, 5093], [5092, 5097], [5094, 5092], [5127, 5128], [5151, 5152], [5151, 5153], [5183, 5184], [5183, 5190], [5184, 5185], [5184, 5188], [5191, 5192], [5191, 5195], [5195, 5196], [5195, 5200], [5200, -5200], [5200, 5200], [5200, 5201], [5213, 5215], [5222, 5223], [5222, 5229], [5244, 5249], [5265, 5266], [5265, 5294], [5270, 5270], [5270, 5270], [5270, 5270], [5270, 5270], [5270, 5276], [5280, 5282], [5284, 5286], [5286, 5265], [5286, 5288], [5290, 5291], [5297, -5296], [5318, 5319], [5318, 5321], [5337, 5338], [5337, 5350], [5338, 5337], [5338, 5339], [5342, 5343], [5342, 5347], [5347, 5337], [5357, 5358], [5357, 5363], [5358, 5357], [5358, 5359], [5359, 5360], [5360, 5361], [5383, 5384], [5383, 5385], [5389, 5390], [5389, 5391], [5403, 5404], [5403, 5406], [5404, 5403], [5404, 5405], [5409, 5410], [5409, 5411], [5433, 5434], [5433, 5437], [5439, 5440], [5439, 5443], [5443, 5444], [5443, 5447], [5450, 5451], [5450, 5454], [5464, 5465], [5464, 5466], [5481, 5482], [5481, 5485], [5482, -5482], [5482, 5482], [5482, 5483], [5488, 5489], [5488, 5490], [5501, 5505], [5508, 5509], [5508, 5512], [5516, 5517], [5516, 5518], [5562, 5563], [5562, 5564], [5633, 5634], [5633, 5635], [5645, 5649], [5655, 5656], [5655, 5658], [5658, 5661], [5664, 5668], [5668, 5672], [5672, 5673], [5672, 5678], [5673, 5674], [5673, 5675], [5675, 5672], [5675, 5676], [5681, 5682], [5681, 5698], [5687, 5681], [5687, 5688], [5689, 5687], [5689, 5690], [5690, 5689], [5690, 5691], [5692, 5693], [5701, 5702], [5701, 5703], [5722, 5723], [5740, 5741], [5740, 5763], [5741, 5742], [5751, 5752], [5751, 5761], [5753, 5754], [5753, 5757], [5771, 5772], [5771, 5794], [5772, 5773], [5782, 5783], [5782, 5792], [5786, 5787], [5798, 5799], [5798, 5815], [5799, 5798], [5799, 5800], [5800, 5798], [5800, 5801], [5801, 5803], [5807, 5798], [5807, 5808], [5809, 5810], [5810, 5811], [5820, 5824], [5824, 5825], [5824, 5836], [5831, 5832], [5831, 5834], [5839, 5843], [5843, 5849], [5849, 5868], [5873, 5874], [5873, 5875], [5884, 5888], [5888, 5889], [5888, 5915], [5889, 5892], [5895, 5899], [5899, 5903], [5903, 5888], [5903, 5904], [5904, 5903], [5904, 5905], [5906, 5907], [5906, 5908], [5908, 5909], [5908, 5911], [5919, 5920], [5919, 5921], [5939, 5944], [5945, 5950], [5952, 5953], [5952, 5964], [5954, 5964], [5972, 5973], [5972, 5974], [5996, 5997], [6001, 6002], [6001, 6005], [6010, 6011], [6010, 6012], [6034, 6035], [6034, 6036], [6051, 6052], [6051, 6053], [6067, 6071], [6071, 6072], [6071, 6074], [6075, 6078], [6081, 6085], [6089, 6090], [6089, 6091], [6098, 6099], [6098, 6100], [6103, 6104], [6103, 6105], [6119, 6124], [6127, 6128], [6127, 6143], [6128, 6129], [6129, 6132], [6134, 6135], [6134, 6137], [6138, 6141], [6147, 6148], [6147, 6149], [6166, 6167], [6168, 6169], [6173, 6176], [6176, 6178], [6178, 6179], [6194, 6195], [6195, 6196], [6195, 6200], [6200, 6204], [6205, 6206], [6211, 6212], [6211, 6213], [6244, 6248], [6248, 6250], [6250, 6253], [6257, 6258], [6257, 6260], [6263, 6264], [6263, 6269], [6269, 6270], [6274, 6275], [6274, 6276], [6291, 6295], [6296, 6301], [6301, -6301], [6301, 6302], [6302, 6303], [6302, 6308], [6303, 6304], [6304, -6304], [6304, 6304], [6304, 6310], [6310, 6311], [6310, 6365], [6311, 6312], [6311, 6314], [6317, 6321], [6323, 6324], [6323, 6362], [6331, 6332], [6331, 6334], [6336, 6337], [6336, 6339], [6339, 6343], [6346, 6347], [6346, 6349], [6354, 6323], [6354, 6355], [6362, 6310], [6362, 6363], [6408, 6412], [6427, 6431], [6439, 6440], [6439, 6441], [6458, 6462], [6467, 6471], [6472, 6473], [6472, 6502], [6478, 6479], [6478, 6482], [6484, 6488], [6488, 6491], [6494, 6495], [6505, 6506], [6505, 6507], [6521, 6524], [6527, 6528], [6532, 6533], [6532, 6534], [6547, 6551], [6554, 6555], [6554, 6560], [6556, 6558], [6558, 6554], [6558, 6559], [6564, 6565], [6564, 6566], [6579, 6583], [6586, 6587], [6586, 6592], [6588, 6590], [6590, 6586], [6590, 6591], [6596, 6597], [6596, 6598], [6612, 6615], [6617, -6617], [6617, 6617], [6617, 6618], [6618, -6618], [6618, 6618], [6618, 6619], [6619, 6620], [6619, 6624], [6620, 6621], [6620, 6623], [6624, 6626], [6626, 6627], [6631, 6632], [6631, 6633], [6649, 6650], [6649, 6658], [6651, -6651], [6651, 6651], [6651, 6652], [6652, 6653], [6654, -6654], [6654, 6654], [6654, 6655], [6655, 6658], [6664, 6665], [6664, 6720], [6666, 6669], [6671, 6676], [6678, 6679], [6678, 6681], [6684, 6685], [6684, 6689], [6691, 6692], [6691, 6696], [6697, 6698], [6697, 6700], [6703, 6704], [6703, 6709], [6713, -6713], [6713, 6713], [6713, 6714], [6713, 6718], [6720, 6721], [6725, 6726], [6725, 6727], [6743, 6744], [6743, 6745], [6755, 6760], [6768, 6772], [6776, -6776], [6776, 6776], [6776, 6778], [6778, 6779], [6781, 6782], [6781, 6788], [6792, 6793], [6792, 6794], [6804, 6809], [6809, 6814], [6820, 6821], [6820, 6824], [6833, 6834], [6833, 6835], [6856, 6857], [6856, 6877], [6860, 6861], [6860, 6863], [6863, 6864], [6863, 6869], [6864, 6865], [6865, 6866], [6866, 6867], [6867, 6856], [6869, 6874], [6874, -6874], [6874, 6874], [6874, 6875], [6881, -6881], [6881, 6881], [6881, 6883], [6883, 6884], [6883, 6895], [6887, 6888], [6887, 6893], [6888, 6889], [6888, 6891], [6898, 6899], [6898, 6900], [6915, 6919], [6920, 6923], [6946, 6947], [6946, 6949], [6955, 6956], [6955, 6962], [6967, 6968], [6967, 6973], [6976, 6977], [6976, 6978], [6993, 6997], [6997, 7001], [7001, 7002], [7001, 7005], [7008, 7009], [7056, 7057], [7056, 7058], [7072, 7077], [7081, 7082], [7081, 7083], [7139, 7141], [7156, 7157], [7156, 7159], [7159, -7159], [7159, 7163], [7163, 7166], [7168, 7171], [7174, 7177], [7177, 7178], [7177, 7196], [7178, 7179], [7178, 7181], [7183, 7186], [7186, 7188], [7198, 7199], [7198, 7201], [7201, 7203], [7207, 7210], [7214, 7215], [7214, 7218], [7234, 7235], [7308, 7312], [7320, -7320], [7320, -7319], [7320, 7320], [7330, -7330], [7330, 7330], [7330, 7332], [7340, 7341], [7340, 7390], [7346, 7347], [7346, 7349], [7352, 7353], [7352, 7355], [7355, 7356], [7355, 7373], [7358, 7367], [7367, 7369], [7369, 7370], [7369, 7375], [7377, 7340], [7377, 7378], [7383, 7388], [7394, 7395], [7514, -7514], [7514, -7512], [7523, 7526], [7523, 7530], [7528, -7528], [7528, 7528], [7528, 7533], [7535, -7535], [7535, 7535], [7535, 7536], [7540, 7541], [7540, 7542], [7547, 7548], [7547, 7570], [7548, 7551], [7553, 7554], [7553, 7556], [7556, 7557], [7556, 7565], [7559, 7560], [7561, 7562], [7561, 7563], [7565, 7547], [7565, 7566], [7575, 7576], [7577, 7578], [7577, 7599], [7578, 7579], [7578, 7597], [7580, 7578], [7580, 7581], [7582, 7590], [7590, 7591], [7595, 7596], [7599, 7600], [7599, 7603], [7600, -7600], [7600, -7572], [7600, 7600], [7609, 7613], [7613, 7617], [7620, 7624], [7628, 7629], [7628, 7666], [7630, 7633], [7637, 7638], [7637, 7644], [7639, -7639], [7639, 7639], [7639, 7639], [7639, 7639], [7639, 7639], [7639, 7639], [7639, 7642], [7652, 7656], [7663, 7628], [7672, 7675], [7675, 7676], [7677, 7678], [7677, 7679], [7679, 7681], [7681, 7683], [7683, 7684], [7683, 7685], [7685, 7675], [7694, 7697], [7697, 7700], [7700, 7704], [7707, 7708], [7707, 7734], [7709, 7710], [7709, 7711], [7711, 7713], [7713, 7714], [7720, 7721], [7720, 7726], [7722, 7726], [7739, 7740], [7739, 7742], [7743, 7744], [7743, 7748], [7744, 7745], [7745, 7743], [7751, -7750], [7751, 7752], [7754, 7757], [7761, 7762], [7761, 7766], [7773, 7774], [7773, 7775], [7789, 7790], [7789, 7791], [7803, 7807], [7811, 7812], [7811, 7818], [7813, 7823], [7818, 7820], [7820, 7821], [7828, 7829], [7828, 7830], [7842, 7846], [7848, 7849], [7855, 7856], [7855, 7857], [7868, 7869], [7868, 7870], [7876, 7877], [7886, 7887], [7886, 7888], [7905, 7909], [7914, 7915], [7914, 7920], [7923, 7924], [7923, 7926], [7949, 7950], [7949, 7961], [7955, 7957], [7964, 7965], [7964, 7966], [7978, 7979], [7978, 7980], [7992, 7993], [7992, 7994], [8006, 8007], [8006, 8008], [8020, 8021], [8020, 8022], [8043, 8047], [8047, 8051], [8055, 8056], [8055, 8064], [8056, 8057], [8056, 8064], [8065, 8066], [8065, 8070], [8073, 8074], [8073, 8075], [8087, 8088], [8087, 8089], [8101, 8102], [8101, 8103], [8115, 8116], [8115, 8117], [8129, 8130], [8129, 8131], [8140, 8144], [8159, 8162], [8169, 8170], [8169, 8217], [8170, 8173], [8180, 8182], [8180, 8185], [8186, 8187], [8186, 8192], [8192, 8193], [8193, 8194], [8193, 8199], [8199, 8200], [8200, 8201], [8200, 8213], [8202, 8203], [8202, 8204], [8204, 8205], [8204, 8207], [8220, 8221], [8220, 8222], [8254, 8255], [8254, 8259], [8256, 8254], [8256, 8257], [8259, 8260], [8259, 8263], [8278, 8279], [8278, 8282], [8282, 8286], [8286, 8291], [8298, 8299], [8298, 8301], [8304, 8305], [8304, 8306], [8315, 8316], [8315, 8330], [8318, 8321], [8322, 8323], [8322, 8325], [8330, 8331], [8331, 8332], [8346, 8347], [8346, 8348], [8359, 8360], [8359, 8361], [8371, 8375], [8375, 8376], [8383, 8384], [8383, 8393], [8384, 8385], [8384, 8387], [8387, 8388], [8387, 8389], [8389, 8383], [8397, 8398], [8397, 8399], [8399, 8401], [8401, 8402], [8401, 8404], [8409, 8412], [8439, 8440], [8439, 8441], [8459, 8460], [8459, 8473], [8460, 8466], [8476, 8477], [8476, 8478], [8490, 8491], [8490, 8495], [8495, 8496], [8495, 8503], [8507, 8511], [8514, 8515], [8522, 8527], [8528, 8535], [8538, 8539], [8538, 8540], [8555, 8556], [8555, 8557], [8566, 8570], [8584, 8585], [8584, 8586], [8595, 8599], [8609, 8610], [8609, 8611], [8627, 8631], [8631, 8634], [8649, 8650], [8649, 8652], [8677, 8678], [8681, 8682], [8681, 8684], [8699, 8700], [8699, 8701], [8718, 8719], [8718, 8720], [8740, 8741], [8740, 8742], [8758, 8762], [8764, 8767], [8775, 8776], [8775, 8786], [8778, 8780], [8792, 8793], [8792, 8797], [8798, 8803], [8807, 8808], [8807, 8809], [8828, 8829], [8830, 8842], [8848, 8849], [8848, 8858], [8849, 8848], [8849, 8850], [8852, 8856], [8858, 8859], [8858, 8860], [8860, 8861], [8867, 8868], [8867, 8869], [8887, 8891], [8896, -8896], [8896, 8896], [8896, 8897], [8897, -8897], [8897, 8897], [8897, 8900], [8905, 8913], [8914, -8914], [8914, 8914], [8914, 8916], [8918, 8919], [8918, 8944], [8922, 8923], [8922, 8926], [8923, -8923], [8923, 8924], [8923, 8926], [8929, 8930], [8936, 8939], [8947, 8948], [8947, 8949], [8962, 8963], [8962, 8964], [8984, 8985], [8984, 8986], [8995, 8996], [8995, 8997], [9004, 9007], [9012, 9013], [9012, 9014], [9034, 9035], [9034, 9036], [9056, 9057], [9056, 9061], [9066, 9067], [9066, 9068], [9095, 9096], [9146, 9147], [9146, 9157], [9147, 9148], [9157, 9158], [9157, 9160], [9191, 9192], [9191, 9193], [9206, 9207], [9206, 9208], [9214, 9217], [9220, 9221], [9220, 9222], [9228, 9232], [9235, 9236], [9235, 9237], [9247, 9248], [9255, 9256], [9263, 9264], [9263, 9265], [9272, 9274], [9277, 9278], [9277, 9279], [9286, 9288], [9291, 9292], [9291, 9293], [9306, 9308], [9311, 9312], [9311, 9313], [9320, 9321], [9326, 9327], [9326, 9329], [9416, 9417], [9416, 9431], [9418, 9416], [9432, 9445], [9477, -9477], [9477, 9477], [9477, 9478], [9479, -9479], [9479, 9479], [9479, 9480], [9484, 9485], [9484, 9491], [9485, 9486], [9486, 9485], [9486, 9487], [9491, 9492], [9491, 9509], [9493, 9494], [9494, 9493], [9494, 9495], [9498, 9499], [9498, 9503], [9500, 9501], [9500, 9503], [9525, 9529], [9552, 9553], [9552, 9555], [9565, 9567], [9565, 9568], [9580, 9581], [9604, 9608], [9608, 9609], [9608, 9613], [9613, 9614], [9613, 9625], [9615, -9615], [9615, 9615], [9615, 9616], [9616, 9617], [9617, 9618], [9633, 9636], [9638, 9639], [9638, 9641], [9645, 9646], [9645, 9648], [9651, 9652], [9651, 9653], [9659, 9663], [9665, 9669], [9669, 9673], [9675, 9676], [9675, 9678], [9719, 9720], [9719, 9730], [9723, 9724], [9723, 9727], [9731, 9732], [9731, 9734], [9763, 9764], [9763, 9785], [9764, 9766], [9764, 9774], [9766, 9767], [9766, 9771], [9774, 9763], [9774, 9775], [9781, 9782], [9781, 9783], [9785, 9787], [9827, 9828], [9827, 9834], [9828, 9829], [9865, 9868], [9868, -9868], [9868, 9868], [9868, 9869], [9868, 9871], [9876, 9877], [9876, 9883], [9880, 9883], [9893, 9894], [9893, 9897], [9894, 9893], [9894, 9895], [9900, 9901], [9900, 9902], [9916, 9917], [9916, 9918], [9929, 9932], [9936, 9937], [9936, 9938], [9949, 9952], [9953, -9953], [9953, 9954], [9962, 9963], [9962, 9964], [9975, 9976], [9975, 9977], [10063, 10067], [10069, 10073], [10074, 10078], [10078, 10079], [10078, 10082], [10080, 10078], [10087, 10088], [10091, 10095], [10102, -10102], [10102, 10103], [10125, 10126], [10125, 10133], [10128, 10129], [10186, 10187], [10186, 10188], [10193, -10193], [10193, 10193], [10193, 10194], [10193, 10195], [10199, -10197], [10199, 10200], [10199, 10201], [10206, 10211], [10219, 10220], [10219, 10222], [10223, 10224], [10223, 10244], [10227, 10228], [10227, 10231], [10250, 10251], [10250, 10273], [10251, 10254], [10255, -10255], [10255, 10255], [10255, 10256], [10256, -10256], [10256, 10256], [10256, 10257], [10256, 10269], [10269, 10271], [10311, 10312], [10311, 10321], [10325, 10328], [10337, 10339], [10343, 10344], [10343, 10353], [10350, 10352], [10368, 10374], [10385, -10385], [10385, 10386], [10399, 10400], [10399, 10410], [10400, 10401], [10400, 10410], [10401, 10403], [10403, 10404], [10407, 10409], [10429, 10431], [10429, 10436], [10432, 10433], [10436, 10437], [10437, 10438], [10438, 10439], [10460, 10462], [10463, 10464], [10463, 10466], [10464, 10465], [10464, 10466], [10485, 10486], [10485, 10487], [10505, 10506], [10505, 10507], [10507, -10503], [10507, 10509], [10509, 10510], [10509, 10524], [10512, 10515], [10515, 10516], [10515, 10523], [10518, 10520], [10529, -10526], [10529, 10530], [10529, 10531], [10536, -10533], [10536, 10537], [10536, 10541], [10538, 10539], [10538, 10540], [10546, -10543], [10546, 10547], [10546, 10548], [10549, 10550], [10549, 10551], [10555, -10553], [10555, 10556], [10555, 10557], [10563, 10564], [10563, 10565], [10587, 10588], [10587, 10589], [10598, 10599], [10598, 10600], [10600, 10601], [10600, 10605], [10601, 10602], [10601, 10604], [10610, 10611], [10610, 10612], [10612, 10613], [10612, 10614], [10627, 10629], [10629, 10631], [10659, -10656], [10659, 10660], [10659, 10665], [10661, 10663], [10674, -10672], [10674, 10675], [10674, 10676], [10681, 10682], [10681, 10683], [10684, 10686], [10706, 10708], [10717, 10718], [10717, 10721], [10745, 10746], [10751, 10752], [10757, 10758], [10767, 10772], [10772, 10773], [10772, 10779], [10774, 10772], [10780, 10785], [10789, 10791], [10791, 10792], [10791, 10794], [10794, 10795], [10794, 10798], [10796, 10798], [10824, 10826], [10826, 10827], [10826, 10828], [10875, 10876], [10875, 10877], [10880, 10881], [10881, 10886], [10886, 10892], [10908, 10914], [10926, 10927], [10926, 10933], [10951, 10953]], "missing_branches": [[110, 111], [110, 113], [125, 126], [125, 127], [186, 187], [194, 195], [215, 216], [216, 217], [216, 218], [223, 228], [237, 238], [260, 261], [261, 263], [261, 265], [265, 267], [265, 272], [277, 279], [389, 392], [406, 407], [408, 412], [409, 411], [436, 438], [473, 475], [475, 476], [475, 478], [489, 491], [540, -539], [542, -541], [546, -545], [550, -549], [552, -551], [554, -553], [559, -556], [586, 587], [680, 681], [680, 682], [730, 731], [820, 823], [825, 826], [833, 835], [839, 840], [856, 859], [908, 931], [923, 926], [1018, 1019], [1023, 1028], [1123, 1124], [1127, 1133], [1142, 1146], [1174, 1175], [1177, 1178], [1210, 1211], [1210, 1212], [1212, 1213], [1212, 1214], [1214, 1215], [1214, 1217], [1251, 1252], [1251, 1253], [1291, 1297], [1306, 1311], [1440, 1445], [1442, 1443], [1446, 1447], [1446, 1448], [1451, 1452], [1451, 1453], [1455, 1456], [1455, 1459], [1465, 1466], [1465, 1468], [1556, -1552], [1557, -1552], [1574, 1575], [1577, 1578], [1582, 1583], [1586, 1587], [1612, 1613], [1635, 1638], [1666, 1667], [1676, 1678], [1683, 1684], [1683, 1685], [1690, 1691], [1690, 1692], [1702, 1715], [1706, 1707], [1713, 1702], [1713, 1714], [1714, -1714], [1714, -1699], [1732, 1734], [1759, 1760], [1785, 1786], [1854, 1856], [1879, 1883], [2022, 2023], [2030, 2053], [2038, 2039], [2046, 2047], [2050, 2030], [2059, 2060], [2059, 2063], [2095, 2100], [2097, 2100], [2121, 2122], [2121, 2124], [2141, 2142], [2146, 2147], [2150, 2157], [2152, 2154], [2215, 2214], [2246, 2247], [2330, 2331], [2332, 2333], [2332, 2335], [2342, 2344], [2344, 2345], [2344, 2347], [2400, 2401], [2400, 2402], [2402, 2404], [2402, 2405], [2405, 2406], [2405, 2407], [2415, 2416], [2415, 2417], [2417, 2418], [2417, 2420], [2428, 2429], [2428, 2431], [2429, 2430], [2429, 2436], [2431, 2432], [2431, 2435], [2432, 2433], [2432, 2436], [2441, 2443], [2441, 2446], [2446, 2448], [2446, 2451], [2455, 2456], [2455, 2459], [2461, 2462], [2461, 2464], [2462, 2463], [2462, 2479], [2464, 2465], [2464, 2467], [2465, 2466], [2465, 2479], [2467, 2468], [2467, 2470], [2468, 2469], [2468, 2479], [2470, 2471], [2470, 2473], [2471, 2472], [2471, 2479], [2473, 2474], [2473, 2477], [2474, 2475], [2474, 2479], [2483, 2484], [2483, 2485], [2485, 2486], [2485, 2487], [2522, 2523], [2522, 2524], [2528, 2529], [2528, 2530], [2554, 2555], [2554, 2556], [2556, 2557], [2556, 2558], [2558, 2559], [2558, 2560], [2564, 2565], [2564, 2567], [2576, -2576], [2576, 2577], [2580, 2581], [2580, 2604], [2581, 2582], [2581, 2604], [2582, 2583], [2582, 2584], [2584, 2585], [2584, 2587], [2587, 2588], [2587, 2590], [2590, 2591], [2590, 2592], [2592, 2593], [2592, 2604], [2593, 2594], [2593, 2604], [2594, 2595], [2594, 2596], [2596, 2597], [2596, 2598], [2598, 2599], [2598, 2600], [2600, 2601], [2600, 2602], [2602, 2603], [2602, 2604], [2608, 2610], [2608, 2617], [2610, 2611], [2610, 2613], [2613, 2614], [2613, 2616], [2617, 2618], [2617, 2619], [2675, 2676], [2675, 2677], [2690, 2691], [2690, 2692], [2692, 2693], [2692, 2694], [2694, 2695], [2694, 2696], [2733, 2734], [2733, 2755], [2736, 2737], [2736, 2739], [2737, 2738], [2737, 2755], [2739, 2740], [2739, 2742], [2740, 2741], [2740, 2755], [2742, 2745], [2742, 2748], [2746, 2747], [2746, 2755], [2748, 2751], [2748, 2755], [2752, 2753], [2752, 2755], [2755, 2756], [2755, 2757], [2794, 2796], [2819, -2819], [2819, 2820], [2824, 2825], [2824, 2826], [2826, 2827], [2826, 2828], [2828, 2829], [2828, 2830], [2830, 2831], [2830, 2832], [2832, 2833], [2832, 2835], [2835, 2836], [2835, 2837], [2837, 2838], [2837, 2839], [2839, 2840], [2839, 2841], [2841, 2842], [2841, 2843], [2843, 2844], [2843, 2845], [2845, 2846], [2845, 2847], [2847, 2848], [2847, 2849], [2849, 2850], [2849, 2851], [2851, 2852], [2851, 2853], [2853, 2854], [2853, 2855], [2855, 2856], [2855, 2857], [2857, 2858], [2857, 2859], [2863, 2865], [2865, 2868], [2887, 2888], [2887, 2889], [2977, 2978], [2977, 2980], [2995, -2995], [2995, 2996], [2998, 2999], [2998, 3004], [2999, 3000], [2999, 3004], [3000, 3001], [3000, 3004], [3001, 3002], [3001, 3004], [3002, 3003], [3002, 3004], [3008, 3009], [3008, 3010], [3010, 3011], [3010, 3012], [3080, 3081], [3080, 3082], [3101, -3101], [3101, 3102], [3105, 3106], [3105, 3121], [3106, 3107], [3106, 3121], [3107, 3108], [3107, 3121], [3108, 3109], [3108, 3121], [3109, 3110], [3109, 3121], [3110, 3111], [3110, 3121], [3111, 3112], [3111, 3121], [3112, 3113], [3112, 3121], [3113, 3114], [3113, 3121], [3114, 3115], [3114, 3121], [3115, 3116], [3115, 3121], [3116, 3117], [3116, 3121], [3117, 3118], [3117, 3121], [3118, 3119], [3118, 3121], [3119, 3120], [3119, 3121], [3125, 3126], [3125, 3127], [3127, 3128], [3127, 3129], [3237, 3238], [3237, 3239], [3239, 3240], [3239, 3241], [3241, 3242], [3241, 3243], [3243, 3244], [3243, 3245], [3245, 3246], [3245, 3247], [3247, 3248], [3247, 3249], [3249, 3250], [3249, 3251], [3251, 3252], [3251, 3253], [3257, 3258], [3257, 3259], [3259, 3260], [3259, 3261], [3293, 3294], [3293, 3296], [3296, 3297], [3296, 3300], [3310, -3309], [3311, 3312], [3316, -3315], [3317, 3318], [3322, -3321], [3322, 3323], [3323, -3321], [3323, 3324], [3328, -3327], [3328, 3329], [3329, -3327], [3329, 3330], [3340, 3341], [3340, 3343], [3341, 3340], [3341, 3342], [3361, 3362], [3361, 3363], [3379, 3381], [3399, 3400], [3422, 3423], [3426, 3430], [3427, 3428], [3441, 3442], [3445, 3449], [3456, 3459], [3514, 3517], [3527, 3533], [3531, 3532], [3565, 3568], [3568, 3569], [3568, 3582], [3574, 3575], [3574, 3580], [3636, 3637], [3646, 3647], [3676, 3677], [3676, 3679], [3690, 3696], [3710, 3711], [3721, 3722], [3729, 3730], [3826, 3830], [3843, 3844], [3843, 3845], [3846, 3847], [3846, 3848], [4005, 4008], [4012, 4013], [4021, 4022], [4030, 4031], [4030, 4033], [4056, 4057], [4059, 4069], [4081, 4083], [4138, 4141], [4148, 4149], [4150, 4151], [4150, 4158], [4152, 4153], [4152, 4155], [4158, 4159], [4160, 4161], [4160, 4168], [4162, 4163], [4162, 4166], [4170, 4192], [4178, 4179], [4180, 4174], [4180, 4182], [4222, 4225], [4227, 4232], [4244, 4245], [4244, 4248], [4271, 4272], [4272, 4273], [4272, 4278], [4280, 4281], [4281, 4282], [4281, 4287], [4297, 4298], [4297, 4303], [4309, 4312], [4345, 4346], [4345, 4350], [4444, 4451], [4464, 4465], [4473, 4475], [4494, 4497], [4555, 4556], [4557, 4559], [4596, 4601], [4654, 4655], [4680, 4681], [4685, 4686], [4688, 4691], [4693, 4694], [4694, 4695], [4694, 4697], [4715, 4717], [4730, 4731], [4738, 4739], [4740, -4740], [4740, 4741], [4741, 4742], [4741, 4743], [4789, 4791], [4805, 4806], [4822, 4823], [4826, 4827], [4830, 4831], [4871, -4871], [4871, 4873], [4873, 4874], [4873, 4875], [4895, -4895], [4895, 4897], [4897, 4898], [4897, 4899], [4918, 4920], [4951, 4954], [4981, 4982], [4986, 4987], [5037, -5037], [5037, -5034], [5062, 5066], [5066, -5059], [5066, 5067], [5078, 5079], [5084, 5082], [5094, 5095], [5127, 5131], [5133, -5133], [5133, 5134], [5135, -5135], [5135, 5137], [5137, 5138], [5137, 5148], [5138, 5137], [5138, 5139], [5141, 5138], [5141, 5142], [5213, 5214], [5244, 5245], [5270, 5274], [5280, 5281], [5284, 5285], [5290, 5265], [5297, 5298], [5299, 5300], [5299, 5309], [5300, 5299], [5300, 5301], [5301, 5302], [5301, 5303], [5304, 5299], [5304, 5305], [5305, -5296], [5305, 5306], [5347, 5348], [5359, 5357], [5360, 5357], [5367, 5368], [5367, 5370], [5368, 5367], [5368, 5369], [5395, 5396], [5395, 5398], [5396, 5395], [5396, 5397], [5501, 5502], [5529, 5530], [5529, 5533], [5539, 5540], [5539, 5542], [5573, 5574], [5573, 5577], [5577, 5578], [5577, 5581], [5584, 5585], [5584, 5616], [5596, -5596], [5596, 5597], [5610, 5611], [5610, 5614], [5645, 5646], [5658, 5659], [5664, 5665], [5668, 5669], [5692, 5696], [5722, 5725], [5741, 5744], [5772, 5775], [5786, 5788], [5801, 5798], [5809, 5814], [5810, 5814], [5820, 5821], [5839, 5840], [5840, 5841], [5840, 5843], [5843, 5844], [5844, 5845], [5844, 5847], [5845, -5845], [5845, 5849], [5847, -5847], [5847, 5849], [5849, 5850], [5852, 5853], [5852, 5862], [5856, 5857], [5856, 5859], [5859, 5860], [5859, 5870], [5863, 5864], [5863, 5866], [5884, 5885], [5889, 5890], [5895, 5896], [5899, 5900], [5939, 5940], [5945, 5946], [5954, 5955], [5996, 5999], [6067, 6068], [6075, 6076], [6081, 6082], [6119, 6120], [6128, 6144], [6129, 6130], [6138, 6139], [6166, -6162], [6168, 6166], [6173, 6174], [6176, 6177], [6178, 6181], [6184, 6185], [6184, 6189], [6185, 6186], [6185, 6189], [6187, 6185], [6187, 6188], [6194, 6208], [6200, 6201], [6205, 6207], [6226, 6227], [6226, 6231], [6227, 6228], [6227, 6229], [6232, 6233], [6232, 6236], [6244, 6245], [6248, 6249], [6250, 6251], [6269, 6271], [6291, 6292], [6296, 6297], [6303, 6306], [6317, 6318], [6339, 6340], [6381, 6382], [6381, 6384], [6390, -6390], [6390, 6391], [6392, 6393], [6392, 6403], [6398, 6399], [6398, 6401], [6408, 6409], [6427, 6428], [6458, 6459], [6467, 6468], [6484, 6485], [6488, 6489], [6494, 6497], [6521, 6522], [6527, 6529], [6547, 6548], [6556, 6557], [6579, 6580], [6588, 6589], [6612, 6613], [6624, 6625], [6626, 6628], [6652, 6654], [6655, 6656], [6666, 6667], [6671, 6672], [6720, 6722], [6755, 6756], [6768, 6769], [6778, 6789], [6804, 6805], [6809, 6810], [6864, 6856], [6865, 6856], [6866, 6856], [6867, 6869], [6869, 6870], [6915, 6916], [6920, 6921], [6993, 6994], [6997, 6998], [7008, 7024], [7017, 7019], [7017, 7021], [7024, 7025], [7024, 7028], [7030, 7031], [7030, 7035], [7052, -7052], [7052, 7053], [7072, 7073], [7139, 7140], [7159, 7160], [7163, 7164], [7168, 7169], [7174, 7175], [7183, 7184], [7184, 7185], [7184, 7186], [7186, 7187], [7189, 7191], [7189, 7192], [7201, 7202], [7207, 7208], [7234, 7240], [7249, 7250], [7249, 7294], [7250, 7251], [7250, 7253], [7255, 7256], [7255, 7258], [7261, 7264], [7261, 7267], [7276, 7277], [7276, 7279], [7280, 7281], [7280, 7283], [7284, 7285], [7284, 7287], [7289, 7290], [7289, 7292], [7294, 7295], [7294, 7297], [7308, 7309], [7358, 7359], [7360, 7361], [7360, 7365], [7367, 7368], [7383, 7384], [7383, 7386], [7394, 7397], [7404, 7405], [7404, 7406], [7406, 7407], [7406, 7410], [7411, 7413], [7411, 7416], [7419, 7420], [7419, 7423], [7423, 7424], [7423, 7427], [7434, 7435], [7434, 7441], [7443, 7444], [7443, 7447], [7465, 7466], [7465, 7468], [7471, 7472], [7471, 7494], [7472, 7473], [7472, 7475], [7475, 7476], [7475, 7479], [7476, 7471], [7476, 7477], [7480, 7481], [7480, 7483], [7483, 7471], [7483, 7485], [7490, 7471], [7490, 7491], [7491, 7490], [7491, 7492], [7494, 7495], [7494, 7497], [7497, -7497], [7497, 7499], [7500, 7501], [7500, 7505], [7507, 7508], [7507, 7509], [7523, 7524], [7548, 7549], [7559, 7563], [7575, -7572], [7582, 7583], [7585, 7586], [7585, 7588], [7590, 7593], [7595, 7578], [7609, 7610], [7613, 7614], [7620, 7621], [7630, 7631], [7652, 7653], [7663, 7664], [7672, 7673], [7675, 7688], [7679, 7680], [7681, 7682], [7685, 7686], [7694, 7695], [7697, 7698], [7700, 7701], [7711, 7712], [7713, 7729], [7722, 7723], [7729, 7730], [7729, 7731], [7744, 7743], [7745, 7746], [7746, 7743], [7746, 7747], [7754, 7755], [7803, 7804], [7813, 7814], [7818, 7819], [7820, 7823], [7842, 7843], [7848, 7851], [7876, 7880], [7881, 7882], [7881, 7883], [7905, 7906], [7955, 7956], [7956, -7956], [7956, 7957], [8043, 8044], [8047, 8048], [8140, 8141], [8159, 8160], [8170, 8171], [8192, 8213], [8199, 8213], [8282, 8283], [8286, 8287], [8318, 8319], [8330, 8342], [8331, 8335], [8335, 8336], [8335, 8340], [8371, 8372], [8375, 8378], [8389, 8390], [8391, 8383], [8391, 8392], [8399, 8400], [8409, 8410], [8460, 8461], [8461, 8462], [8461, 8463], [8463, 8464], [8463, 8466], [8507, 8508], [8514, 8522], [8522, 8523], [8528, 8529], [8531, 8532], [8531, 8533], [8566, 8567], [8595, 8596], [8627, 8628], [8631, 8632], [8677, 8696], [8758, 8759], [8764, 8765], [8778, 8779], [8798, 8799], [8828, 8833], [8830, 8831], [8833, 8834], [8833, 8839], [8835, 8836], [8835, 8842], [8852, 8853], [8860, 8863], [8887, 8888], [8905, 8906], [8909, 8910], [8909, 8913], [8929, 8933], [8936, 8937], [8970, 8971], [8970, 8974], [8975, 8976], [8975, 8978], [9004, 9005], [9027, 9028], [9027, 9030], [9095, 9099], [9099, 9100], [9099, 9101], [9127, 9128], [9127, 9132], [9129, 9130], [9129, 9134], [9134, 9135], [9134, 9139], [9136, 9137], [9136, 9140], [9147, 9155], [9214, 9215], [9228, 9229], [9230, 9231], [9230, 9232], [9247, 9249], [9255, 9260], [9272, 9273], [9286, 9287], [9306, 9307], [9320, 9322], [9418, 9419], [9420, 9416], [9420, 9421], [9422, 9416], [9422, 9423], [9423, 9424], [9423, 9427], [9424, 9422], [9424, 9425], [9427, 9422], [9427, 9428], [9428, 9422], [9428, 9429], [9432, 9433], [9439, 9440], [9439, 9445], [9459, 9460], [9459, 9464], [9460, 9459], [9460, 9461], [9485, 9484], [9493, 9491], [9525, 9526], [9580, 9582], [9604, 9605], [9616, 9623], [9617, 9621], [9633, 9634], [9659, 9660], [9665, 9666], [9669, 9670], [9691, 9693], [9691, 9695], [9693, -9693], [9693, -9688], [9695, 9697], [9695, 9700], [9697, -9697], [9697, -9688], [9700, -9700], [9700, -9688], [9754, 9755], [9754, 9757], [9785, 9786], [9805, 9806], [9805, 9809], [9809, 9810], [9809, 9811], [9828, 9832], [9850, 9851], [9850, 9854], [9865, 9866], [9880, 9881], [9929, 9930], [9949, 9950], [9992, 9993], [9992, 9996], [9997, 9998], [9997, 10001], [10011, -10011], [10011, 10013], [10063, 10064], [10069, 10070], [10074, 10075], [10080, 10081], [10087, 10099], [10091, 10092], [10113, -10111], [10113, 10114], [10114, -10111], [10114, 10115], [10116, 10117], [10116, 10118], [10128, 10130], [10206, 10207], [10251, 10252], [10269, 10270], [10277, -10275], [10277, 10278], [10278, 10279], [10278, 10280], [10283, -10283], [10283, 10287], [10325, 10327], [10337, 10338], [10350, 10351], [10357, 10358], [10357, 10359], [10368, 10371], [10401, 10402], [10403, 10406], [10407, 10408], [10432, -10427], [10436, -10427], [10437, -10427], [10438, -10427], [10460, 10461], [10507, 10508], [10512, 10513], [10518, 10519], [10627, 10628], [10629, 10630], [10661, 10662], [10684, 10685], [10706, 10707], [10745, 10750], [10751, 10756], [10757, 10762], [10767, 10768], [10774, 10775], [10780, 10781], [10789, 10790], [10796, 10797], [10824, 10825], [10880, -52], [10881, 10882], [10886, 10887], [10908, 10909], [10951, 10955]]}}, "totals": {"covered_lines": 5581, "num_statements": 7398, "percent_covered": 71.25407166123779, "percent_covered_display": "71", "missing_lines": 1817, "excluded_lines": 0, "num_branches": 2426, "num_partial_branches": 407, "covered_branches": 1419, "missing_branches": 1007}}