<?xml version="1.0" ?>
<coverage version="6.5.0" timestamp="1669180735600" lines-valid="7398" lines-covered="5581" line-rate="0.7544" branches-valid="2426" branches-covered="1419" branch-rate="0.5849" complexity="0">
	<!-- Generated by coverage.py: https://coverage.readthedocs.io -->
	<!-- Based on https://raw.githubusercontent.com/cobertura/web/master/htdocs/xml/coverage-04.dtd -->
	<sources>
		<source>/home/runner/work/gef/gef</source>
	</sources>
	<packages>
		<package name="." line-rate="0.7544" branch-rate="0.5849" complexity="0">
			<classes>
				<class name="gef.py" filename="gef.py" complexity="0" line-rate="0.7544" branch-rate="0.5849">
					<methods/>
					<lines>
						<line number="52" hits="1"/>
						<line number="53" hits="1"/>
						<line number="54" hits="1"/>
						<line number="55" hits="1"/>
						<line number="56" hits="1"/>
						<line number="57" hits="1"/>
						<line number="58" hits="1"/>
						<line number="59" hits="1"/>
						<line number="60" hits="1"/>
						<line number="61" hits="1"/>
						<line number="62" hits="1"/>
						<line number="63" hits="1"/>
						<line number="64" hits="1"/>
						<line number="65" hits="1"/>
						<line number="66" hits="1"/>
						<line number="67" hits="1"/>
						<line number="68" hits="1"/>
						<line number="69" hits="1"/>
						<line number="70" hits="1"/>
						<line number="71" hits="1"/>
						<line number="72" hits="1"/>
						<line number="73" hits="1"/>
						<line number="74" hits="1"/>
						<line number="75" hits="1"/>
						<line number="76" hits="1"/>
						<line number="77" hits="1"/>
						<line number="78" hits="1"/>
						<line number="79" hits="1"/>
						<line number="80" hits="1"/>
						<line number="81" hits="1"/>
						<line number="82" hits="1"/>
						<line number="83" hits="1"/>
						<line number="84" hits="1"/>
						<line number="85" hits="1"/>
						<line number="86" hits="1"/>
						<line number="87" hits="1"/>
						<line number="90" hits="1"/>
						<line number="92" hits="1"/>
						<line number="93" hits="1"/>
						<line number="95" hits="1"/>
						<line number="98" hits="1"/>
						<line number="99" hits="1"/>
						<line number="100" hits="1"/>
						<line number="101" hits="1"/>
						<line number="102" hits="1"/>
						<line number="105" hits="1"/>
						<line number="108" hits="0"/>
						<line number="109" hits="0"/>
						<line number="110" hits="0" branch="true" condition-coverage="0% (0/2)" missing-branches="111,113"/>
						<line number="111" hits="0"/>
						<line number="112" hits="0"/>
						<line number="113" hits="0"/>
						<line number="114" hits="0"/>
						<line number="115" hits="0"/>
						<line number="116" hits="0"/>
						<line number="117" hits="0"/>
						<line number="121" hits="1"/>
						<line number="122" hits="1"/>
						<line number="123" hits="0"/>
						<line number="125" hits="0" branch="true" condition-coverage="0% (0/2)" missing-branches="126,127"/>
						<line number="126" hits="0"/>
						<line number="127" hits="0"/>
						<line number="128" hits="0"/>
						<line number="131" hits="1"/>
						<line number="132" hits="1"/>
						<line number="133" hits="1"/>
						<line number="134" hits="1"/>
						<line number="136" hits="1"/>
						<line number="137" hits="1"/>
						<line number="139" hits="1"/>
						<line number="142" hits="1"/>
						<line number="143" hits="1"/>
						<line number="145" hits="1"/>
						<line number="146" hits="1"/>
						<line number="148" hits="1"/>
						<line number="149" hits="1"/>
						<line number="150" hits="1"/>
						<line number="151" hits="1"/>
						<line number="152" hits="1"/>
						<line number="153" hits="1"/>
						<line number="154" hits="1"/>
						<line number="155" hits="1"/>
						<line number="156" hits="1"/>
						<line number="157" hits="1"/>
						<line number="158" hits="1"/>
						<line number="160" hits="1"/>
						<line number="162" hits="1"/>
						<line number="163" hits="1"/>
						<line number="164" hits="1"/>
						<line number="165" hits="1"/>
						<line number="166" hits="1"/>
						<line number="169" hits="1"/>
						<line number="173" hits="1" branch="true" condition-coverage="100% (2/2)"/>
						<line number="174" hits="1"/>
						<line number="175" hits="1" branch="true" condition-coverage="100% (2/2)"/>
						<line number="176" hits="1"/>
						<line number="178" hits="1"/>
						<line number="179" hits="1"/>
						<line number="182" hits="1"/>
						<line number="185" hits="1"/>
						<line number="186" hits="1" branch="true" condition-coverage="50% (1/2)" missing-branches="187"/>
						<line number="187" hits="0"/>
						<line number="188" hits="0"/>
						<line number="189" hits="0"/>
						<line number="191" hits="1"/>
						<line number="192" hits="1"/>
						<line number="194" hits="1" branch="true" condition-coverage="50% (1/2)" missing-branches="195"/>
						<line number="195" hits="0"/>
						<line number="196" hits="1"/>
						<line number="199" hits="1"/>
						<line number="212" hits="1" branch="true" condition-coverage="100% (2/2)"/>
						<line number="213" hits="1"/>
						<line number="215" hits="1" branch="true" condition-coverage="50% (1/2)" missing-branches="216"/>
						<line number="216" hits="0" branch="true" condition-coverage="0% (0/2)" missing-branches="217,218"/>
						<line number="217" hits="0"/>
						<line number="218" hits="0"/>
						<line number="220" hits="1"/>
						<line number="222" hits="1" branch="true" condition-coverage="100% (2/2)"/>
						<line number="223" hits="1" branch="true" condition-coverage="50% (1/2)" missing-branches="228"/>
						<line number="224" hits="1"/>
						<line number="225" hits="1" branch="true" condition-coverage="100% (2/2)"/>
						<line number="226" hits="1"/>
						<line number="227" hits="1"/>
						<line number="228" hits="1"/>
						<line number="229" hits="1"/>
						<line number="231" hits="1"/>
						<line number="234" hits="1"/>
						<line number="236" hits="1" branch="true" condition-coverage="100% (2/2)"/>
						<line number="237" hits="1" branch="true" condition-coverage="50% (1/2)" missing-branches="238"/>
						<line number="238" hits="0"/>
						<line number="239" hits="0"/>
						<line number="241" hits="1"/>
						<line number="242" hits="1"/>
						<line number="245" hits="1"/>
						<line number="248" hits="1"/>
						<line number="249" hits="1"/>
						<line number="252" hits="1" branch="true" condition-coverage="100% (2/2)"/>
						<line number="253" hits="1"/>
						<line number="255" hits="1"/>
						<line number="256" hits="1"/>
						<line number="257" hits="1"/>
						<line number="259" hits="1"/>
						<line number="260" hits="1" branch="true" condition-coverage="50% (1/2)" missing-branches="261"/>
						<line number="261" hits="0" branch="true" condition-coverage="0% (0/2)" missing-branches="263,265"/>
						<line number="263" hits="0"/>
						<line number="264" hits="0"/>
						<line number="265" hits="0" branch="true" condition-coverage="0% (0/2)" missing-branches="267,272"/>
						<line number="267" hits="0"/>
						<line number="268" hits="0"/>
						<line number="269" hits="0"/>
						<line number="272" hits="0"/>
						<line number="274" hits="1"/>
						<line number="275" hits="1"/>
						<line number="277" hits="1" branch="true" condition-coverage="50% (1/2)" missing-branches="279"/>
						<line number="279" hits="0"/>
						<line number="280" hits="0"/>
						<line number="281" hits="0"/>
						<line number="283" hits="1"/>
						<line number="284" hits="1"/>
						<line number="285" hits="1"/>
						<line number="286" hits="1"/>
						<line number="288" hits="1"/>
						<line number="295" hits="1"/>
						<line number="297" hits="0"/>
						<line number="298" hits="0"/>
						<line number="301" hits="1"/>
						<line number="303" hits="0"/>
						<line number="304" hits="0"/>
						<line number="307" hits="1"/>
						<line number="309" hits="0"/>
						<line number="310" hits="0"/>
						<line number="313" hits="1"/>
						<line number="315" hits="1"/>
						<line number="316" hits="1"/>
						<line number="319" hits="1"/>
						<line number="321" hits="1"/>
						<line number="322" hits="1"/>
						<line number="325" hits="1"/>
						<line number="327" hits="1"/>
						<line number="328" hits="1"/>
						<line number="331" hits="1"/>
						<line number="333" hits="1"/>
						<line number="334" hits="1"/>
						<line number="337" hits="1"/>
						<line number="339" hits="1"/>
						<line number="340" hits="1"/>
						<line number="343" hits="1"/>
						<line number="345" hits="1"/>
						<line number="346" hits="1"/>
						<line number="347" hits="0"/>
						<line number="348" hits="0"/>
						<line number="351" hits="1"/>
						<line number="353" hits="1"/>
						<line number="354" hits="1"/>
						<line number="355" hits="0"/>
						<line number="356" hits="0"/>
						<line number="359" hits="1"/>
						<line number="361" hits="1"/>
						<line number="362" hits="1"/>
						<line number="363" hits="1"/>
						<line number="364" hits="0"/>
						<line number="365" hits="0"/>
						<line number="371" hits="1"/>
						<line number="374" hits="1"/>
						<line number="375" hits="1"/>
						<line number="376" hits="1" branch="true" condition-coverage="100% (2/2)"/>
						<line number="377" hits="1"/>
						<line number="379" hits="1"/>
						<line number="381" hits="1"/>
						<line number="384" hits="1"/>
						<line number="387" hits="1"/>
						<line number="388" hits="1"/>
						<line number="389" hits="1" branch="true" condition-coverage="50% (1/2)" missing-branches="392"/>
						<line number="390" hits="1"/>
						<line number="392" hits="0"/>
						<line number="394" hits="1"/>
						<line number="397" hits="1"/>
						<line number="399" hits="1"/>
						<line number="400" hits="1"/>
						<line number="401" hits="1"/>
						<line number="402" hits="1"/>
						<line number="403" hits="1"/>
						<line number="404" hits="1"/>
						<line number="405" hits="1"/>
						<line number="406" hits="1" branch="true" condition-coverage="50% (1/2)" missing-branches="407"/>
						<line number="407" hits="0"/>
						<line number="408" hits="1" branch="true" condition-coverage="50% (1/2)" missing-branches="412"/>
						<line number="409" hits="1" branch="true" condition-coverage="50% (1/2)" missing-branches="411"/>
						<line number="410" hits="1"/>
						<line number="411" hits="1"/>
						<line number="412" hits="1"/>
						<line number="414" hits="1" branch="true" condition-coverage="100% (2/2)"/>
						<line number="415" hits="1"/>
						<line number="416" hits="1"/>
						<line number="417" hits="1"/>
						<line number="418" hits="1"/>
						<line number="421" hits="1"/>
						<line number="424" hits="1"/>
						<line number="425" hits="1"/>
						<line number="426" hits="1"/>
						<line number="427" hits="1"/>
						<line number="429" hits="1"/>
						<line number="432" hits="1"/>
						<line number="434" hits="1"/>
						<line number="435" hits="1"/>
						<line number="436" hits="1" branch="true" condition-coverage="50% (1/2)" missing-branches="438"/>
						<line number="437" hits="1"/>
						<line number="438" hits="0"/>
						<line number="439" hits="1"/>
						<line number="440" hits="1"/>
						<line number="443" hits="1"/>
						<line number="445" hits="1"/>
						<line number="446" hits="1"/>
						<line number="449" hits="1"/>
						<line number="450" hits="0"/>
						<line number="453" hits="1"/>
						<line number="456" hits="1"/>
						<line number="460" hits="1" branch="true" condition-coverage="100% (2/2)"/>
						<line number="462" hits="1"/>
						<line number="463" hits="1"/>
						<line number="464" hits="1"/>
						<line number="465" hits="1" branch="true" condition-coverage="100% (2/2)"/>
						<line number="466" hits="1"/>
						<line number="467" hits="1"/>
						<line number="468" hits="1" branch="true" condition-coverage="100% (2/2)"/>
						<line number="469" hits="1"/>
						<line number="471" hits="1"/>
						<line number="472" hits="1"/>
						<line number="473" hits="1" branch="true" condition-coverage="50% (1/2)" missing-branches="475"/>
						<line number="475" hits="0" branch="true" condition-coverage="0% (0/2)" missing-branches="476,478"/>
						<line number="476" hits="0"/>
						<line number="478" hits="0"/>
						<line number="480" hits="1" branch="true" condition-coverage="100% (2/2)"/>
						<line number="481" hits="1"/>
						<line number="482" hits="1"/>
						<line number="484" hits="1"/>
						<line number="486" hits="1"/>
						<line number="488" hits="1" branch="true" condition-coverage="100% (2/2)"/>
						<line number="489" hits="1" branch="true" condition-coverage="50% (1/2)" missing-branches="491"/>
						<line number="491" hits="0"/>
						<line number="492" hits="1"/>
						<line number="493" hits="1"/>
						<line number="494" hits="1" branch="true" condition-coverage="100% (2/2)"/>
						<line number="495" hits="1"/>
						<line number="496" hits="1" branch="true" condition-coverage="100% (2/2)"/>
						<line number="497" hits="1"/>
						<line number="498" hits="1" branch="true" condition-coverage="100% (2/2)"/>
						<line number="499" hits="1"/>
						<line number="501" hits="1"/>
						<line number="503" hits="1"/>
						<line number="504" hits="1"/>
						<line number="505" hits="1"/>
						<line number="506" hits="1"/>
						<line number="507" hits="1"/>
						<line number="510" hits="1"/>
						<line number="512" hits="1"/>
						<line number="531" hits="1"/>
						<line number="532" hits="1" branch="true" condition-coverage="100% (2/2)"/>
						<line number="533" hits="1"/>
						<line number="534" hits="1" branch="true" condition-coverage="100% (2/2)"/>
						<line number="535" hits="1"/>
						<line number="536" hits="1" branch="true" condition-coverage="100% (2/2)"/>
						<line number="537" hits="1"/>
						<line number="538" hits="1" branch="true" condition-coverage="100% (2/2)"/>
						<line number="539" hits="1"/>
						<line number="540" hits="1" branch="true" condition-coverage="50% (1/2)" missing-branches="exit"/>
						<line number="541" hits="1"/>
						<line number="542" hits="1" branch="true" condition-coverage="50% (1/2)" missing-branches="exit"/>
						<line number="543" hits="1"/>
						<line number="544" hits="1" branch="true" condition-coverage="100% (2/2)"/>
						<line number="545" hits="1"/>
						<line number="546" hits="1" branch="true" condition-coverage="50% (1/2)" missing-branches="exit"/>
						<line number="547" hits="1"/>
						<line number="548" hits="1" branch="true" condition-coverage="100% (2/2)"/>
						<line number="549" hits="1"/>
						<line number="550" hits="1" branch="true" condition-coverage="50% (1/2)" missing-branches="exit"/>
						<line number="551" hits="1"/>
						<line number="552" hits="1" branch="true" condition-coverage="50% (1/2)" missing-branches="exit"/>
						<line number="553" hits="1"/>
						<line number="554" hits="1" branch="true" condition-coverage="50% (1/2)" missing-branches="exit"/>
						<line number="556" hits="1"/>
						<line number="557" hits="1"/>
						<line number="559" hits="1" branch="true" condition-coverage="50% (1/2)" missing-branches="exit"/>
						<line number="561" hits="1"/>
						<line number="562" hits="1" branch="true" condition-coverage="100% (2/2)"/>
						<line number="563" hits="1"/>
						<line number="564" hits="1"/>
						<line number="565" hits="1"/>
						<line number="566" hits="1"/>
						<line number="567" hits="1"/>
						<line number="568" hits="1"/>
						<line number="571" hits="1"/>
						<line number="573" hits="1"/>
						<line number="574" hits="1"/>
						<line number="575" hits="1"/>
						<line number="576" hits="1"/>
						<line number="577" hits="1"/>
						<line number="579" hits="1"/>
						<line number="580" hits="1"/>
						<line number="581" hits="1"/>
						<line number="582" hits="1"/>
						<line number="583" hits="1"/>
						<line number="584" hits="1" branch="true" condition-coverage="100% (2/2)"/>
						<line number="585" hits="1"/>
						<line number="586" hits="1" branch="true" condition-coverage="50% (1/2)" missing-branches="587"/>
						<line number="587" hits="0"/>
						<line number="588" hits="1" branch="true" condition-coverage="100% (2/2)"/>
						<line number="589" hits="1"/>
						<line number="590" hits="1"/>
						<line number="592" hits="1"/>
						<line number="593" hits="0"/>
						<line number="595" hits="1"/>
						<line number="596" hits="1"/>
						<line number="599" hits="1"/>
						<line number="600" hits="1"/>
						<line number="602" hits="1"/>
						<line number="603" hits="1"/>
						<line number="605" hits="1"/>
						<line number="606" hits="1"/>
						<line number="607" hits="1"/>
						<line number="608" hits="1"/>
						<line number="610" hits="1"/>
						<line number="611" hits="1"/>
						<line number="612" hits="1" branch="true" condition-coverage="100% (2/2)"/>
						<line number="615" hits="1"/>
						<line number="617" hits="1"/>
						<line number="618" hits="1"/>
						<line number="619" hits="1"/>
						<line number="620" hits="1"/>
						<line number="621" hits="1"/>
						<line number="623" hits="1"/>
						<line number="624" hits="1"/>
						<line number="625" hits="1"/>
						<line number="626" hits="1"/>
						<line number="627" hits="1"/>
						<line number="628" hits="1"/>
						<line number="630" hits="1"/>
						<line number="631" hits="1"/>
						<line number="632" hits="1"/>
						<line number="633" hits="1" branch="true" condition-coverage="100% (2/2)"/>
						<line number="634" hits="1"/>
						<line number="635" hits="1"/>
						<line number="636" hits="1"/>
						<line number="637" hits="1"/>
						<line number="639" hits="1"/>
						<line number="640" hits="1"/>
						<line number="641" hits="1"/>
						<line number="642" hits="1"/>
						<line number="643" hits="1"/>
						<line number="644" hits="1"/>
						<line number="645" hits="1"/>
						<line number="647" hits="1"/>
						<line number="648" hits="1"/>
						<line number="649" hits="1"/>
						<line number="652" hits="1"/>
						<line number="653" hits="1"/>
						<line number="654" hits="1"/>
						<line number="657" hits="1"/>
						<line number="660" hits="1"/>
						<line number="661" hits="1"/>
						<line number="662" hits="1"/>
						<line number="663" hits="1"/>
						<line number="664" hits="1"/>
						<line number="665" hits="1"/>
						<line number="666" hits="1"/>
						<line number="667" hits="1"/>
						<line number="669" hits="1"/>
						<line number="670" hits="0"/>
						<line number="672" hits="1"/>
						<line number="673" hits="1"/>
						<line number="675" hits="1"/>
						<line number="676" hits="1"/>
						<line number="678" hits="1"/>
						<line number="679" hits="1"/>
						<line number="680" hits="0" branch="true" condition-coverage="0% (0/2)" missing-branches="681,682"/>
						<line number="681" hits="0"/>
						<line number="682" hits="0"/>
						<line number="684" hits="1"/>
						<line number="685" hits="1"/>
						<line number="687" hits="0"/>
						<line number="689" hits="1"/>
						<line number="690" hits="0"/>
						<line number="694" hits="1"/>
						<line number="697" hits="1"/>
						<line number="698" hits="1"/>
						<line number="699" hits="1"/>
						<line number="701" hits="1"/>
						<line number="702" hits="1"/>
						<line number="704" hits="1"/>
						<line number="705" hits="0"/>
						<line number="707" hits="1"/>
						<line number="708" hits="0"/>
						<line number="711" hits="1"/>
						<line number="712" hits="1"/>
						<line number="715" hits="1"/>
						<line number="716" hits="1"/>
						<line number="717" hits="1"/>
						<line number="718" hits="1"/>
						<line number="719" hits="1"/>
						<line number="720" hits="1"/>
						<line number="722" hits="1"/>
						<line number="723" hits="0"/>
						<line number="725" hits="1"/>
						<line number="727" hits="1"/>
						<line number="728" hits="1"/>
						<line number="729" hits="1" branch="true" condition-coverage="100% (2/2)"/>
						<line number="730" hits="1" branch="true" condition-coverage="50% (1/2)" missing-branches="731"/>
						<line number="731" hits="0"/>
						<line number="732" hits="1"/>
						<line number="733" hits="1"/>
						<line number="735" hits="1"/>
						<line number="736" hits="1"/>
						<line number="737" hits="0"/>
						<line number="739" hits="1"/>
						<line number="740" hits="0"/>
						<line number="743" hits="1"/>
						<line number="750" hits="1"/>
						<line number="751" hits="1"/>
						<line number="752" hits="1"/>
						<line number="754" hits="1"/>
						<line number="756" hits="1"/>
						<line number="757" hits="1"/>
						<line number="758" hits="1"/>
						<line number="759" hits="1"/>
						<line number="760" hits="1"/>
						<line number="761" hits="1"/>
						<line number="762" hits="1"/>
						<line number="763" hits="1"/>
						<line number="764" hits="1"/>
						<line number="765" hits="1"/>
						<line number="766" hits="1"/>
						<line number="767" hits="1"/>
						<line number="768" hits="1"/>
						<line number="770" hits="1"/>
						<line number="771" hits="1"/>
						<line number="772" hits="1"/>
						<line number="773" hits="1"/>
						<line number="774" hits="1"/>
						<line number="776" hits="1"/>
						<line number="777" hits="1"/>
						<line number="778" hits="1"/>
						<line number="779" hits="1"/>
						<line number="780" hits="1"/>
						<line number="781" hits="1"/>
						<line number="782" hits="1"/>
						<line number="783" hits="1"/>
						<line number="784" hits="1"/>
						<line number="785" hits="1"/>
						<line number="787" hits="1"/>
						<line number="788" hits="1"/>
						<line number="789" hits="1"/>
						<line number="790" hits="1"/>
						<line number="791" hits="1"/>
						<line number="792" hits="1"/>
						<line number="793" hits="1"/>
						<line number="794" hits="1"/>
						<line number="795" hits="1"/>
						<line number="796" hits="1"/>
						<line number="797" hits="1"/>
						<line number="798" hits="1"/>
						<line number="799" hits="1"/>
						<line number="800" hits="1"/>
						<line number="801" hits="1"/>
						<line number="802" hits="1"/>
						<line number="803" hits="1"/>
						<line number="804" hits="1"/>
						<line number="805" hits="1"/>
						<line number="806" hits="1"/>
						<line number="808" hits="1"/>
						<line number="809" hits="1"/>
						<line number="810" hits="1"/>
						<line number="811" hits="1"/>
						<line number="813" hits="1"/>
						<line number="815" hits="1"/>
						<line number="818" hits="1" branch="true" condition-coverage="100% (2/2)"/>
						<line number="819" hits="1"/>
						<line number="820" hits="1" branch="true" condition-coverage="50% (1/2)" missing-branches="823"/>
						<line number="821" hits="1"/>
						<line number="823" hits="0"/>
						<line number="825" hits="1" branch="true" condition-coverage="50% (1/2)" missing-branches="826"/>
						<line number="826" hits="0"/>
						<line number="828" hits="1"/>
						<line number="830" hits="1"/>
						<line number="832" hits="1"/>
						<line number="833" hits="1" branch="true" condition-coverage="50% (1/2)" missing-branches="835"/>
						<line number="835" hits="0"/>
						<line number="837" hits="1"/>
						<line number="839" hits="1" branch="true" condition-coverage="50% (1/2)" missing-branches="840"/>
						<line number="840" hits="0"/>
						<line number="842" hits="1"/>
						<line number="845" hits="1"/>
						<line number="846" hits="1"/>
						<line number="849" hits="1"/>
						<line number="852" hits="1"/>
						<line number="853" hits="1"/>
						<line number="856" hits="1" branch="true" condition-coverage="50% (1/2)" missing-branches="859"/>
						<line number="857" hits="1"/>
						<line number="859" hits="0"/>
						<line number="861" hits="1"/>
						<line number="862" hits="1"/>
						<line number="864" hits="1"/>
						<line number="865" hits="1" branch="true" condition-coverage="100% (2/2)"/>
						<line number="866" hits="1"/>
						<line number="868" hits="1"/>
						<line number="869" hits="1" branch="true" condition-coverage="100% (2/2)"/>
						<line number="870" hits="1"/>
						<line number="871" hits="1"/>
						<line number="873" hits="1"/>
						<line number="874" hits="1"/>
						<line number="876" hits="1"/>
						<line number="877" hits="1"/>
						<line number="878" hits="1"/>
						<line number="879" hits="1"/>
						<line number="881" hits="1"/>
						<line number="882" hits="1"/>
						<line number="884" hits="1"/>
						<line number="885" hits="1"/>
						<line number="887" hits="1"/>
						<line number="888" hits="0"/>
						<line number="890" hits="1"/>
						<line number="891" hits="1"/>
						<line number="892" hits="0"/>
						<line number="894" hits="1"/>
						<line number="895" hits="1"/>
						<line number="896" hits="1"/>
						<line number="898" hits="1"/>
						<line number="899" hits="1"/>
						<line number="908" hits="1" branch="true" condition-coverage="50% (1/2)" missing-branches="931"/>
						<line number="909" hits="1"/>
						<line number="910" hits="1"/>
						<line number="911" hits="1"/>
						<line number="912" hits="1"/>
						<line number="913" hits="1"/>
						<line number="914" hits="1" branch="true" condition-coverage="100% (2/2)"/>
						<line number="915" hits="1" branch="true" condition-coverage="100% (2/2)"/>
						<line number="916" hits="1"/>
						<line number="917" hits="1"/>
						<line number="919" hits="1"/>
						<line number="920" hits="1"/>
						<line number="921" hits="1"/>
						<line number="922" hits="1"/>
						<line number="923" hits="1" branch="true" condition-coverage="50% (1/2)" missing-branches="926"/>
						<line number="924" hits="1"/>
						<line number="926" hits="0"/>
						<line number="927" hits="1"/>
						<line number="928" hits="1"/>
						<line number="929" hits="1"/>
						<line number="930" hits="1"/>
						<line number="931" hits="1"/>
						<line number="933" hits="1"/>
						<line number="934" hits="1"/>
						<line number="935" hits="1" branch="true" condition-coverage="100% (2/2)"/>
						<line number="937" hits="1"/>
						<line number="938" hits="1"/>
						<line number="939" hits="1" branch="true" condition-coverage="100% (2/2)"/>
						<line number="941" hits="1"/>
						<line number="942" hits="1"/>
						<line number="943" hits="1" branch="true" condition-coverage="100% (2/2)"/>
						<line number="945" hits="1"/>
						<line number="946" hits="1"/>
						<line number="947" hits="1" branch="true" condition-coverage="100% (2/2)"/>
						<line number="949" hits="1"/>
						<line number="950" hits="1"/>
						<line number="951" hits="1" branch="true" condition-coverage="100% (2/2)"/>
						<line number="953" hits="1"/>
						<line number="954" hits="1"/>
						<line number="955" hits="1" branch="true" condition-coverage="100% (2/2)"/>
						<line number="957" hits="1"/>
						<line number="958" hits="1"/>
						<line number="959" hits="1" branch="true" condition-coverage="100% (2/2)"/>
						<line number="961" hits="1"/>
						<line number="962" hits="1"/>
						<line number="963" hits="1" branch="true" condition-coverage="100% (2/2)"/>
						<line number="965" hits="1"/>
						<line number="966" hits="1"/>
						<line number="967" hits="1" branch="true" condition-coverage="100% (2/2)"/>
						<line number="969" hits="1"/>
						<line number="970" hits="1"/>
						<line number="971" hits="1" branch="true" condition-coverage="100% (2/2)"/>
						<line number="974" hits="1"/>
						<line number="975" hits="1"/>
						<line number="976" hits="1"/>
						<line number="977" hits="1"/>
						<line number="978" hits="1"/>
						<line number="979" hits="1"/>
						<line number="980" hits="1"/>
						<line number="981" hits="1"/>
						<line number="982" hits="1"/>
						<line number="983" hits="1"/>
						<line number="984" hits="1"/>
						<line number="985" hits="1"/>
						<line number="986" hits="1"/>
						<line number="987" hits="1"/>
						<line number="988" hits="1"/>
						<line number="989" hits="1"/>
						<line number="990" hits="1"/>
						<line number="991" hits="1"/>
						<line number="992" hits="1"/>
						<line number="993" hits="1"/>
						<line number="994" hits="1"/>
						<line number="995" hits="1"/>
						<line number="996" hits="1"/>
						<line number="997" hits="1"/>
						<line number="999" hits="1"/>
						<line number="1000" hits="1"/>
						<line number="1001" hits="0"/>
						<line number="1003" hits="1"/>
						<line number="1004" hits="1"/>
						<line number="1005" hits="1"/>
						<line number="1006" hits="1"/>
						<line number="1008" hits="1"/>
						<line number="1009" hits="1"/>
						<line number="1010" hits="1"/>
						<line number="1011" hits="1"/>
						<line number="1012" hits="1"/>
						<line number="1013" hits="1"/>
						<line number="1014" hits="1"/>
						<line number="1015" hits="1"/>
						<line number="1017" hits="1"/>
						<line number="1018" hits="1" branch="true" condition-coverage="50% (1/2)" missing-branches="1019"/>
						<line number="1019" hits="0"/>
						<line number="1020" hits="1"/>
						<line number="1021" hits="1"/>
						<line number="1022" hits="1"/>
						<line number="1023" hits="1" branch="true" condition-coverage="50% (1/2)" missing-branches="1028"/>
						<line number="1024" hits="1"/>
						<line number="1025" hits="1"/>
						<line number="1026" hits="1"/>
						<line number="1028" hits="0"/>
						<line number="1029" hits="0"/>
						<line number="1030" hits="0"/>
						<line number="1032" hits="1"/>
						<line number="1033" hits="1"/>
						<line number="1035" hits="1"/>
						<line number="1036" hits="0"/>
						<line number="1041" hits="1"/>
						<line number="1042" hits="1"/>
						<line number="1043" hits="1"/>
						<line number="1044" hits="1"/>
						<line number="1045" hits="1"/>
						<line number="1046" hits="1"/>
						<line number="1047" hits="1"/>
						<line number="1048" hits="1"/>
						<line number="1049" hits="1"/>
						<line number="1050" hits="1"/>
						<line number="1051" hits="1"/>
						<line number="1052" hits="1"/>
						<line number="1053" hits="1"/>
						<line number="1054" hits="1"/>
						<line number="1055" hits="1"/>
						<line number="1056" hits="1"/>
						<line number="1057" hits="1"/>
						<line number="1058" hits="1"/>
						<line number="1059" hits="1"/>
						<line number="1060" hits="1"/>
						<line number="1061" hits="1"/>
						<line number="1062" hits="1"/>
						<line number="1063" hits="1"/>
						<line number="1064" hits="1"/>
						<line number="1065" hits="1"/>
						<line number="1066" hits="1"/>
						<line number="1067" hits="1"/>
						<line number="1068" hits="1"/>
						<line number="1069" hits="1"/>
						<line number="1070" hits="1"/>
						<line number="1071" hits="1"/>
						<line number="1072" hits="1"/>
						<line number="1073" hits="1"/>
						<line number="1074" hits="1"/>
						<line number="1075" hits="1"/>
						<line number="1076" hits="1"/>
						<line number="1077" hits="1"/>
						<line number="1078" hits="1"/>
						<line number="1079" hits="1"/>
						<line number="1080" hits="1"/>
						<line number="1081" hits="1"/>
						<line number="1082" hits="1"/>
						<line number="1084" hits="1"/>
						<line number="1085" hits="1"/>
						<line number="1086" hits="0"/>
						<line number="1088" hits="1"/>
						<line number="1089" hits="1"/>
						<line number="1090" hits="1"/>
						<line number="1091" hits="1"/>
						<line number="1092" hits="1"/>
						<line number="1093" hits="1"/>
						<line number="1094" hits="1"/>
						<line number="1095" hits="1"/>
						<line number="1096" hits="1"/>
						<line number="1097" hits="1"/>
						<line number="1098" hits="1"/>
						<line number="1099" hits="1"/>
						<line number="1100" hits="1"/>
						<line number="1101" hits="1"/>
						<line number="1102" hits="1"/>
						<line number="1103" hits="1"/>
						<line number="1104" hits="1"/>
						<line number="1106" hits="1"/>
						<line number="1107" hits="1"/>
						<line number="1108" hits="1"/>
						<line number="1110" hits="1"/>
						<line number="1111" hits="1"/>
						<line number="1112" hits="1"/>
						<line number="1113" hits="1"/>
						<line number="1114" hits="1"/>
						<line number="1115" hits="1"/>
						<line number="1116" hits="1"/>
						<line number="1117" hits="1"/>
						<line number="1118" hits="1"/>
						<line number="1119" hits="1"/>
						<line number="1120" hits="1"/>
						<line number="1122" hits="1"/>
						<line number="1123" hits="1" branch="true" condition-coverage="50% (1/2)" missing-branches="1124"/>
						<line number="1124" hits="0"/>
						<line number="1125" hits="1"/>
						<line number="1126" hits="1"/>
						<line number="1127" hits="1" branch="true" condition-coverage="50% (1/2)" missing-branches="1133"/>
						<line number="1128" hits="1"/>
						<line number="1129" hits="1"/>
						<line number="1130" hits="1"/>
						<line number="1131" hits="1"/>
						<line number="1133" hits="0"/>
						<line number="1134" hits="0"/>
						<line number="1135" hits="0"/>
						<line number="1136" hits="0"/>
						<line number="1138" hits="1"/>
						<line number="1139" hits="1"/>
						<line number="1140" hits="1"/>
						<line number="1142" hits="1" branch="true" condition-coverage="50% (1/2)" missing-branches="1146"/>
						<line number="1143" hits="1"/>
						<line number="1144" hits="1"/>
						<line number="1146" hits="0"/>
						<line number="1147" hits="0"/>
						<line number="1148" hits="1"/>
						<line number="1149" hits="1"/>
						<line number="1151" hits="1"/>
						<line number="1152" hits="1" branch="true" condition-coverage="100% (2/2)"/>
						<line number="1153" hits="1"/>
						<line number="1154" hits="1"/>
						<line number="1155" hits="1"/>
						<line number="1157" hits="1"/>
						<line number="1158" hits="0"/>
						<line number="1163" hits="1"/>
						<line number="1166" hits="1"/>
						<line number="1167" hits="1"/>
						<line number="1169" hits="1"/>
						<line number="1173" hits="1"/>
						<line number="1174" hits="1" branch="true" condition-coverage="50% (1/2)" missing-branches="1175"/>
						<line number="1175" hits="0"/>
						<line number="1177" hits="1" branch="true" condition-coverage="50% (1/2)" missing-branches="1178"/>
						<line number="1178" hits="0"/>
						<line number="1180" hits="1"/>
						<line number="1182" hits="1" branch="true" condition-coverage="100% (2/2)"/>
						<line number="1183" hits="1" branch="true" condition-coverage="100% (2/2)"/>
						<line number="1184" hits="1"/>
						<line number="1185" hits="1"/>
						<line number="1188" hits="1"/>
						<line number="1189" hits="1"/>
						<line number="1191" hits="1"/>
						<line number="1192" hits="1"/>
						<line number="1194" hits="1"/>
						<line number="1195" hits="1"/>
						<line number="1198" hits="1"/>
						<line number="1199" hits="1"/>
						<line number="1202" hits="1"/>
						<line number="1203" hits="1"/>
						<line number="1205" hits="0"/>
						<line number="1206" hits="0"/>
						<line number="1208" hits="0"/>
						<line number="1210" hits="0" branch="true" condition-coverage="0% (0/2)" missing-branches="1211,1212"/>
						<line number="1211" hits="0"/>
						<line number="1212" hits="0" branch="true" condition-coverage="0% (0/2)" missing-branches="1213,1214"/>
						<line number="1213" hits="0"/>
						<line number="1214" hits="0" branch="true" condition-coverage="0% (0/2)" missing-branches="1215,1217"/>
						<line number="1215" hits="0"/>
						<line number="1217" hits="0"/>
						<line number="1219" hits="1"/>
						<line number="1222" hits="1"/>
						<line number="1225" hits="1"/>
						<line number="1226" hits="1"/>
						<line number="1227" hits="0"/>
						<line number="1228" hits="0"/>
						<line number="1229" hits="0"/>
						<line number="1230" hits="0"/>
						<line number="1237" hits="0"/>
						<line number="1239" hits="1"/>
						<line number="1240" hits="0"/>
						<line number="1241" hits="0"/>
						<line number="1242" hits="0"/>
						<line number="1244" hits="1"/>
						<line number="1245" hits="0"/>
						<line number="1246" hits="0"/>
						<line number="1247" hits="0"/>
						<line number="1248" hits="0"/>
						<line number="1250" hits="1"/>
						<line number="1251" hits="0" branch="true" condition-coverage="0% (0/2)" missing-branches="1252,1253"/>
						<line number="1252" hits="0"/>
						<line number="1253" hits="0"/>
						<line number="1255" hits="1"/>
						<line number="1256" hits="0"/>
						<line number="1258" hits="1"/>
						<line number="1259" hits="0"/>
						<line number="1261" hits="1"/>
						<line number="1262" hits="1"/>
						<line number="1263" hits="0"/>
						<line number="1265" hits="1"/>
						<line number="1266" hits="1"/>
						<line number="1267" hits="0"/>
						<line number="1269" hits="1"/>
						<line number="1270" hits="1"/>
						<line number="1271" hits="0"/>
						<line number="1274" hits="1"/>
						<line number="1277" hits="1"/>
						<line number="1278" hits="1"/>
						<line number="1279" hits="1"/>
						<line number="1280" hits="1"/>
						<line number="1281" hits="1"/>
						<line number="1282" hits="1"/>
						<line number="1284" hits="1"/>
						<line number="1285" hits="1"/>
						<line number="1286" hits="1"/>
						<line number="1287" hits="1"/>
						<line number="1291" hits="1" branch="true" condition-coverage="50% (1/2)" missing-branches="1297"/>
						<line number="1293" hits="1"/>
						<line number="1297" hits="1"/>
						<line number="1306" hits="1" branch="true" condition-coverage="50% (1/2)" missing-branches="1311"/>
						<line number="1308" hits="1"/>
						<line number="1311" hits="1"/>
						<line number="1315" hits="1"/>
						<line number="1316" hits="1"/>
						<line number="1317" hits="1"/>
						<line number="1319" hits="1"/>
						<line number="1320" hits="1"/>
						<line number="1321" hits="1"/>
						<line number="1322" hits="0"/>
						<line number="1323" hits="0"/>
						<line number="1326" hits="1"/>
						<line number="1327" hits="1"/>
						<line number="1329" hits="1"/>
						<line number="1330" hits="1"/>
						<line number="1331" hits="1"/>
						<line number="1332" hits="1"/>
						<line number="1333" hits="1"/>
						<line number="1335" hits="1"/>
						<line number="1336" hits="0"/>
						<line number="1338" hits="1"/>
						<line number="1339" hits="1"/>
						<line number="1341" hits="1"/>
						<line number="1342" hits="1"/>
						<line number="1344" hits="1"/>
						<line number="1345" hits="1"/>
						<line number="1348" hits="1" branch="true" condition-coverage="100% (2/2)"/>
						<line number="1349" hits="1"/>
						<line number="1351" hits="1"/>
						<line number="1352" hits="1"/>
						<line number="1353" hits="1"/>
						<line number="1355" hits="1"/>
						<line number="1356" hits="1"/>
						<line number="1358" hits="1"/>
						<line number="1359" hits="1"/>
						<line number="1361" hits="1"/>
						<line number="1363" hits="1"/>
						<line number="1364" hits="0"/>
						<line number="1366" hits="1"/>
						<line number="1367" hits="1"/>
						<line number="1368" hits="1"/>
						<line number="1370" hits="1"/>
						<line number="1371" hits="1"/>
						<line number="1372" hits="0"/>
						<line number="1374" hits="1"/>
						<line number="1375" hits="1"/>
						<line number="1376" hits="1"/>
						<line number="1378" hits="1"/>
						<line number="1379" hits="1"/>
						<line number="1380" hits="1"/>
						<line number="1382" hits="1"/>
						<line number="1383" hits="1"/>
						<line number="1384" hits="1"/>
						<line number="1386" hits="1"/>
						<line number="1387" hits="1"/>
						<line number="1388" hits="1"/>
						<line number="1390" hits="1"/>
						<line number="1391" hits="1"/>
						<line number="1392" hits="1"/>
						<line number="1394" hits="1"/>
						<line number="1395" hits="1"/>
						<line number="1396" hits="0"/>
						<line number="1398" hits="1"/>
						<line number="1399" hits="1"/>
						<line number="1400" hits="1"/>
						<line number="1402" hits="1"/>
						<line number="1403" hits="1"/>
						<line number="1404" hits="0"/>
						<line number="1406" hits="1"/>
						<line number="1407" hits="1"/>
						<line number="1408" hits="0"/>
						<line number="1410" hits="1"/>
						<line number="1411" hits="1"/>
						<line number="1412" hits="0"/>
						<line number="1414" hits="1"/>
						<line number="1415" hits="1"/>
						<line number="1416" hits="0"/>
						<line number="1418" hits="1"/>
						<line number="1420" hits="1"/>
						<line number="1421" hits="1" branch="true" condition-coverage="100% (2/2)"/>
						<line number="1422" hits="1"/>
						<line number="1423" hits="1"/>
						<line number="1425" hits="1"/>
						<line number="1426" hits="1"/>
						<line number="1427" hits="1"/>
						<line number="1428" hits="1"/>
						<line number="1429" hits="1"/>
						<line number="1431" hits="1"/>
						<line number="1432" hits="0"/>
						<line number="1433" hits="0"/>
						<line number="1434" hits="0"/>
						<line number="1436" hits="1"/>
						<line number="1437" hits="1"/>
						<line number="1439" hits="1"/>
						<line number="1440" hits="1" branch="true" condition-coverage="50% (1/2)" missing-branches="1445"/>
						<line number="1441" hits="1"/>
						<line number="1442" hits="1" branch="true" condition-coverage="50% (1/2)" missing-branches="1443"/>
						<line number="1443" hits="0"/>
						<line number="1444" hits="1"/>
						<line number="1445" hits="0"/>
						<line number="1446" hits="0" branch="true" condition-coverage="0% (0/2)" missing-branches="1447,1448"/>
						<line number="1447" hits="0"/>
						<line number="1448" hits="0"/>
						<line number="1450" hits="1"/>
						<line number="1451" hits="0" branch="true" condition-coverage="0% (0/2)" missing-branches="1452,1453"/>
						<line number="1452" hits="0"/>
						<line number="1453" hits="0"/>
						<line number="1454" hits="0"/>
						<line number="1455" hits="0" branch="true" condition-coverage="0% (0/2)" missing-branches="1456,1459"/>
						<line number="1456" hits="0"/>
						<line number="1457" hits="0"/>
						<line number="1458" hits="0"/>
						<line number="1459" hits="0"/>
						<line number="1461" hits="1"/>
						<line number="1462" hits="1"/>
						<line number="1465" hits="0" branch="true" condition-coverage="0% (0/2)" missing-branches="1466,1468"/>
						<line number="1466" hits="0"/>
						<line number="1468" hits="0"/>
						<line number="1469" hits="0"/>
						<line number="1470" hits="0"/>
						<line number="1473" hits="1"/>
						<line number="1478" hits="1"/>
						<line number="1479" hits="1"/>
						<line number="1480" hits="1"/>
						<line number="1481" hits="1"/>
						<line number="1483" hits="1"/>
						<line number="1484" hits="1"/>
						<line number="1490" hits="1"/>
						<line number="1491" hits="1"/>
						<line number="1492" hits="1"/>
						<line number="1493" hits="1"/>
						<line number="1494" hits="1"/>
						<line number="1496" hits="1"/>
						<line number="1504" hits="1"/>
						<line number="1506" hits="1"/>
						<line number="1507" hits="1"/>
						<line number="1508" hits="1"/>
						<line number="1509" hits="1"/>
						<line number="1510" hits="1" branch="true" condition-coverage="100% (2/2)"/>
						<line number="1511" hits="1"/>
						<line number="1512" hits="1"/>
						<line number="1513" hits="1"/>
						<line number="1514" hits="1"/>
						<line number="1515" hits="1"/>
						<line number="1517" hits="1"/>
						<line number="1518" hits="1"/>
						<line number="1519" hits="1"/>
						<line number="1521" hits="1"/>
						<line number="1522" hits="1"/>
						<line number="1524" hits="1"/>
						<line number="1525" hits="1"/>
						<line number="1526" hits="0"/>
						<line number="1528" hits="1"/>
						<line number="1529" hits="1"/>
						<line number="1530" hits="1"/>
						<line number="1532" hits="1"/>
						<line number="1533" hits="1"/>
						<line number="1534" hits="1"/>
						<line number="1536" hits="1"/>
						<line number="1537" hits="1"/>
						<line number="1538" hits="1"/>
						<line number="1540" hits="1"/>
						<line number="1541" hits="1"/>
						<line number="1542" hits="0"/>
						<line number="1544" hits="1"/>
						<line number="1545" hits="1"/>
						<line number="1546" hits="0"/>
						<line number="1548" hits="1"/>
						<line number="1549" hits="1"/>
						<line number="1550" hits="0"/>
						<line number="1552" hits="1"/>
						<line number="1554" hits="1"/>
						<line number="1555" hits="1"/>
						<line number="1556" hits="1" branch="true" condition-coverage="50% (1/2)" missing-branches="exit"/>
						<line number="1557" hits="1" branch="true" condition-coverage="50% (1/2)" missing-branches="exit"/>
						<line number="1558" hits="1"/>
						<line number="1560" hits="1"/>
						<line number="1561" hits="1"/>
						<line number="1562" hits="1"/>
						<line number="1564" hits="1"/>
						<line number="1565" hits="1"/>
						<line number="1567" hits="1"/>
						<line number="1568" hits="1"/>
						<line number="1569" hits="1"/>
						<line number="1572" hits="1"/>
						<line number="1574" hits="1" branch="true" condition-coverage="50% (1/2)" missing-branches="1575"/>
						<line number="1575" hits="0"/>
						<line number="1577" hits="1" branch="true" condition-coverage="50% (1/2)" missing-branches="1578"/>
						<line number="1578" hits="0"/>
						<line number="1580" hits="1"/>
						<line number="1582" hits="1" branch="true" condition-coverage="50% (1/2)" missing-branches="1583"/>
						<line number="1583" hits="0"/>
						<line number="1585" hits="1"/>
						<line number="1586" hits="1" branch="true" condition-coverage="50% (1/2)" missing-branches="1587"/>
						<line number="1587" hits="0"/>
						<line number="1589" hits="1"/>
						<line number="1590" hits="0"/>
						<line number="1592" hits="1"/>
						<line number="1593" hits="1"/>
						<line number="1594" hits="1"/>
						<line number="1596" hits="1"/>
						<line number="1597" hits="1"/>
						<line number="1599" hits="1"/>
						<line number="1600" hits="1"/>
						<line number="1602" hits="1"/>
						<line number="1603" hits="1"/>
						<line number="1605" hits="1"/>
						<line number="1606" hits="0"/>
						<line number="1608" hits="1"/>
						<line number="1612" hits="1" branch="true" condition-coverage="50% (1/2)" missing-branches="1613"/>
						<line number="1613" hits="0"/>
						<line number="1615" hits="1"/>
						<line number="1616" hits="1"/>
						<line number="1618" hits="1"/>
						<line number="1619" hits="1"/>
						<line number="1620" hits="1"/>
						<line number="1622" hits="1"/>
						<line number="1623" hits="1"/>
						<line number="1624" hits="1"/>
						<line number="1625" hits="1"/>
						<line number="1626" hits="0"/>
						<line number="1627" hits="0"/>
						<line number="1629" hits="1"/>
						<line number="1630" hits="1"/>
						<line number="1631" hits="1"/>
						<line number="1632" hits="0"/>
						<line number="1633" hits="0"/>
						<line number="1635" hits="1" branch="true" condition-coverage="50% (1/2)" missing-branches="1638"/>
						<line number="1636" hits="1"/>
						<line number="1638" hits="1"/>
						<line number="1640" hits="1"/>
						<line number="1641" hits="0"/>
						<line number="1642" hits="0"/>
						<line number="1644" hits="0"/>
						<line number="1645" hits="0"/>
						<line number="1646" hits="0"/>
						<line number="1647" hits="0"/>
						<line number="1648" hits="0"/>
						<line number="1650" hits="0"/>
						<line number="1651" hits="0"/>
						<line number="1652" hits="0"/>
						<line number="1653" hits="0"/>
						<line number="1655" hits="0"/>
						<line number="1657" hits="1"/>
						<line number="1658" hits="1"/>
						<line number="1661" hits="1"/>
						<line number="1662" hits="1"/>
						<line number="1666" hits="1" branch="true" condition-coverage="50% (1/2)" missing-branches="1667"/>
						<line number="1667" hits="0"/>
						<line number="1668" hits="1"/>
						<line number="1671" hits="1"/>
						<line number="1673" hits="1"/>
						<line number="1674" hits="1"/>
						<line number="1675" hits="1"/>
						<line number="1676" hits="1" branch="true" condition-coverage="50% (1/2)" missing-branches="1678"/>
						<line number="1677" hits="1"/>
						<line number="1678" hits="0"/>
						<line number="1680" hits="1"/>
						<line number="1682" hits="0"/>
						<line number="1683" hits="0" branch="true" condition-coverage="0% (0/2)" missing-branches="1684,1685"/>
						<line number="1684" hits="0"/>
						<line number="1685" hits="0"/>
						<line number="1687" hits="1"/>
						<line number="1689" hits="0"/>
						<line number="1690" hits="0" branch="true" condition-coverage="0% (0/2)" missing-branches="1691,1692"/>
						<line number="1691" hits="0"/>
						<line number="1692" hits="0"/>
						<line number="1694" hits="1"/>
						<line number="1696" hits="1"/>
						<line number="1699" hits="1"/>
						<line number="1700" hits="1"/>
						<line number="1701" hits="1"/>
						<line number="1702" hits="1" branch="true" condition-coverage="50% (1/2)" missing-branches="1715"/>
						<line number="1703" hits="1"/>
						<line number="1704" hits="1" branch="true" condition-coverage="100% (2/2)"/>
						<line number="1705" hits="1" branch="true" condition-coverage="100% (2/2)"/>
						<line number="1706" hits="1" branch="true" condition-coverage="50% (1/2)" missing-branches="1707"/>
						<line number="1707" hits="0"/>
						<line number="1708" hits="0"/>
						<line number="1709" hits="0"/>
						<line number="1710" hits="0"/>
						<line number="1711" hits="0"/>
						<line number="1712" hits="0"/>
						<line number="1713" hits="0" branch="true" condition-coverage="0% (0/2)" missing-branches="1702,1714"/>
						<line number="1714" hits="0" branch="true" condition-coverage="0% (0/2)" missing-branches="exit,exit"/>
						<line number="1715" hits="0"/>
						<line number="1718" hits="1"/>
						<line number="1720" hits="1"/>
						<line number="1721" hits="1"/>
						<line number="1722" hits="1"/>
						<line number="1723" hits="1"/>
						<line number="1725" hits="1"/>
						<line number="1728" hits="1"/>
						<line number="1731" hits="1"/>
						<line number="1732" hits="1" branch="true" condition-coverage="50% (1/2)" missing-branches="1734"/>
						<line number="1733" hits="1"/>
						<line number="1734" hits="1"/>
						<line number="1737" hits="1"/>
						<line number="1738" hits="1"/>
						<line number="1739" hits="1"/>
						<line number="1742" hits="1"/>
						<line number="1743" hits="1"/>
						<line number="1744" hits="1"/>
						<line number="1747" hits="1"/>
						<line number="1748" hits="1"/>
						<line number="1749" hits="1"/>
						<line number="1752" hits="1"/>
						<line number="1753" hits="1"/>
						<line number="1754" hits="1"/>
						<line number="1757" hits="1"/>
						<line number="1759" hits="1" branch="true" condition-coverage="50% (1/2)" missing-branches="1760"/>
						<line number="1760" hits="0"/>
						<line number="1761" hits="0"/>
						<line number="1762" hits="1"/>
						<line number="1763" hits="1"/>
						<line number="1766" hits="1"/>
						<line number="1769" hits="1"/>
						<line number="1770" hits="0"/>
						<line number="1771" hits="0"/>
						<line number="1772" hits="0"/>
						<line number="1773" hits="0"/>
						<line number="1775" hits="1"/>
						<line number="1776" hits="1"/>
						<line number="1778" hits="1"/>
						<line number="1779" hits="1"/>
						<line number="1780" hits="1"/>
						<line number="1782" hits="1" branch="true" condition-coverage="100% (2/2)"/>
						<line number="1783" hits="1"/>
						<line number="1785" hits="1" branch="true" condition-coverage="50% (1/2)" missing-branches="1786"/>
						<line number="1786" hits="0"/>
						<line number="1788" hits="1"/>
						<line number="1789" hits="1"/>
						<line number="1791" hits="1"/>
						<line number="1792" hits="1"/>
						<line number="1793" hits="1"/>
						<line number="1794" hits="1"/>
						<line number="1795" hits="1"/>
						<line number="1796" hits="1"/>
						<line number="1797" hits="1"/>
						<line number="1798" hits="1"/>
						<line number="1800" hits="1"/>
						<line number="1801" hits="1"/>
						<line number="1802" hits="1"/>
						<line number="1803" hits="0"/>
						<line number="1804" hits="0"/>
						<line number="1806" hits="1"/>
						<line number="1807" hits="1"/>
						<line number="1808" hits="1"/>
						<line number="1811" hits="1"/>
						<line number="1813" hits="1"/>
						<line number="1814" hits="1"/>
						<line number="1815" hits="1"/>
						<line number="1816" hits="1"/>
						<line number="1819" hits="1"/>
						<line number="1821" hits="1"/>
						<line number="1824" hits="1"/>
						<line number="1825" hits="1"/>
						<line number="1827" hits="1" branch="true" condition-coverage="100% (2/2)"/>
						<line number="1828" hits="1"/>
						<line number="1829" hits="1"/>
						<line number="1830" hits="1" branch="true" condition-coverage="100% (2/2)"/>
						<line number="1831" hits="1"/>
						<line number="1833" hits="1"/>
						<line number="1836" hits="1"/>
						<line number="1837" hits="1"/>
						<line number="1844" hits="1"/>
						<line number="1845" hits="1" branch="true" condition-coverage="100% (2/2)"/>
						<line number="1846" hits="1"/>
						<line number="1848" hits="1" branch="true" condition-coverage="100% (2/2)"/>
						<line number="1849" hits="1"/>
						<line number="1850" hits="1" branch="true" condition-coverage="100% (2/2)"/>
						<line number="1851" hits="1"/>
						<line number="1853" hits="1"/>
						<line number="1854" hits="1" branch="true" condition-coverage="50% (1/2)" missing-branches="1856"/>
						<line number="1855" hits="1"/>
						<line number="1856" hits="1"/>
						<line number="1859" hits="1"/>
						<line number="1867" hits="1"/>
						<line number="1868" hits="1"/>
						<line number="1870" hits="1" branch="true" condition-coverage="100% (2/2)"/>
						<line number="1871" hits="1"/>
						<line number="1872" hits="1" branch="true" condition-coverage="100% (2/2)"/>
						<line number="1874" hits="1" branch="true" condition-coverage="100% (2/2)"/>
						<line number="1875" hits="1"/>
						<line number="1876" hits="1"/>
						<line number="1878" hits="1" branch="true" condition-coverage="100% (2/2)"/>
						<line number="1879" hits="1" branch="true" condition-coverage="50% (1/2)" missing-branches="1883"/>
						<line number="1880" hits="1"/>
						<line number="1881" hits="1"/>
						<line number="1883" hits="0"/>
						<line number="1885" hits="1"/>
						<line number="1886" hits="1"/>
						<line number="1889" hits="1"/>
						<line number="1891" hits="1"/>
						<line number="1894" hits="1"/>
						<line number="1896" hits="1"/>
						<line number="1899" hits="1"/>
						<line number="1901" hits="1"/>
						<line number="1902" hits="1"/>
						<line number="1905" hits="1"/>
						<line number="1907" hits="1"/>
						<line number="1908" hits="1"/>
						<line number="1911" hits="1"/>
						<line number="1912" hits="1"/>
						<line number="1913" hits="1"/>
						<line number="1914" hits="1"/>
						<line number="1916" hits="1"/>
						<line number="1917" hits="1"/>
						<line number="1918" hits="1"/>
						<line number="1921" hits="1"/>
						<line number="1922" hits="1"/>
						<line number="1923" hits="1"/>
						<line number="1924" hits="1"/>
						<line number="1926" hits="1"/>
						<line number="1928" hits="1"/>
						<line number="1929" hits="1"/>
						<line number="1930" hits="1"/>
						<line number="1931" hits="1"/>
						<line number="1932" hits="1"/>
						<line number="1934" hits="1"/>
						<line number="1936" hits="1"/>
						<line number="1937" hits="1"/>
						<line number="1938" hits="1"/>
						<line number="1941" hits="1"/>
						<line number="1943" hits="0"/>
						<line number="1944" hits="0"/>
						<line number="1945" hits="0"/>
						<line number="1946" hits="0"/>
						<line number="1947" hits="0"/>
						<line number="1950" hits="1"/>
						<line number="1952" hits="0"/>
						<line number="1953" hits="0"/>
						<line number="1954" hits="0"/>
						<line number="1957" hits="1"/>
						<line number="1959" hits="1"/>
						<line number="1960" hits="1" branch="true" condition-coverage="100% (2/2)"/>
						<line number="1961" hits="1"/>
						<line number="1962" hits="1"/>
						<line number="1965" hits="1"/>
						<line number="1966" hits="1"/>
						<line number="1968" hits="0"/>
						<line number="1969" hits="0"/>
						<line number="1970" hits="0"/>
						<line number="1971" hits="0"/>
						<line number="1974" hits="1"/>
						<line number="1975" hits="1"/>
						<line number="1980" hits="1"/>
						<line number="1981" hits="1" branch="true" condition-coverage="100% (2/2)"/>
						<line number="1982" hits="1"/>
						<line number="1984" hits="1"/>
						<line number="1985" hits="1"/>
						<line number="1986" hits="1"/>
						<line number="1987" hits="1" branch="true" condition-coverage="100% (2/2)"/>
						<line number="1988" hits="1"/>
						<line number="1989" hits="1"/>
						<line number="1992" hits="1"/>
						<line number="1999" hits="1"/>
						<line number="2000" hits="1"/>
						<line number="2002" hits="1" branch="true" condition-coverage="100% (2/2)"/>
						<line number="2003" hits="1"/>
						<line number="2004" hits="1"/>
						<line number="2005" hits="1" branch="true" condition-coverage="100% (2/2)"/>
						<line number="2006" hits="1"/>
						<line number="2007" hits="1"/>
						<line number="2009" hits="1"/>
						<line number="2011" hits="1"/>
						<line number="2012" hits="1"/>
						<line number="2014" hits="1"/>
						<line number="2016" hits="1"/>
						<line number="2019" hits="1"/>
						<line number="2022" hits="1" branch="true" condition-coverage="50% (1/2)" missing-branches="2023"/>
						<line number="2023" hits="0"/>
						<line number="2026" hits="1"/>
						<line number="2030" hits="1" branch="true" condition-coverage="50% (1/2)" missing-branches="2053"/>
						<line number="2031" hits="1"/>
						<line number="2032" hits="1"/>
						<line number="2033" hits="0"/>
						<line number="2035" hits="0"/>
						<line number="2038" hits="1" branch="true" condition-coverage="50% (1/2)" missing-branches="2039"/>
						<line number="2039" hits="0"/>
						<line number="2043" hits="1"/>
						<line number="2046" hits="1" branch="true" condition-coverage="50% (1/2)" missing-branches="2047"/>
						<line number="2047" hits="0"/>
						<line number="2050" hits="1" branch="true" condition-coverage="66% (2/3)" missing-branches="2030"/>
						<line number="2051" hits="1"/>
						<line number="2053" hits="0"/>
						<line number="2056" hits="1"/>
						<line number="2059" hits="0" branch="true" condition-coverage="0% (0/2)" missing-branches="2060,2063"/>
						<line number="2060" hits="0"/>
						<line number="2063" hits="0"/>
						<line number="2064" hits="0"/>
						<line number="2067" hits="1"/>
						<line number="2069" hits="1"/>
						<line number="2072" hits="1"/>
						<line number="2074" hits="1"/>
						<line number="2075" hits="1"/>
						<line number="2078" hits="1"/>
						<line number="2080" hits="1"/>
						<line number="2083" hits="1"/>
						<line number="2085" hits="0"/>
						<line number="2088" hits="1"/>
						<line number="2091" hits="1"/>
						<line number="2093" hits="1" branch="true" condition-coverage="100% (2/2)"/>
						<line number="2094" hits="1"/>
						<line number="2095" hits="1" branch="true" condition-coverage="50% (1/2)" missing-branches="2100"/>
						<line number="2096" hits="1" branch="true" condition-coverage="100% (2/2)"/>
						<line number="2097" hits="1" branch="true" condition-coverage="50% (1/2)" missing-branches="2100"/>
						<line number="2098" hits="1"/>
						<line number="2100" hits="1" branch="true" condition-coverage="100% (2/2)"/>
						<line number="2101" hits="1"/>
						<line number="2106" hits="1"/>
						<line number="2108" hits="1"/>
						<line number="2109" hits="1" branch="true" condition-coverage="100% (2/2)"/>
						<line number="2112" hits="1"/>
						<line number="2115" hits="0"/>
						<line number="2116" hits="0"/>
						<line number="2117" hits="0"/>
						<line number="2118" hits="0"/>
						<line number="2120" hits="0"/>
						<line number="2121" hits="0" branch="true" condition-coverage="0% (0/2)" missing-branches="2122,2124"/>
						<line number="2122" hits="0"/>
						<line number="2123" hits="0"/>
						<line number="2124" hits="0"/>
						<line number="2127" hits="1"/>
						<line number="2128" hits="1"/>
						<line number="2129" hits="0"/>
						<line number="2132" hits="1"/>
						<line number="2133" hits="1"/>
						<line number="2135" hits="1" branch="true" condition-coverage="100% (2/2)"/>
						<line number="2136" hits="1"/>
						<line number="2137" hits="1"/>
						<line number="2139" hits="1"/>
						<line number="2140" hits="1"/>
						<line number="2141" hits="1" branch="true" condition-coverage="50% (1/2)" missing-branches="2142"/>
						<line number="2142" hits="0"/>
						<line number="2143" hits="0"/>
						<line number="2145" hits="1"/>
						<line number="2146" hits="1" branch="true" condition-coverage="50% (1/2)" missing-branches="2147"/>
						<line number="2147" hits="0"/>
						<line number="2149" hits="1"/>
						<line number="2150" hits="1" branch="true" condition-coverage="50% (1/2)" missing-branches="2157"/>
						<line number="2152" hits="1" branch="true" condition-coverage="50% (1/2)" missing-branches="2154"/>
						<line number="2153" hits="1"/>
						<line number="2154" hits="0"/>
						<line number="2157" hits="0"/>
						<line number="2160" hits="1"/>
						<line number="2161" hits="1"/>
						<line number="2163" hits="0"/>
						<line number="2166" hits="1"/>
						<line number="2167" hits="0"/>
						<line number="2170" hits="1"/>
						<line number="2171" hits="1"/>
						<line number="2172" hits="0"/>
						<line number="2175" hits="1"/>
						<line number="2176" hits="1"/>
						<line number="2177" hits="0"/>
						<line number="2180" hits="1"/>
						<line number="2182" hits="1"/>
						<line number="2183" hits="1" branch="true" condition-coverage="100% (2/2)"/>
						<line number="2184" hits="1"/>
						<line number="2185" hits="1"/>
						<line number="2188" hits="1"/>
						<line number="2189" hits="1"/>
						<line number="2190" hits="1"/>
						<line number="2191" hits="1"/>
						<line number="2194" hits="1"/>
						<line number="2195" hits="1"/>
						<line number="2196" hits="1"/>
						<line number="2197" hits="1"/>
						<line number="2203" hits="1"/>
						<line number="2204" hits="1"/>
						<line number="2205" hits="0"/>
						<line number="2207" hits="1"/>
						<line number="2209" hits="1"/>
						<line number="2211" hits="1"/>
						<line number="2213" hits="1"/>
						<line number="2214" hits="1" branch="true" condition-coverage="100% (2/2)"/>
						<line number="2215" hits="1" branch="true" condition-coverage="50% (1/2)" missing-branches="2214"/>
						<line number="2216" hits="1"/>
						<line number="2217" hits="1"/>
						<line number="2220" hits="1"/>
						<line number="2224" hits="1"/>
						<line number="2225" hits="1"/>
						<line number="2226" hits="1"/>
						<line number="2227" hits="1"/>
						<line number="2228" hits="1"/>
						<line number="2229" hits="1"/>
						<line number="2230" hits="1"/>
						<line number="2231" hits="1"/>
						<line number="2232" hits="1"/>
						<line number="2233" hits="1"/>
						<line number="2234" hits="1"/>
						<line number="2237" hits="1"/>
						<line number="2238" hits="1"/>
						<line number="2239" hits="1"/>
						<line number="2241" hits="1"/>
						<line number="2242" hits="1"/>
						<line number="2243" hits="1"/>
						<line number="2246" hits="1" branch="true" condition-coverage="66% (2/3)" missing-branches="2247"/>
						<line number="2247" hits="0"/>
						<line number="2249" hits="1"/>
						<line number="2250" hits="0"/>
						<line number="2252" hits="1"/>
						<line number="2253" hits="1"/>
						<line number="2257" hits="1"/>
						<line number="2259" hits="1"/>
						<line number="2260" hits="0"/>
						<line number="2262" hits="1"/>
						<line number="2263" hits="0"/>
						<line number="2265" hits="1"/>
						<line number="2266" hits="0"/>
						<line number="2268" hits="1"/>
						<line number="2269" hits="0"/>
						<line number="2271" hits="1"/>
						<line number="2272" hits="0"/>
						<line number="2274" hits="1"/>
						<line number="2275" hits="0"/>
						<line number="2277" hits="1"/>
						<line number="2278" hits="1"/>
						<line number="2280" hits="1"/>
						<line number="2281" hits="1"/>
						<line number="2282" hits="0"/>
						<line number="2284" hits="1"/>
						<line number="2285" hits="1"/>
						<line number="2286" hits="1"/>
						<line number="2288" hits="1"/>
						<line number="2290" hits="1"/>
						<line number="2291" hits="1"/>
						<line number="2292" hits="1"/>
						<line number="2294" hits="1"/>
						<line number="2295" hits="1"/>
						<line number="2297" hits="1"/>
						<line number="2298" hits="1"/>
						<line number="2299" hits="1"/>
						<line number="2300" hits="1"/>
						<line number="2303" hits="1"/>
						<line number="2304" hits="1"/>
						<line number="2305" hits="1"/>
						<line number="2307" hits="1"/>
						<line number="2308" hits="1" branch="true" condition-coverage="100% (2/2)"/>
						<line number="2309" hits="1"/>
						<line number="2310" hits="1"/>
						<line number="2312" hits="1"/>
						<line number="2313" hits="1"/>
						<line number="2314" hits="0"/>
						<line number="2316" hits="1"/>
						<line number="2317" hits="1"/>
						<line number="2318" hits="1"/>
						<line number="2320" hits="1"/>
						<line number="2321" hits="1"/>
						<line number="2322" hits="1"/>
						<line number="2324" hits="1"/>
						<line number="2325" hits="1"/>
						<line number="2326" hits="0"/>
						<line number="2328" hits="1"/>
						<line number="2329" hits="1"/>
						<line number="2330" hits="1" branch="true" condition-coverage="50% (1/2)" missing-branches="2331"/>
						<line number="2331" hits="0"/>
						<line number="2332" hits="0" branch="true" condition-coverage="0% (0/2)" missing-branches="2333,2335"/>
						<line number="2333" hits="0"/>
						<line number="2335" hits="0"/>
						<line number="2336" hits="1"/>
						<line number="2338" hits="1"/>
						<line number="2339" hits="1"/>
						<line number="2340" hits="1" branch="true" condition-coverage="100% (2/2)"/>
						<line number="2341" hits="1"/>
						<line number="2342" hits="1" branch="true" condition-coverage="50% (1/2)" missing-branches="2344"/>
						<line number="2343" hits="1"/>
						<line number="2344" hits="0" branch="true" condition-coverage="0% (0/2)" missing-branches="2345,2347"/>
						<line number="2345" hits="0"/>
						<line number="2347" hits="0"/>
						<line number="2348" hits="1"/>
						<line number="2350" hits="1"/>
						<line number="2352" hits="1"/>
						<line number="2353" hits="1"/>
						<line number="2354" hits="1"/>
						<line number="2355" hits="1"/>
						<line number="2358" hits="1"/>
						<line number="2359" hits="1"/>
						<line number="2360" hits="1"/>
						<line number="2361" hits="1"/>
						<line number="2362" hits="1"/>
						<line number="2363" hits="1"/>
						<line number="2364" hits="1"/>
						<line number="2365" hits="1"/>
						<line number="2366" hits="1"/>
						<line number="2367" hits="1"/>
						<line number="2368" hits="1"/>
						<line number="2369" hits="1"/>
						<line number="2370" hits="1"/>
						<line number="2373" hits="1"/>
						<line number="2374" hits="1"/>
						<line number="2375" hits="1"/>
						<line number="2376" hits="1"/>
						<line number="2377" hits="1"/>
						<line number="2382" hits="1"/>
						<line number="2383" hits="1"/>
						<line number="2384" hits="1"/>
						<line number="2385" hits="1"/>
						<line number="2386" hits="1"/>
						<line number="2388" hits="1"/>
						<line number="2389" hits="1"/>
						<line number="2391" hits="1"/>
						<line number="2392" hits="1"/>
						<line number="2393" hits="0"/>
						<line number="2395" hits="1"/>
						<line number="2396" hits="0"/>
						<line number="2398" hits="1"/>
						<line number="2399" hits="0"/>
						<line number="2400" hits="0" branch="true" condition-coverage="0% (0/2)" missing-branches="2401,2402"/>
						<line number="2401" hits="0"/>
						<line number="2402" hits="0" branch="true" condition-coverage="0% (0/2)" missing-branches="2404,2405"/>
						<line number="2404" hits="0"/>
						<line number="2405" hits="0" branch="true" condition-coverage="0% (0/2)" missing-branches="2406,2407"/>
						<line number="2406" hits="0"/>
						<line number="2407" hits="0"/>
						<line number="2409" hits="1"/>
						<line number="2410" hits="1"/>
						<line number="2411" hits="0"/>
						<line number="2413" hits="1"/>
						<line number="2414" hits="1"/>
						<line number="2415" hits="0" branch="true" condition-coverage="0% (0/2)" missing-branches="2416,2417"/>
						<line number="2416" hits="0"/>
						<line number="2417" hits="0" branch="true" condition-coverage="0% (0/2)" missing-branches="2418,2420"/>
						<line number="2418" hits="0"/>
						<line number="2419" hits="0"/>
						<line number="2420" hits="0"/>
						<line number="2422" hits="1"/>
						<line number="2423" hits="0"/>
						<line number="2425" hits="1"/>
						<line number="2426" hits="0"/>
						<line number="2428" hits="0" branch="true" condition-coverage="0% (0/2)" missing-branches="2429,2431"/>
						<line number="2429" hits="0" branch="true" condition-coverage="0% (0/2)" missing-branches="2430,2436"/>
						<line number="2430" hits="0"/>
						<line number="2431" hits="0" branch="true" condition-coverage="0% (0/2)" missing-branches="2432,2435"/>
						<line number="2432" hits="0" branch="true" condition-coverage="0% (0/2)" missing-branches="2433,2436"/>
						<line number="2433" hits="0"/>
						<line number="2435" hits="0"/>
						<line number="2436" hits="0"/>
						<line number="2438" hits="0"/>
						<line number="2439" hits="0"/>
						<line number="2441" hits="0" branch="true" condition-coverage="0% (0/2)" missing-branches="2443,2446"/>
						<line number="2443" hits="0"/>
						<line number="2444" hits="0"/>
						<line number="2445" hits="0"/>
						<line number="2446" hits="0" branch="true" condition-coverage="0% (0/2)" missing-branches="2448,2451"/>
						<line number="2448" hits="0"/>
						<line number="2449" hits="0"/>
						<line number="2451" hits="0"/>
						<line number="2455" hits="0" branch="true" condition-coverage="0% (0/2)" missing-branches="2456,2459"/>
						<line number="2456" hits="0"/>
						<line number="2457" hits="0"/>
						<line number="2459" hits="0"/>
						<line number="2461" hits="0" branch="true" condition-coverage="0% (0/2)" missing-branches="2462,2464"/>
						<line number="2462" hits="0" branch="true" condition-coverage="0% (0/2)" missing-branches="2463,2479"/>
						<line number="2463" hits="0"/>
						<line number="2464" hits="0" branch="true" condition-coverage="0% (0/2)" missing-branches="2465,2467"/>
						<line number="2465" hits="0" branch="true" condition-coverage="0% (0/2)" missing-branches="2466,2479"/>
						<line number="2466" hits="0"/>
						<line number="2467" hits="0" branch="true" condition-coverage="0% (0/2)" missing-branches="2468,2470"/>
						<line number="2468" hits="0" branch="true" condition-coverage="0% (0/2)" missing-branches="2469,2479"/>
						<line number="2469" hits="0"/>
						<line number="2470" hits="0" branch="true" condition-coverage="0% (0/2)" missing-branches="2471,2473"/>
						<line number="2471" hits="0" branch="true" condition-coverage="0% (0/2)" missing-branches="2472,2479"/>
						<line number="2472" hits="0"/>
						<line number="2473" hits="0" branch="true" condition-coverage="0% (0/2)" missing-branches="2474,2477"/>
						<line number="2474" hits="0" branch="true" condition-coverage="0% (0/2)" missing-branches="2475,2479"/>
						<line number="2475" hits="0"/>
						<line number="2477" hits="0"/>
						<line number="2479" hits="0"/>
						<line number="2481" hits="1"/>
						<line number="2482" hits="0"/>
						<line number="2483" hits="0" branch="true" condition-coverage="0% (0/2)" missing-branches="2484,2485"/>
						<line number="2484" hits="0"/>
						<line number="2485" hits="0" branch="true" condition-coverage="0% (0/2)" missing-branches="2486,2487"/>
						<line number="2486" hits="0"/>
						<line number="2487" hits="0"/>
						<line number="2490" hits="1"/>
						<line number="2491" hits="1"/>
						<line number="2492" hits="1"/>
						<line number="2493" hits="1"/>
						<line number="2498" hits="1"/>
						<line number="2499" hits="1"/>
						<line number="2500" hits="1"/>
						<line number="2501" hits="1"/>
						<line number="2510" hits="1"/>
						<line number="2511" hits="1"/>
						<line number="2512" hits="1"/>
						<line number="2513" hits="1"/>
						<line number="2515" hits="1"/>
						<line number="2517" hits="0"/>
						<line number="2519" hits="1"/>
						<line number="2520" hits="1"/>
						<line number="2521" hits="0"/>
						<line number="2522" hits="0" branch="true" condition-coverage="0% (0/2)" missing-branches="2523,2524"/>
						<line number="2523" hits="0"/>
						<line number="2524" hits="0"/>
						<line number="2526" hits="1"/>
						<line number="2527" hits="1"/>
						<line number="2528" hits="0" branch="true" condition-coverage="0% (0/2)" missing-branches="2529,2530"/>
						<line number="2529" hits="0"/>
						<line number="2530" hits="0"/>
						<line number="2532" hits="1"/>
						<line number="2533" hits="1"/>
						<line number="2534" hits="0"/>
						<line number="2536" hits="1"/>
						<line number="2537" hits="1"/>
						<line number="2539" hits="0"/>
						<line number="2541" hits="1"/>
						<line number="2542" hits="1"/>
						<line number="2543" hits="0"/>
						<line number="2545" hits="1"/>
						<line number="2546" hits="0"/>
						<line number="2547" hits="0"/>
						<line number="2548" hits="0"/>
						<line number="2550" hits="1"/>
						<line number="2551" hits="0"/>
						<line number="2552" hits="0"/>
						<line number="2553" hits="0"/>
						<line number="2554" hits="0" branch="true" condition-coverage="0% (0/2)" missing-branches="2555,2556"/>
						<line number="2555" hits="0"/>
						<line number="2556" hits="0" branch="true" condition-coverage="0% (0/2)" missing-branches="2557,2558"/>
						<line number="2557" hits="0"/>
						<line number="2558" hits="0" branch="true" condition-coverage="0% (0/2)" missing-branches="2559,2560"/>
						<line number="2559" hits="0"/>
						<line number="2560" hits="0"/>
						<line number="2562" hits="1"/>
						<line number="2564" hits="0" branch="true" condition-coverage="0% (0/2)" missing-branches="2565,2567"/>
						<line number="2565" hits="0"/>
						<line number="2566" hits="0"/>
						<line number="2567" hits="0"/>
						<line number="2569" hits="1"/>
						<line number="2570" hits="0"/>
						<line number="2571" hits="0"/>
						<line number="2573" hits="1"/>
						<line number="2574" hits="0"/>
						<line number="2576" hits="0" branch="true" condition-coverage="0% (0/2)" missing-branches="exit,2577"/>
						<line number="2577" hits="0"/>
						<line number="2578" hits="0"/>
						<line number="2580" hits="0" branch="true" condition-coverage="0% (0/2)" missing-branches="2581,2604"/>
						<line number="2581" hits="0" branch="true" condition-coverage="0% (0/2)" missing-branches="2582,2604"/>
						<line number="2582" hits="0" branch="true" condition-coverage="0% (0/2)" missing-branches="2583,2584"/>
						<line number="2583" hits="0"/>
						<line number="2584" hits="0" branch="true" condition-coverage="0% (0/2)" missing-branches="2585,2587"/>
						<line number="2585" hits="0"/>
						<line number="2587" hits="0" branch="true" condition-coverage="0% (0/2)" missing-branches="2588,2590"/>
						<line number="2588" hits="0"/>
						<line number="2590" hits="0" branch="true" condition-coverage="0% (0/2)" missing-branches="2591,2592"/>
						<line number="2591" hits="0"/>
						<line number="2592" hits="0" branch="true" condition-coverage="0% (0/2)" missing-branches="2593,2604"/>
						<line number="2593" hits="0" branch="true" condition-coverage="0% (0/2)" missing-branches="2594,2604"/>
						<line number="2594" hits="0" branch="true" condition-coverage="0% (0/2)" missing-branches="2595,2596"/>
						<line number="2595" hits="0"/>
						<line number="2596" hits="0" branch="true" condition-coverage="0% (0/2)" missing-branches="2597,2598"/>
						<line number="2597" hits="0"/>
						<line number="2598" hits="0" branch="true" condition-coverage="0% (0/2)" missing-branches="2599,2600"/>
						<line number="2599" hits="0"/>
						<line number="2600" hits="0" branch="true" condition-coverage="0% (0/2)" missing-branches="2601,2602"/>
						<line number="2601" hits="0"/>
						<line number="2602" hits="0" branch="true" condition-coverage="0% (0/2)" missing-branches="2603,2604"/>
						<line number="2603" hits="0"/>
						<line number="2604" hits="0"/>
						<line number="2606" hits="1"/>
						<line number="2607" hits="0"/>
						<line number="2608" hits="0" branch="true" condition-coverage="0% (0/2)" missing-branches="2610,2617"/>
						<line number="2610" hits="0" branch="true" condition-coverage="0% (0/2)" missing-branches="2611,2613"/>
						<line number="2611" hits="0"/>
						<line number="2612" hits="0"/>
						<line number="2613" hits="0" branch="true" condition-coverage="0% (0/2)" missing-branches="2614,2616"/>
						<line number="2614" hits="0"/>
						<line number="2616" hits="0"/>
						<line number="2617" hits="0" branch="true" condition-coverage="0% (0/2)" missing-branches="2618,2619"/>
						<line number="2618" hits="0"/>
						<line number="2619" hits="0"/>
						<line number="2621" hits="1"/>
						<line number="2622" hits="1"/>
						<line number="2623" hits="0"/>
						<line number="2624" hits="0"/>
						<line number="2636" hits="0"/>
						<line number="2639" hits="1"/>
						<line number="2640" hits="1"/>
						<line number="2641" hits="1"/>
						<line number="2642" hits="1"/>
						<line number="2644" hits="1"/>
						<line number="2650" hits="1"/>
						<line number="2651" hits="1"/>
						<line number="2652" hits="1"/>
						<line number="2663" hits="1"/>
						<line number="2664" hits="1"/>
						<line number="2665" hits="1"/>
						<line number="2667" hits="1"/>
						<line number="2668" hits="0"/>
						<line number="2669" hits="0"/>
						<line number="2670" hits="0"/>
						<line number="2672" hits="1"/>
						<line number="2674" hits="0"/>
						<line number="2675" hits="0" branch="true" condition-coverage="0% (0/2)" missing-branches="2676,2677"/>
						<line number="2676" hits="0"/>
						<line number="2677" hits="0"/>
						<line number="2679" hits="1"/>
						<line number="2681" hits="0"/>
						<line number="2683" hits="1"/>
						<line number="2685" hits="0"/>
						<line number="2687" hits="1"/>
						<line number="2688" hits="1"/>
						<line number="2690" hits="0" branch="true" condition-coverage="0% (0/2)" missing-branches="2691,2692"/>
						<line number="2691" hits="0"/>
						<line number="2692" hits="0" branch="true" condition-coverage="0% (0/2)" missing-branches="2693,2694"/>
						<line number="2693" hits="0"/>
						<line number="2694" hits="0" branch="true" condition-coverage="0% (0/2)" missing-branches="2695,2696"/>
						<line number="2695" hits="0"/>
						<line number="2696" hits="0"/>
						<line number="2698" hits="1"/>
						<line number="2699" hits="1"/>
						<line number="2700" hits="0"/>
						<line number="2701" hits="0"/>
						<line number="2720" hits="0"/>
						<line number="2722" hits="1"/>
						<line number="2725" hits="0"/>
[...]
						<line number="10368" hits="1" branch="true" condition-coverage="50% (1/2)" missing-branches="10371"/>
						<line number="10371" hits="0"/>
						<line number="10374" hits="1"/>
						<line number="10376" hits="1"/>
						<line number="10377" hits="1"/>
						<line number="10379" hits="1"/>
						<line number="10380" hits="1"/>
						<line number="10382" hits="1"/>
						<line number="10384" hits="1"/>
						<line number="10385" hits="1" branch="true" condition-coverage="100% (2/2)"/>
						<line number="10386" hits="1"/>
						<line number="10389" hits="1"/>
						<line number="10391" hits="1"/>
						<line number="10392" hits="1"/>
						<line number="10394" hits="1"/>
						<line number="10395" hits="1"/>
						<line number="10396" hits="1"/>
						<line number="10397" hits="1"/>
						<line number="10398" hits="1"/>
						<line number="10399" hits="1" branch="true" condition-coverage="100% (2/2)"/>
						<line number="10400" hits="1" branch="true" condition-coverage="100% (2/2)"/>
						<line number="10401" hits="1" branch="true" condition-coverage="50% (1/2)" missing-branches="10402"/>
						<line number="10402" hits="0"/>
						<line number="10403" hits="1" branch="true" condition-coverage="50% (1/2)" missing-branches="10406"/>
						<line number="10404" hits="1"/>
						<line number="10406" hits="0"/>
						<line number="10407" hits="1" branch="true" condition-coverage="50% (1/2)" missing-branches="10408"/>
						<line number="10408" hits="0"/>
						<line number="10409" hits="1"/>
						<line number="10410" hits="1"/>
						<line number="10412" hits="1"/>
						<line number="10413" hits="0"/>
						<line number="10417" hits="1"/>
						<line number="10422" hits="1"/>
						<line number="10423" hits="1"/>
						<line number="10424" hits="1"/>
						<line number="10425" hits="1"/>
						<line number="10427" hits="1"/>
						<line number="10429" hits="1" branch="true" condition-coverage="100% (2/2)"/>
						<line number="10431" hits="1"/>
						<line number="10432" hits="1" branch="true" condition-coverage="50% (1/2)" missing-branches="exit"/>
						<line number="10433" hits="1"/>
						<line number="10436" hits="1" branch="true" condition-coverage="50% (1/2)" missing-branches="exit"/>
						<line number="10437" hits="1" branch="true" condition-coverage="50% (1/2)" missing-branches="exit"/>
						<line number="10438" hits="1" branch="true" condition-coverage="50% (1/2)" missing-branches="exit"/>
						<line number="10439" hits="1"/>
						<line number="10440" hits="1"/>
						<line number="10441" hits="1"/>
						<line number="10442" hits="1"/>
						<line number="10444" hits="1"/>
						<line number="10445" hits="0"/>
						<line number="10446" hits="0"/>
						<line number="10448" hits="1"/>
						<line number="10449" hits="1"/>
						<line number="10451" hits="1"/>
						<line number="10452" hits="1"/>
						<line number="10453" hits="1"/>
						<line number="10455" hits="1"/>
						<line number="10456" hits="1"/>
						<line number="10457" hits="1"/>
						<line number="10459" hits="1"/>
						<line number="10460" hits="1" branch="true" condition-coverage="50% (1/2)" missing-branches="10461"/>
						<line number="10461" hits="0"/>
						<line number="10462" hits="1"/>
						<line number="10463" hits="1" branch="true" condition-coverage="100% (2/2)"/>
						<line number="10464" hits="1" branch="true" condition-coverage="100% (2/2)"/>
						<line number="10465" hits="1"/>
						<line number="10466" hits="1"/>
						<line number="10469" hits="1"/>
						<line number="10471" hits="1"/>
						<line number="10472" hits="1"/>
						<line number="10473" hits="1"/>
						<line number="10474" hits="1"/>
						<line number="10475" hits="1"/>
						<line number="10476" hits="1"/>
						<line number="10477" hits="1"/>
						<line number="10478" hits="1"/>
						<line number="10479" hits="1"/>
						<line number="10480" hits="1"/>
						<line number="10481" hits="1"/>
						<line number="10482" hits="1"/>
						<line number="10483" hits="1"/>
						<line number="10484" hits="1"/>
						<line number="10485" hits="1" branch="true" condition-coverage="100% (2/2)"/>
						<line number="10486" hits="1"/>
						<line number="10487" hits="1"/>
						<line number="10489" hits="1"/>
						<line number="10490" hits="1"/>
						<line number="10491" hits="1"/>
						<line number="10492" hits="1"/>
						<line number="10493" hits="1"/>
						<line number="10494" hits="1"/>
						<line number="10495" hits="1"/>
						<line number="10496" hits="1"/>
						<line number="10497" hits="1"/>
						<line number="10498" hits="1"/>
						<line number="10500" hits="1"/>
						<line number="10501" hits="0"/>
						<line number="10503" hits="1"/>
						<line number="10504" hits="1"/>
						<line number="10505" hits="1" branch="true" condition-coverage="100% (2/2)"/>
						<line number="10506" hits="1"/>
						<line number="10507" hits="1" branch="true" condition-coverage="50% (1/2)" missing-branches="10508"/>
						<line number="10508" hits="0"/>
						<line number="10509" hits="1" branch="true" condition-coverage="100% (2/2)"/>
						<line number="10510" hits="1"/>
						<line number="10511" hits="1"/>
						<line number="10512" hits="1" branch="true" condition-coverage="50% (1/2)" missing-branches="10513"/>
						<line number="10513" hits="0"/>
						<line number="10514" hits="0"/>
						<line number="10515" hits="1" branch="true" condition-coverage="100% (2/2)"/>
						<line number="10516" hits="1"/>
						<line number="10517" hits="1"/>
						<line number="10518" hits="1" branch="true" condition-coverage="50% (1/2)" missing-branches="10519"/>
						<line number="10519" hits="0"/>
						<line number="10520" hits="1"/>
						<line number="10521" hits="1"/>
						<line number="10522" hits="1"/>
						<line number="10523" hits="1"/>
						<line number="10524" hits="1"/>
						<line number="10526" hits="1"/>
						<line number="10527" hits="1"/>
						<line number="10529" hits="1" branch="true" condition-coverage="100% (2/2)"/>
						<line number="10530" hits="1"/>
						<line number="10531" hits="1"/>
						<line number="10533" hits="1"/>
						<line number="10534" hits="1"/>
						<line number="10536" hits="1" branch="true" condition-coverage="100% (2/2)"/>
						<line number="10537" hits="1"/>
						<line number="10538" hits="1" branch="true" condition-coverage="100% (2/2)"/>
						<line number="10539" hits="1"/>
						<line number="10540" hits="1"/>
						<line number="10541" hits="1"/>
						<line number="10543" hits="1"/>
						<line number="10544" hits="1"/>
						<line number="10546" hits="1" branch="true" condition-coverage="100% (2/2)"/>
						<line number="10547" hits="1"/>
						<line number="10548" hits="1"/>
						<line number="10549" hits="1" branch="true" condition-coverage="100% (2/2)"/>
						<line number="10550" hits="1"/>
						<line number="10551" hits="1"/>
						<line number="10553" hits="1"/>
						<line number="10554" hits="1"/>
						<line number="10555" hits="1" branch="true" condition-coverage="100% (2/2)"/>
						<line number="10556" hits="1"/>
						<line number="10557" hits="1"/>
						<line number="10559" hits="1"/>
						<line number="10560" hits="1"/>
						<line number="10562" hits="1"/>
						<line number="10563" hits="1" branch="true" condition-coverage="100% (2/2)"/>
						<line number="10564" hits="1"/>
						<line number="10565" hits="1"/>
						<line number="10566" hits="1"/>
						<line number="10568" hits="1"/>
						<line number="10569" hits="1"/>
						<line number="10573" hits="1"/>
						<line number="10574" hits="1"/>
						<line number="10575" hits="1"/>
						<line number="10576" hits="1"/>
						<line number="10579" hits="1"/>
						<line number="10580" hits="1"/>
						<line number="10582" hits="1"/>
						<line number="10583" hits="1"/>
						<line number="10586" hits="1"/>
						<line number="10587" hits="1" branch="true" condition-coverage="100% (2/2)"/>
						<line number="10588" hits="1"/>
						<line number="10589" hits="1"/>
						<line number="10590" hits="1"/>
						<line number="10591" hits="1"/>
						<line number="10592" hits="1"/>
						<line number="10595" hits="1"/>
						<line number="10596" hits="1"/>
						<line number="10598" hits="1" branch="true" condition-coverage="100% (2/2)"/>
						<line number="10599" hits="1"/>
						<line number="10600" hits="1" branch="true" condition-coverage="100% (2/2)"/>
						<line number="10601" hits="1" branch="true" condition-coverage="100% (2/2)"/>
						<line number="10602" hits="1"/>
						<line number="10604" hits="1"/>
						<line number="10605" hits="1"/>
						<line number="10607" hits="1"/>
						<line number="10608" hits="1"/>
						<line number="10610" hits="1" branch="true" condition-coverage="100% (2/2)"/>
						<line number="10611" hits="1"/>
						<line number="10612" hits="1" branch="true" condition-coverage="100% (2/2)"/>
						<line number="10613" hits="1"/>
						<line number="10614" hits="1"/>
						<line number="10616" hits="1"/>
						<line number="10619" hits="1"/>
						<line number="10620" hits="1"/>
						<line number="10621" hits="1"/>
						<line number="10622" hits="1"/>
						<line number="10623" hits="1"/>
						<line number="10624" hits="1"/>
						<line number="10625" hits="1"/>
						<line number="10626" hits="1"/>
						<line number="10627" hits="1" branch="true" condition-coverage="50% (1/2)" missing-branches="10628"/>
						<line number="10628" hits="0"/>
						<line number="10629" hits="1" branch="true" condition-coverage="50% (1/2)" missing-branches="10630"/>
						<line number="10630" hits="0"/>
						<line number="10631" hits="1"/>
						<line number="10633" hits="1"/>
						<line number="10634" hits="1"/>
						<line number="10635" hits="1"/>
						<line number="10636" hits="1"/>
						<line number="10637" hits="1"/>
						<line number="10638" hits="0"/>
						<line number="10639" hits="0"/>
						<line number="10640" hits="1"/>
						<line number="10642" hits="1"/>
						<line number="10643" hits="1"/>
						<line number="10645" hits="1"/>
						<line number="10646" hits="1"/>
						<line number="10648" hits="1"/>
						<line number="10649" hits="1"/>
						<line number="10650" hits="1"/>
						<line number="10652" hits="1"/>
						<line number="10653" hits="1"/>
						<line number="10654" hits="1"/>
						<line number="10656" hits="1"/>
						<line number="10657" hits="1"/>
						<line number="10659" hits="1" branch="true" condition-coverage="100% (2/2)"/>
						<line number="10660" hits="1"/>
						<line number="10661" hits="1" branch="true" condition-coverage="50% (1/2)" missing-branches="10662"/>
						<line number="10662" hits="0"/>
						<line number="10663" hits="1"/>
						<line number="10664" hits="1"/>
						<line number="10665" hits="1"/>
						<line number="10667" hits="1"/>
						<line number="10668" hits="1"/>
						<line number="10670" hits="1"/>
						<line number="10672" hits="1"/>
						<line number="10673" hits="1"/>
						<line number="10674" hits="1" branch="true" condition-coverage="100% (2/2)"/>
						<line number="10675" hits="1"/>
						<line number="10676" hits="1"/>
						<line number="10678" hits="1"/>
						<line number="10681" hits="1" branch="true" condition-coverage="100% (2/2)"/>
						<line number="10682" hits="1"/>
						<line number="10683" hits="1"/>
						<line number="10684" hits="1" branch="true" condition-coverage="50% (1/2)" missing-branches="10685"/>
						<line number="10685" hits="0"/>
						<line number="10686" hits="1"/>
						<line number="10687" hits="1"/>
						<line number="10688" hits="1"/>
						<line number="10689" hits="1"/>
						<line number="10691" hits="1"/>
						<line number="10694" hits="1"/>
						<line number="10695" hits="1"/>
						<line number="10696" hits="1"/>
						<line number="10699" hits="1"/>
						<line number="10700" hits="1"/>
						<line number="10701" hits="1"/>
						<line number="10702" hits="1"/>
						<line number="10703" hits="1"/>
						<line number="10704" hits="1"/>
						<line number="10705" hits="1"/>
						<line number="10706" hits="1" branch="true" condition-coverage="50% (1/2)" missing-branches="10707"/>
						<line number="10707" hits="0"/>
						<line number="10708" hits="1"/>
						<line number="10709" hits="0"/>
						<line number="10710" hits="0"/>
						<line number="10713" hits="0"/>
						<line number="10715" hits="1"/>
						<line number="10717" hits="1" branch="true" condition-coverage="100% (2/2)"/>
						<line number="10718" hits="1"/>
						<line number="10719" hits="1"/>
						<line number="10721" hits="1"/>
						<line number="10722" hits="1"/>
						<line number="10725" hits="1"/>
						<line number="10726" hits="1"/>
						<line number="10727" hits="1"/>
						<line number="10728" hits="1"/>
						<line number="10730" hits="1"/>
						<line number="10732" hits="1"/>
						<line number="10733" hits="1"/>
						<line number="10734" hits="1"/>
						<line number="10735" hits="1"/>
						<line number="10736" hits="1"/>
						<line number="10737" hits="1"/>
						<line number="10740" hits="1"/>
						<line number="10741" hits="1"/>
						<line number="10744" hits="1"/>
						<line number="10745" hits="1" branch="true" condition-coverage="50% (1/2)" missing-branches="10750"/>
						<line number="10746" hits="1"/>
						<line number="10747" hits="1"/>
						<line number="10750" hits="1"/>
						<line number="10751" hits="1" branch="true" condition-coverage="50% (1/2)" missing-branches="10756"/>
						<line number="10752" hits="1"/>
						<line number="10753" hits="1"/>
						<line number="10756" hits="1"/>
						<line number="10757" hits="1" branch="true" condition-coverage="50% (1/2)" missing-branches="10762"/>
						<line number="10758" hits="1"/>
						<line number="10759" hits="1"/>
						<line number="10760" hits="1"/>
						<line number="10761" hits="1"/>
						<line number="10762" hits="1"/>
						<line number="10764" hits="1"/>
						<line number="10766" hits="1"/>
						<line number="10767" hits="1" branch="true" condition-coverage="50% (1/2)" missing-branches="10768"/>
						<line number="10768" hits="0"/>
						<line number="10769" hits="0"/>
						<line number="10772" hits="1" branch="true" condition-coverage="100% (2/2)"/>
						<line number="10773" hits="1"/>
						<line number="10774" hits="1" branch="true" condition-coverage="50% (1/2)" missing-branches="10775"/>
						<line number="10775" hits="0"/>
						<line number="10776" hits="0"/>
						<line number="10779" hits="1"/>
						<line number="10780" hits="1" branch="true" condition-coverage="50% (1/2)" missing-branches="10781"/>
						<line number="10781" hits="0"/>
						<line number="10782" hits="0"/>
						<line number="10783" hits="0"/>
						<line number="10784" hits="0"/>
						<line number="10785" hits="1"/>
						<line number="10787" hits="1"/>
						<line number="10788" hits="1"/>
						<line number="10789" hits="1" branch="true" condition-coverage="50% (1/2)" missing-branches="10790"/>
						<line number="10790" hits="0"/>
						<line number="10791" hits="1" branch="true" condition-coverage="100% (2/2)"/>
						<line number="10792" hits="1"/>
						<line number="10793" hits="1"/>
						<line number="10794" hits="1" branch="true" condition-coverage="100% (2/2)"/>
						<line number="10795" hits="1"/>
						<line number="10796" hits="1" branch="true" condition-coverage="50% (1/2)" missing-branches="10797"/>
						<line number="10797" hits="0"/>
						<line number="10798" hits="1"/>
						<line number="10801" hits="1"/>
						<line number="10803" hits="1"/>
						<line number="10804" hits="1"/>
						<line number="10805" hits="1"/>
						<line number="10806" hits="1"/>
						<line number="10807" hits="1"/>
						<line number="10808" hits="1"/>
						<line number="10809" hits="1"/>
						<line number="10810" hits="1"/>
						<line number="10813" hits="1"/>
						<line number="10815" hits="1"/>
						<line number="10816" hits="1"/>
						<line number="10817" hits="1"/>
						<line number="10819" hits="1"/>
						<line number="10820" hits="0"/>
						<line number="10822" hits="1"/>
						<line number="10823" hits="1"/>
						<line number="10824" hits="1" branch="true" condition-coverage="50% (1/2)" missing-branches="10825"/>
						<line number="10825" hits="0"/>
						<line number="10826" hits="1" branch="true" condition-coverage="100% (2/2)"/>
						<line number="10827" hits="1"/>
						<line number="10828" hits="1"/>
						<line number="10831" hits="1"/>
						<line number="10834" hits="1"/>
						<line number="10835" hits="1"/>
						<line number="10836" hits="1"/>
						<line number="10837" hits="1"/>
						<line number="10838" hits="1"/>
						<line number="10839" hits="1"/>
						<line number="10840" hits="1"/>
						<line number="10841" hits="1"/>
						<line number="10842" hits="1"/>
						<line number="10844" hits="1"/>
						<line number="10845" hits="1"/>
						<line number="10846" hits="1"/>
						<line number="10847" hits="1"/>
						<line number="10848" hits="1"/>
						<line number="10849" hits="1"/>
						<line number="10850" hits="1"/>
						<line number="10852" hits="1"/>
						<line number="10853" hits="0"/>
						<line number="10855" hits="1"/>
						<line number="10857" hits="1"/>
						<line number="10858" hits="1"/>
						<line number="10859" hits="1"/>
						<line number="10860" hits="1"/>
						<line number="10862" hits="1"/>
						<line number="10864" hits="1"/>
						<line number="10865" hits="1"/>
						<line number="10866" hits="1"/>
						<line number="10867" hits="1"/>
						<line number="10868" hits="1"/>
						<line number="10869" hits="1"/>
						<line number="10870" hits="1"/>
						<line number="10872" hits="1"/>
						<line number="10875" hits="1" branch="true" condition-coverage="100% (2/2)"/>
						<line number="10876" hits="1"/>
						<line number="10877" hits="1"/>
						<line number="10880" hits="1" branch="true" condition-coverage="50% (1/2)" missing-branches="exit"/>
						<line number="10881" hits="1" branch="true" condition-coverage="50% (1/2)" missing-branches="10882"/>
						<line number="10882" hits="0"/>
						<line number="10883" hits="0"/>
						<line number="10884" hits="0"/>
						<line number="10886" hits="1" branch="true" condition-coverage="50% (1/2)" missing-branches="10887"/>
						<line number="10887" hits="0"/>
						<line number="10890" hits="0"/>
						<line number="10892" hits="1"/>
						<line number="10893" hits="1"/>
						<line number="10894" hits="0"/>
						<line number="10895" hits="0"/>
						<line number="10896" hits="0"/>
						<line number="10898" hits="0"/>
						<line number="10899" hits="1"/>
						<line number="10900" hits="1"/>
						<line number="10906" hits="1"/>
						<line number="10907" hits="1"/>
						<line number="10908" hits="1" branch="true" condition-coverage="50% (1/2)" missing-branches="10909"/>
						<line number="10909" hits="0"/>
						<line number="10911" hits="0"/>
						<line number="10914" hits="1"/>
						<line number="10926" hits="1" branch="true" condition-coverage="100% (2/2)"/>
						<line number="10927" hits="1"/>
						<line number="10928" hits="1"/>
						<line number="10929" hits="0"/>
						<line number="10930" hits="0"/>
						<line number="10933" hits="1"/>
						<line number="10934" hits="1"/>
						<line number="10935" hits="1"/>
						<line number="10938" hits="1"/>
						<line number="10941" hits="1"/>
						<line number="10944" hits="1"/>
						<line number="10945" hits="1"/>
						<line number="10946" hits="1"/>
						<line number="10947" hits="1"/>
						<line number="10948" hits="1"/>
						<line number="10949" hits="1"/>
						<line number="10951" hits="1" branch="true" condition-coverage="50% (1/2)" missing-branches="10955"/>
						<line number="10953" hits="1"/>
						<line number="10955" hits="1"/>
						<line number="10958" hits="1"/>
						<line number="10959" hits="1"/>
						<line number="10960" hits="1"/>
					</lines>
				</class>
			</classes>
		</package>
	</packages>
</coverage>
